
          -------------------------------------------------------
          Amber 22 SANDER                              2022
          -------------------------------------------------------

| Run on 11/16/2022 at 18:41:23

|   Executable path: sander
| Working directory: /lus/grand/projects/wereszczynski/melanie/virus_widom/testing5_wed
|          Hostname: Unknown
  [-O]verwriting output

File Assignments:
|  MDIN: prod.in                                                               
| MDOUT: virus_widom_targetedmd.prod.01.out                                    
|INPCRD: virus_widom.relax.7.rst7                                              
|  PARM: hmr_testing3.prmtop                                                   
|RESTRT: virus_widom_targetedmd.prod.01.rst7                                   
|  REFC: targeted_virus_widom.rst7                                             
| MDVEL: mdvel                                                                 
| MDFRC: mdfrc                                                                 
|  MDEN: mden                                                                  
| MDCRD: virus_widom_targetedmd.prod.01.nc                                     
|MDINFO: mdinfo                                                                
|  MTMD: mtmd                                                                  
|INPDIP: inpdip                                                                
|RSTDIP: rstdip                                                                
|INPTRA: inptraj                                                               


 Here is the input file:

NPT heating with restraints                                                    
 &cntrl                                                                        
  imin  = 0,    ntx = 5,      irest = 1,            !Don't do minimization, read coordinates and velocities from restarts file
  nstlim=1000, dt = 0.004,                       !run for 1000 steps, 4 fs timestep, 1ns
  temp0 = 300,                                      !temperature               
  ntpr = 10,  ntwr = 25,  ntwx = 25,          !frequency for outputs of energy, restarts, and trajectory
  ntf = 2,	ntc = 2,                            !SHAKE                          
  cut = 10.0,                                       !cutoff                    
  ntb = 2, ntp = 1, tautp = 1.0, taup = 1.0,        !Constant pressure         
  barostat = 1,                                     !Berendsen barostat, may change to 2 for MC
  ntt = 3,      gamma_ln = 2,                       !Langevin dynamics         
  iwrap = 1,    ioutfm = 1,                         !wrap coordinates and output binary trajectory
  itgtmd = 1, 					    ! Targeted MD                                           
  tgtrmsd = 0, 					    ! Value of target RMSD                                 
  tgtfitmask = ':1-294 & !@H=', 			    ! Atoms used for rms superposition calculation between structure and reference structure
  tgtrmsmask = ':1-294 & !@H=',			    ! Atoms used for rms diff calculation    
  tgtmdfrc = 1.0, 				    ! Force constant	                                    
/                                                                              

--------------------------------------------------------------------------------
   1.  RESOURCE   USE: 
--------------------------------------------------------------------------------

| Flags:                                                                        
 getting box info from netcdf restart file
| NetCDF restart box info found
|Largest sphere to fit in unit cell has radius =    51.692
| New format PARM file being parsed.
| Version =    1.000 Date = 11/11/22 Time = 13:01:16
 NATOM  =  237495 NTYPES =      21 NBONH =  171107 MBONA  =   66651
 NTHETH =   76087 MTHETA =   18567 NPHIH =   43876 MPHIA  =   46062
 NHPARM =       0 NPARM  =       0 NNB   =  497298 NRES   =   55453
 NBONA  =   66651 NTHETA =   18567 NPHIA =   46062 NUMBND =     108
 NUMANG =     251 NPTRA  =     228 NATYP =      49 NPHB   =       0
 IFBOX  =       1 NMXRS  =      33 IFCAP =       0 NEXTRA =   53823
 NCOPY  =       0

| CMAP information read from topology file: 

|     Memory Use     Allocated
|     Real            17586495
|     Hollerith         767940
|     Integer         10938043
|     Max Pairs      164156544
|     nblistReal       2849940
|     nblist Int       8656139
|       Total           880435 kbytes

| Note: 1-4 EEL scale factors are being read from the topology file.

| Note: 1-4 VDW scale factors are being read from the topology file.
| Duplicated    0 dihedrals
| Duplicated    0 dihedrals
|CMAP: Reticulating splines.

     BOX TYPE: RECTILINEAR

--------------------------------------------------------------------------------
   2.  CONTROL  DATA  FOR  THE  RUN
--------------------------------------------------------------------------------

default_name                                                                    

General flags:
     imin    =       0, nmropt  =       0

Nature and format of input:
     ntx     =       5, irest   =       1, ntrx    =       1

Nature and format of output:
     ntxo    =       2, ntpr    =      10, ntrx    =       1, ntwr    =      25
     iwrap   =       1, ntwx    =      25, ntwv    =       0, ntwe    =       0
     ioutfm  =       1, ntwprt  =       0, idecomp =       0, rbornstat=      0

Potential function:
     ntf     =       2, ntb     =       2, igb     =       0, nsnb    =      25
     ipol    =       0, gbsa    =       0, iesp    =       0
     dielc   =   1.00000, cut     =  10.00000, intdiel =   1.00000

Frozen or restrained atoms:
     ibelly  =       0, ntr     =       0

Molecular dynamics:
     nstlim  =      1000, nscm    =      1000, nrespa  =         1
     t       =   0.00000, dt      =   0.00400, vlimit  =  20.00000

Langevin dynamics temperature regulation:
     ig      =   71277
     temp0   = 300.00000, tempi   =   0.00000, gamma_ln=   2.00000

Pressure regulation:
     ntp     =       1
     pres0   =   1.00000, comp    =  44.60000, taup    =   1.00000

SHAKE:
     ntc     =       2, jfastw  =       0
     tol     =   0.00001

Extra-points options:
     frameon =       1, chngmask=       1

Targeted molecular dynamics:
     tgtrmsd =   0.00000, tgtmdfrc=   1.00000

Ewald parameters:
     verbose =       0, ew_type =       0, nbflag  =       1, use_pme =       1
     vdwmeth =       1, eedmeth =       1, netfrc  =       1
     Box X =  140.800   Box Y =  125.680   Box Z =  103.384
     Alpha =   90.000   Beta  =   90.000   Gamma =   90.000
     NFFT1 =  144       NFFT2 =  125       NFFT3 =  108
     Cutoff=   10.000   Tol   =0.100E-04
     Ewald Coefficient =  0.27511
     Interpolation order =    4
|  INFO: Old style inpcrd file read


    LOADING THE TARGETED MD ATOMS AS GROUPS


   5.  REFERENCE ATOM COORDINATES

  TITL
     Mask ":1-294 & !@H=" matches  6021 atoms
     Mask ":1-294 & !@H=" matches  6021 atoms
|      EXTRA_PTS, trim_bonds: num bonds BEFORE trim =171107     0
|      EXTRA_PTS, trim_bonds: num bonds AFTER  trim =171107     0
|      EXTRA_PTS, trim_bonds: num bonds BEFORE trim = 66651     0
|      EXTRA_PTS, trim_bonds: num bonds AFTER  trim = 12828     0
|      EXTRA_PTS, trim_theta: num angle BEFORE trim = 76087     0
|      EXTRA_PTS, trim_theta: num angle AFTER  trim = 76087     0
|      EXTRA_PTS, trim_theta: num angle BEFORE trim = 18567     0
|      EXTRA_PTS, trim_theta: num angle AFTER  trim = 18567     0
|      EXTRA_PTS, trim_phi:  num diheds BEFORE trim = 43876     0
|      EXTRA_PTS, trim_phi:  num diheds AFTER  trim = 43876     0
|      EXTRA_PTS, trim_phi:  num diheds BEFORE trim = 46062     0
|      EXTRA_PTS, trim_phi:  num diheds AFTER  trim = 46062     0

--------------------------------------------------------------------------------
   3.  ATOMIC COORDINATES AND VELOCITIES
--------------------------------------------------------------------------------

default_name                                                                    
 begin time read from input coords =  2000.000 ps

 Number of triangulated 3-point waters found:    53823

     Sum of charges from parm topology file =   0.00029654
     Forcing neutrality...

--------------------------------------------------------------------------------
   4.  RESULTS
--------------------------------------------------------------------------------

|  # of SOLUTE  degrees of freedom (RNDFP):  541378.
|  # of SOLVENT degrees of freedom (RNDFS):       0.
|  NDFMIN =  541378.     NUM_NOSHAKE =      0     CORRECTED RNDFP =  541378.
|  TOTAL # of degrees of freedom (RNDF) =  541378.
 ---------------------------------------------------
 APPROXIMATING switch and d/dx switch using CUBIC SPLINE INTERPOLATION
 using   5000.0 points per unit in tabled values
 TESTING RELATIVE ERROR over r ranging from 0.0 to cutoff
| CHECK switch(x): max rel err =   0.2738E-14   at   2.422500
| CHECK d/dx switch(x): max rel err =   0.8314E-11   at   2.736960
 ---------------------------------------------------
| Local SIZE OF NONBOND LIST =  111170948
| TOTAL SIZE OF NONBOND LIST =  111170948

 NSTEP =       10   TIME(PS) =    2000.040  TEMP(K) =   312.78  PRESS =  -889.3
 Etot   =   -552978.7890  EKtot   =    118066.9055  EPtot      =   -671045.6945
 BOND   =      5727.8627  ANGLE   =     12513.9687  DIHED      =     11083.1958
 1-4 NB =      5296.3563  1-4 EEL =       308.6302  VDWAALS    =     84118.1913
 EELEC  =   -913457.3058  EHBOND  =         0.0000  RESTRAINT  =    122574.8222
 EAMBER (non-restraint)  =   -793620.5167
 EKCMT  =     49584.0835  VIRIAL  =     84694.4414  VOLUME     =   1828620.4513
 CMAP   =       788.5842
                                                    Density    =         1.0535
 Ewald error estimate:   0.1386E-03
Current RMSD from reference:    6.381
Current target RMSD:            0.000
 ------------------------------------------------------------------------------


 NSTEP =       20   TIME(PS) =    2000.080  TEMP(K) =   339.55  PRESS = -1109.0
 Etot   =   -554090.0290  EKtot   =    128172.3147  EPtot      =   -682262.3437
 BOND   =      5878.2359  ANGLE   =     12512.8832  DIHED      =     11230.5560
 1-4 NB =      5452.4077  1-4 EEL =        66.5782  VDWAALS    =     86240.4933
 EELEC  =   -913967.4917  EHBOND  =         0.0000  RESTRAINT  =    109542.6095
 EAMBER (non-restraint)  =   -791804.9532
 EKCMT  =     50595.0245  VIRIAL  =     94315.2899  VOLUME     =   1825845.1689
 CMAP   =       781.3841
                                                    Density    =         1.0551
 Ewald error estimate:   0.8997E-05
Current RMSD from reference:    6.032
Current target RMSD:            0.000
 ------------------------------------------------------------------------------


 NSTEP =       30   TIME(PS) =    2000.120  TEMP(K) =   369.37  PRESS = -1332.5
 Etot   =   -557563.9499  EKtot   =    139427.1872  EPtot      =   -696991.1371
 BOND   =      5934.9355  ANGLE   =     12723.2679  DIHED      =     11298.1931
 1-4 NB =      5620.6446  1-4 EEL =       130.0123  VDWAALS    =     88280.4238
 EELEC  =   -913865.2336  EHBOND  =         0.0000  RESTRAINT  =     92113.7983
 EAMBER (non-restraint)  =   -789104.9354
 EKCMT  =     52833.6767  VIRIAL  =    105252.4314  VOLUME     =   1821921.2924
 CMAP   =       772.8210
                                                    Density    =         1.0573
 Ewald error estimate:   0.3765E-04
Current RMSD from reference:    5.532
Current target RMSD:            0.000
 ------------------------------------------------------------------------------


 NSTEP =       40   TIME(PS) =    2000.160  TEMP(K) =   396.60  PRESS =  -853.3
 Etot   =   -562617.7249  EKtot   =    149705.8773  EPtot      =   -712323.6023
 BOND   =      5905.7352  ANGLE   =     13153.1003  DIHED      =     11552.8295
 1-4 NB =      5656.2571  1-4 EEL =        17.9940  VDWAALS    =     90358.5418
 EELEC  =   -913208.3339  EHBOND  =         0.0000  RESTRAINT  =     73462.8430
 EAMBER (non-restraint)  =   -785786.4453
 EKCMT  =     56107.8979  VIRIAL  =     89605.6173  VOLUME     =   1818272.8077
 CMAP   =       777.4307
                                                    Density    =         1.0595
 Ewald error estimate:   0.1901E-04
Current RMSD from reference:    4.940
Current target RMSD:            0.000
 ------------------------------------------------------------------------------


 NSTEP =       50   TIME(PS) =    2000.200  TEMP(K) =   415.73  PRESS =  -490.8
 Etot   =   -569228.2480  EKtot   =    156928.4871  EPtot      =   -726156.7351
 BOND   =      6019.5441  ANGLE   =     13334.8417  DIHED      =     11681.3803
 1-4 NB =      5742.6059  1-4 EEL =       -60.4605  VDWAALS    =     90761.0726
 EELEC  =   -909986.0557  EHBOND  =         0.0000  RESTRAINT  =     55572.4915
 EAMBER (non-restraint)  =   -781729.2266
 EKCMT  =     59194.8735  VIRIAL  =     78437.9742  VOLUME     =   1816031.1016
 CMAP   =       777.8451
                                                    Density    =         1.0608
 Ewald error estimate:   0.3093E-05
Current RMSD from reference:    4.296
Current target RMSD:            0.000
 ------------------------------------------------------------------------------


 NSTEP =       60   TIME(PS) =    2000.240  TEMP(K) =   428.82  PRESS =  -150.4
 Etot   =   -576885.4982  EKtot   =    161869.1474  EPtot      =   -738754.6456
 BOND   =      6032.1144  ANGLE   =     13516.0334  DIHED      =     11840.0004
 1-4 NB =      5691.0203  1-4 EEL =      -143.5695  VDWAALS    =     91180.3270
 EELEC  =   -907567.6888  EHBOND  =         0.0000  RESTRAINT  =     39910.6390
 EAMBER (non-restraint)  =   -778665.2846
 EKCMT  =     62050.9826  VIRIAL  =     67943.6382  VOLUME     =   1814576.8660
 CMAP   =       786.4783
                                                    Density    =         1.0616
 Ewald error estimate:   0.3649E-05
Current RMSD from reference:    3.641
Current target RMSD:            0.000
 ------------------------------------------------------------------------------


 NSTEP =       70   TIME(PS) =    2000.280  TEMP(K) =   432.96  PRESS =    59.1
 Etot   =   -584618.1281  EKtot   =    163430.9934  EPtot      =   -748049.1215
 BOND   =      6076.0076  ANGLE   =     13854.4170  DIHED      =     12096.3721
 1-4 NB =      5769.4806  1-4 EEL =      -261.3416  VDWAALS    =     92022.7900
 EELEC  =   -905539.4447  EHBOND  =         0.0000  RESTRAINT  =     27143.4887
 EAMBER (non-restraint)  =   -775192.6102
 EKCMT  =     64244.9565  VIRIAL  =     61928.6049  VOLUME     =   1814597.3708
 CMAP   =       789.1088
                                                    Density    =         1.0616
 Ewald error estimate:   0.5145E-04
Current RMSD from reference:    3.003
Current target RMSD:            0.000
 ------------------------------------------------------------------------------


 NSTEP =       80   TIME(PS) =    2000.320  TEMP(K) =   431.20  PRESS =   676.6
 Etot   =   -592479.9049  EKtot   =    162769.5330  EPtot      =   -755249.4379
 BOND   =      5980.6692  ANGLE   =     13839.1051  DIHED      =     12204.7205
 1-4 NB =      5745.5052  1-4 EEL =      -254.7828  VDWAALS    =     91886.0254
 EELEC  =   -903001.2103  EHBOND  =         0.0000  RESTRAINT  =     17566.0597
 EAMBER (non-restraint)  =   -772815.4976
 EKCMT  =     66003.3286  VIRIAL  =     39479.8868  VOLUME     =   1815612.5265
 CMAP   =       784.4701
                                                    Density    =         1.0610
 Ewald error estimate:   0.5410E-04
Current RMSD from reference:    2.416
Current target RMSD:            0.000
 ------------------------------------------------------------------------------


 NSTEP =       90   TIME(PS) =    2000.360  TEMP(K) =   422.69  PRESS =   814.2
 Etot   =   -599987.9560  EKtot   =    159556.8706  EPtot      =   -759544.8266
 BOND   =      6046.8929  ANGLE   =     14006.5977  DIHED      =     12243.3352
 1-4 NB =      5712.2188  1-4 EEL =      -333.8281  VDWAALS    =     90978.3967
 EELEC  =   -899975.6217  EHBOND  =         0.0000  RESTRAINT  =     10967.3036
 EAMBER (non-restraint)  =   -770512.1302
 EKCMT  =     66441.0935  VIRIAL  =     34475.4564  VOLUME     =   1818293.2394
 CMAP   =       809.8782
                                                    Density    =         1.0594
 Ewald error estimate:   0.3029E-04
Current RMSD from reference:    1.909
Current target RMSD:            0.000
 ------------------------------------------------------------------------------


 NSTEP =      100   TIME(PS) =    2000.400  TEMP(K) =   411.16  PRESS =  1015.5
 Etot   =   -607161.3433  EKtot   =    155204.2848  EPtot      =   -762365.6281
 BOND   =      6208.7163  ANGLE   =     14062.6868  DIHED      =     12281.7254
 1-4 NB =      5636.1545  1-4 EEL =      -213.8276  VDWAALS    =     89453.1134
 EELEC  =   -897491.2338  EHBOND  =         0.0000  RESTRAINT  =      6883.3060
 EAMBER (non-restraint)  =   -769248.9341
 EKCMT  =     66628.4957  VIRIAL  =     26699.7740  VOLUME     =   1821131.0757
 CMAP   =       813.7309
                                                    Density    =         1.0578
 Ewald error estimate:   0.7367E-04
Current RMSD from reference:    1.512
Current target RMSD:            0.000
 ------------------------------------------------------------------------------


 NSTEP =      110   TIME(PS) =    2000.440  TEMP(K) =   396.37  PRESS =  1179.2
 Etot   =   -613388.7212  EKtot   =    149621.8312  EPtot      =   -763010.5524
 BOND   =      6022.5530  ANGLE   =     14094.4277  DIHED      =     12304.0004
 1-4 NB =      5691.1343  1-4 EEL =      -194.0521  VDWAALS    =     88371.0971
 EELEC  =   -894859.9454  EHBOND  =         0.0000  RESTRAINT  =      4735.9193
 EAMBER (non-restraint)  =   -767746.4717
 EKCMT  =     65356.3055  VIRIAL  =     18905.6578  VOLUME     =   1824408.9203
 CMAP   =       824.3133
                                                    Density    =         1.0559
 Ewald error estimate:   0.4683E-05
Current RMSD from reference:    1.254
Current target RMSD:            0.000
 ------------------------------------------------------------------------------


 NSTEP =      120   TIME(PS) =    2000.480  TEMP(K) =   382.14  PRESS =  1082.1
 Etot   =   -618785.2713  EKtot   =    144248.6355  EPtot      =   -763033.9068
 BOND   =      6170.3795  ANGLE   =     14075.8904  DIHED      =     12231.3329
 1-4 NB =      5616.0386  1-4 EEL =      -182.2316  VDWAALS    =     86712.5369
 EELEC  =   -892461.3251  EHBOND  =         0.0000  RESTRAINT  =      3976.4877
 EAMBER (non-restraint)  =   -767010.3945
 EKCMT  =     64300.5779  VIRIAL  =     21606.8581  VOLUME     =   1827341.3638
 CMAP   =       826.9840
                                                    Density    =         1.0542
 Ewald error estimate:   0.3634E-04
Current RMSD from reference:    1.149
Current target RMSD:            0.000
 ------------------------------------------------------------------------------


 NSTEP =      130   TIME(PS) =    2000.520  TEMP(K) =   370.28  PRESS =   964.3
 Etot   =   -623414.3361  EKtot   =    139770.2241  EPtot      =   -763184.5602
 BOND   =      6072.0956  ANGLE   =     14013.9590  DIHED      =     12261.8436
 1-4 NB =      5656.0898  1-4 EEL =      -201.5349  VDWAALS    =     84739.8907
 EELEC  =   -890611.1785  EHBOND  =         0.0000  RESTRAINT  =      4068.7496
 EAMBER (non-restraint)  =   -767253.3098
 EKCMT  =     62981.2094  VIRIAL  =     24859.8267  VOLUME     =   1831003.0854
 CMAP   =       815.5248
                                                    Density    =         1.0521
 Ewald error estimate:   0.2639E-04
Current RMSD from reference:    1.163
Current target RMSD:            0.000
 ------------------------------------------------------------------------------


 NSTEP =      140   TIME(PS) =    2000.560  TEMP(K) =   359.93  PRESS =   881.1
 Etot   =   -627382.4279  EKtot   =    135864.4809  EPtot      =   -763246.9088
 BOND   =      6015.1373  ANGLE   =     13800.1117  DIHED      =     12294.1272
 1-4 NB =      5585.0530  1-4 EEL =      -143.9205  VDWAALS    =     84405.6016
 EELEC  =   -890557.6673  EHBOND  =         0.0000  RESTRAINT  =      4544.3888
 EAMBER (non-restraint)  =   -767791.2976
 EKCMT  =     61631.6323  VIRIAL  =     26738.7748  VOLUME     =   1834153.1517
 CMAP   =       810.2593
                                                    Density    =         1.0503
 Ewald error estimate:   0.5959E-04
Current RMSD from reference:    1.229
Current target RMSD:            0.000
 ------------------------------------------------------------------------------


 NSTEP =      150   TIME(PS) =    2000.600  TEMP(K) =   350.11  PRESS =   690.8
 Etot   =   -630759.4827  EKtot   =    132157.1857  EPtot      =   -762916.6685
 BOND   =      6000.4434  ANGLE   =     13736.3382  DIHED      =     12275.1828
 1-4 NB =      5629.8234  1-4 EEL =      -225.4980  VDWAALS    =     83051.1720
 EELEC  =   -889245.9843  EHBOND  =         0.0000  RESTRAINT  =      5057.3307
 EAMBER (non-restraint)  =   -767973.9992
 EKCMT  =     60300.8376  VIRIAL  =     32902.0176  VOLUME     =   1836898.0950
 CMAP   =       804.5233
                                                    Density    =         1.0487
 Ewald error estimate:   0.6985E-04
Current RMSD from reference:    1.296
Current target RMSD:            0.000
 ------------------------------------------------------------------------------


 NSTEP =      160   TIME(PS) =    2000.640  TEMP(K) =   342.74  PRESS =   759.1
 Etot   =   -633636.6519  EKtot   =    129377.1460  EPtot      =   -763013.7979
 BOND   =      5904.3688  ANGLE   =     13853.1520  DIHED      =     12177.8163
 1-4 NB =      5572.0737  1-4 EEL =      -141.3887  VDWAALS    =     82214.5430
 EELEC  =   -888859.1943  EHBOND  =         0.0000  RESTRAINT  =      5456.8995
 EAMBER (non-restraint)  =   -768470.6974
 EKCMT  =     58901.4672  VIRIAL  =     28759.7477  VOLUME     =   1839070.2253
 CMAP   =       807.9319
                                                    Density    =         1.0475
 Ewald error estimate:   0.3273E-04
Current RMSD from reference:    1.346
Current target RMSD:            0.000
 ------------------------------------------------------------------------------


 NSTEP =      170   TIME(PS) =    2000.680  TEMP(K) =   337.68  PRESS =   869.2
 Etot   =   -636070.2765  EKtot   =    127467.9635  EPtot      =   -763538.2401
 BOND   =      6061.6247  ANGLE   =     13611.3576  DIHED      =     12098.4084
 1-4 NB =      5528.7209  1-4 EEL =      -204.9914  VDWAALS    =     81686.3994
 EELEC  =   -888736.9257  EHBOND  =         0.0000  RESTRAINT  =      5616.0434
 EAMBER (non-restraint)  =   -769154.2835
 EKCMT  =     57423.8755  VIRIAL  =     22864.7328  VOLUME     =   1841433.1055
 CMAP   =       801.1225
                                                    Density    =         1.0461
 Ewald error estimate:   0.4875E-04
Current RMSD from reference:    1.366
Current target RMSD:            0.000
 ------------------------------------------------------------------------------


 NSTEP =      180   TIME(PS) =    2000.720  TEMP(K) =   332.87  PRESS =   809.7
 Etot   =   -638132.7599  EKtot   =    125649.5783  EPtot      =   -763782.3382
 BOND   =      6095.3825  ANGLE   =     13605.2954  DIHED      =     12109.4572
 1-4 NB =      5542.8000  1-4 EEL =      -421.4029  VDWAALS    =     80679.3459
 EELEC  =   -887742.9184  EHBOND  =         0.0000  RESTRAINT  =      5537.2762
 EAMBER (non-restraint)  =   -769319.6144
 EKCMT  =     56529.9995  VIRIAL  =     24297.4284  VOLUME     =   1843821.3133
 CMAP   =       812.4259
                                                    Density    =         1.0448
 Ewald error estimate:   0.1115E-03
Current RMSD from reference:    1.356
Current target RMSD:            0.000
 ------------------------------------------------------------------------------


 NSTEP =      190   TIME(PS) =    2000.760  TEMP(K) =   331.19  PRESS =   315.7
 Etot   =   -640115.9821  EKtot   =    125014.4918  EPtot      =   -765130.4739
 BOND   =      5972.5893  ANGLE   =     13460.7020  DIHED      =     12086.1179
 1-4 NB =      5586.7191  1-4 EEL =      -207.5532  VDWAALS    =     79894.7055
 EELEC  =   -887984.9242  EHBOND  =         0.0000  RESTRAINT  =      5242.2502
 EAMBER (non-restraint)  =   -770372.7241
 EKCMT  =     55607.6158  VIRIAL  =     43023.8973  VOLUME     =   1845985.1789
 CMAP   =       818.9196
                                                    Density    =         1.0435
 Ewald error estimate:   0.7343E-05
Current RMSD from reference:    1.320
Current target RMSD:            0.000
 ------------------------------------------------------------------------------


 NSTEP =      200   TIME(PS) =    2000.800  TEMP(K) =   328.22  PRESS =   323.6
 Etot   =   -641835.3328  EKtot   =    123893.5607  EPtot      =   -765728.8935
 BOND   =      5981.1691  ANGLE   =     13393.8847  DIHED      =     12098.3346
 1-4 NB =      5481.2782  1-4 EEL =      -200.5218  VDWAALS    =     79524.0431
 EELEC  =   -887612.6520  EHBOND  =         0.0000  RESTRAINT  =      4768.4343
 EAMBER (non-restraint)  =   -770497.3278
 EKCMT  =     54692.6303  VIRIAL  =     41788.7270  VOLUME     =   1847058.6494
 CMAP   =       837.1363
                                                    Density    =         1.0429
 Ewald error estimate:   0.1044E-03
Current RMSD from reference:    1.259
Current target RMSD:            0.000
 ------------------------------------------------------------------------------


 NSTEP =      210   TIME(PS) =    2000.840  TEMP(K) =   327.94  PRESS =   382.7
 Etot   =   -643411.8425  EKtot   =    123788.4902  EPtot      =   -767200.3327
 BOND   =      6123.6987  ANGLE   =     13243.4869  DIHED      =     12081.2755
 1-4 NB =      5487.2194  1-4 EEL =      -218.3950  VDWAALS    =     79554.4362
 EELEC  =   -888511.0107  EHBOND  =         0.0000  RESTRAINT  =      4202.4682
 EAMBER (non-restraint)  =   -771402.8009
 EKCMT  =     54507.5854  VIRIAL  =     39236.4065  VOLUME     =   1848080.9626
 CMAP   =       836.4881
                                                    Density    =         1.0424
 Ewald error estimate:   0.1001E-03
Current RMSD from reference:    1.181
Current target RMSD:            0.000
 ------------------------------------------------------------------------------


 NSTEP =      220   TIME(PS) =    2000.880  TEMP(K) =   325.81  PRESS =   302.4
 Etot   =   -645072.1684  EKtot   =    122983.7116  EPtot      =   -768055.8800
 BOND   =      5958.9803  ANGLE   =     13314.9114  DIHED      =     12052.2278
 1-4 NB =      5518.0850  1-4 EEL =       -59.7072  VDWAALS    =     79588.3445
 EELEC  =   -888913.1561  EHBOND  =         0.0000  RESTRAINT  =      3655.7249
 EAMBER (non-restraint)  =   -771711.6049
 EKCMT  =     54055.8558  VIRIAL  =     41982.5934  VOLUME     =   1849218.6950
 CMAP   =       828.7094
                                                    Density    =         1.0417
 Ewald error estimate:   0.1289E-03
Current RMSD from reference:    1.102
Current target RMSD:            0.000
 ------------------------------------------------------------------------------


 NSTEP =      230   TIME(PS) =    2000.920  TEMP(K) =   323.93  PRESS =   317.5
 Etot   =   -646480.5849  EKtot   =    122274.9041  EPtot      =   -768755.4890
 BOND   =      5962.6164  ANGLE   =     13360.6732  DIHED      =     12073.4479
 1-4 NB =      5446.8280  1-4 EEL =       -84.2568  VDWAALS    =     79903.4873
 EELEC  =   -889395.7702  EHBOND  =         0.0000  RESTRAINT  =      3155.8229
 EAMBER (non-restraint)  =   -771911.3119
 EKCMT  =     53612.1198  VIRIAL  =     40929.9622  VOLUME     =   1850210.5657
 CMAP   =       821.6622
                                                    Density    =         1.0412
 Ewald error estimate:   0.9885E-04
Current RMSD from reference:    1.024
Current target RMSD:            0.000
 ------------------------------------------------------------------------------


 NSTEP =      240   TIME(PS) =    2000.960  TEMP(K) =   323.56  PRESS =   237.4
 Etot   =   -647995.1724  EKtot   =    122134.8466  EPtot      =   -770130.0190
 BOND   =      5967.7598  ANGLE   =     13120.0262  DIHED      =     12121.6906
 1-4 NB =      5466.1791  1-4 EEL =      -203.1685  VDWAALS    =     79046.3734
 EELEC  =   -889181.9492  EHBOND  =         0.0000  RESTRAINT  =      2711.8264
 EAMBER (non-restraint)  =   -772841.8454
 EKCMT  =     53450.3161  VIRIAL  =     43962.8147  VOLUME     =   1850909.0393
 CMAP   =       821.2432
                                                    Density    =         1.0408
 Ewald error estimate:   0.8608E-04
Current RMSD from reference:    0.949
Current target RMSD:            0.000
 ------------------------------------------------------------------------------


 NSTEP =      250   TIME(PS) =    2001.000  TEMP(K) =   321.72  PRESS =   103.1
 Etot   =   -649283.5062  EKtot   =    121443.1600  EPtot      =   -770726.6662
 BOND   =      5943.1954  ANGLE   =     13070.1956  DIHED      =     12016.6531
 1-4 NB =      5509.4239  1-4 EEL =       -70.6045  VDWAALS    =     79131.8643
 EELEC  =   -889506.5314  EHBOND  =         0.0000  RESTRAINT  =      2364.4064
 EAMBER (non-restraint)  =   -773091.0726
 EKCMT  =     53040.9320  VIRIAL  =     48919.4623  VOLUME     =   1851281.6017
 CMAP   =       814.7310
                                                    Density    =         1.0406
 Ewald error estimate:   0.5628E-04
Current RMSD from reference:    0.886
Current target RMSD:            0.000
 ------------------------------------------------------------------------------


 NSTEP =      260   TIME(PS) =    2001.040  TEMP(K) =   321.06  PRESS =    11.0
 Etot   =   -650343.3299  EKtot   =    121192.3051  EPtot      =   -771535.6350
 BOND   =      6018.3431  ANGLE   =     13285.9926  DIHED      =     11948.0280
 1-4 NB =      5458.6950  1-4 EEL =      -273.2057  VDWAALS    =     78671.8864
 EELEC  =   -889590.6652  EHBOND  =         0.0000  RESTRAINT  =      2121.5061
 EAMBER (non-restraint)  =   -773657.1411
 EKCMT  =     53128.2541  VIRIAL  =     52688.4132  VOLUME     =   1851408.4746
 CMAP   =       823.7848
                                                    Density    =         1.0405
 Ewald error estimate:   0.9730E-04
Current RMSD from reference:    0.839
Current target RMSD:            0.000
 ------------------------------------------------------------------------------


 NSTEP =      270   TIME(PS) =    2001.080  TEMP(K) =   319.47  PRESS =   213.3
 Etot   =   -651676.9818  EKtot   =    120592.6272  EPtot      =   -772269.6091
 BOND   =      5929.9763  ANGLE   =     13014.1817  DIHED      =     12004.7737
 1-4 NB =      5382.5288  1-4 EEL =       -91.0457  VDWAALS    =     79247.8001
 EELEC  =   -890532.9597  EHBOND  =         0.0000  RESTRAINT  =      1959.7695
 EAMBER (non-restraint)  =   -774229.3786
 EKCMT  =     52780.0908  VIRIAL  =     44250.1124  VOLUME     =   1851979.1592
 CMAP   =       815.3663
                                                    Density    =         1.0402
 Ewald error estimate:   0.2238E-04
Current RMSD from reference:    0.807
Current target RMSD:            0.000
 ------------------------------------------------------------------------------


 NSTEP =      280   TIME(PS) =    2001.120  TEMP(K) =   317.25  PRESS =   -78.8
 Etot   =   -652809.6193  EKtot   =    119754.5193  EPtot      =   -772564.1385
 BOND   =      5899.4073  ANGLE   =     13016.2122  DIHED      =     11975.5415
 1-4 NB =      5387.4293  1-4 EEL =       -97.3881  VDWAALS    =     79443.5451
 EELEC  =   -890874.1908  EHBOND  =         0.0000  RESTRAINT  =      1870.2122
 EAMBER (non-restraint)  =   -774434.3507
 EKCMT  =     52422.3819  VIRIAL  =     55575.3513  VOLUME     =   1852110.2232
 CMAP   =       815.0927
                                                    Density    =         1.0401
 Ewald error estimate:   0.4108E-04
Current RMSD from reference:    0.788
Current target RMSD:            0.000
 ------------------------------------------------------------------------------


 NSTEP =      290   TIME(PS) =    2001.160  TEMP(K) =   317.27  PRESS =  -144.0
 Etot   =   -653837.8741  EKtot   =    119763.4901  EPtot      =   -773601.3642
 BOND   =      5792.6287  ANGLE   =     12950.7942  DIHED      =     11913.2990
 1-4 NB =      5430.5066  1-4 EEL =       -55.5667  VDWAALS    =     78582.7770
 EELEC  =   -890845.8881  EHBOND  =         0.0000  RESTRAINT  =      1822.9978
 EAMBER (non-restraint)  =   -775424.3620
 EKCMT  =     52501.1573  VIRIAL  =     58257.8648  VOLUME     =   1852142.4375
 CMAP   =       807.0872
                                                    Density    =         1.0401
 Ewald error estimate:   0.4612E-05
Current RMSD from reference:    0.778
Current target RMSD:            0.000
 ------------------------------------------------------------------------------


 NSTEP =      300   TIME(PS) =    2001.200  TEMP(K) =   315.60  PRESS =  -240.3
 Etot   =   -654933.2939  EKtot   =    119132.9471  EPtot      =   -774066.2411
 BOND   =      5856.5045  ANGLE   =     12835.5878  DIHED      =     11816.3554
 1-4 NB =      5427.1319  1-4 EEL =       -23.9411  VDWAALS    =     79190.4224
 EELEC  =   -891789.8907  EHBOND  =         0.0000  RESTRAINT  =      1810.3293
 EAMBER (non-restraint)  =   -775876.5703
 EKCMT  =     52123.2062  VIRIAL  =     61729.2524  VOLUME     =   1851814.7249
 CMAP   =       811.2594
                                                    Density    =         1.0403
 Ewald error estimate:   0.2928E-04
Current RMSD from reference:    0.775
Current target RMSD:            0.000
 ------------------------------------------------------------------------------


 NSTEP =      310   TIME(PS) =    2001.240  TEMP(K) =   313.70  PRESS =   -67.5
 Etot   =   -655918.9096  EKtot   =    118413.4374  EPtot      =   -774332.3470
 BOND   =      5979.6030  ANGLE   =     12955.2951  DIHED      =     11872.4362
 1-4 NB =      5368.9517  1-4 EEL =      -192.6373  VDWAALS    =     79666.4191
 EELEC  =   -892595.4586  EHBOND  =         0.0000  RESTRAINT  =      1805.9223
 EAMBER (non-restraint)  =   -776138.2694
 EKCMT  =     52149.0750  VIRIAL  =     54848.8128  VOLUME     =   1851426.4361
 CMAP   =       807.1215
                                                    Density    =         1.0405
 Ewald error estimate:   0.3013E-05
Current RMSD from reference:    0.775
Current target RMSD:            0.000
 ------------------------------------------------------------------------------


 NSTEP =      320   TIME(PS) =    2001.280  TEMP(K) =   312.77  PRESS =    21.3
 Etot   =   -656889.0153  EKtot   =    118061.2969  EPtot      =   -774950.3121
 BOND   =      5916.5397  ANGLE   =     12890.6372  DIHED      =     11787.2673
 1-4 NB =      5368.0254  1-4 EEL =      -214.2718  VDWAALS    =     80227.7714
 EELEC  =   -893528.7461  EHBOND  =         0.0000  RESTRAINT  =      1795.4959
 EAMBER (non-restraint)  =   -776745.8080
 EKCMT  =     51723.7502  VIRIAL  =     50871.9449  VOLUME     =   1851410.1621
 CMAP   =       806.9688
                                                    Density    =         1.0405
 Ewald error estimate:   0.3283E-04
Current RMSD from reference:    0.772
Current target RMSD:            0.000
 ------------------------------------------------------------------------------


 NSTEP =      330   TIME(PS) =    2001.320  TEMP(K) =   313.28  PRESS =  -207.1
 Etot   =   -657500.7817  EKtot   =    118254.5781  EPtot      =   -775755.3598
 BOND   =      5930.7803  ANGLE   =     12825.2500  DIHED      =     11839.1434
 1-4 NB =      5406.8301  1-4 EEL =         1.2550  VDWAALS    =     79526.3499
 EELEC  =   -893875.0311  EHBOND  =         0.0000  RESTRAINT  =      1782.5144
 EAMBER (non-restraint)  =   -777537.8742
 EKCMT  =     52055.8481  VIRIAL  =     60333.8849  VOLUME     =   1851329.9901
 CMAP   =       807.5482
                                                    Density    =         1.0405
 Ewald error estimate:   0.6478E-04
Current RMSD from reference:    0.769
Current target RMSD:            0.000
 ------------------------------------------------------------------------------


 NSTEP =      340   TIME(PS) =    2001.360  TEMP(K) =   313.30  PRESS =   -40.6
 Etot   =   -658308.7090  EKtot   =    118261.8180  EPtot      =   -776570.5271
 BOND   =      5804.8564  ANGLE   =     12824.8292  DIHED      =     11749.6290
 1-4 NB =      5429.5696  1-4 EEL =       -74.8398  VDWAALS    =     79808.1941
 EELEC  =   -894667.2543  EHBOND  =         0.0000  RESTRAINT  =      1752.1756
 EAMBER (non-restraint)  =   -778322.7026
 EKCMT  =     51910.6528  VIRIAL  =     53531.4162  VOLUME     =   1850708.1892
 CMAP   =       802.3131
                                                    Density    =         1.0409
 Ewald error estimate:   0.1750E-05
Current RMSD from reference:    0.763
Current target RMSD:            0.000
 ------------------------------------------------------------------------------


 NSTEP =      350   TIME(PS) =    2001.400  TEMP(K) =   310.71  PRESS =    66.0
 Etot   =   -658766.9351  EKtot   =    117284.9906  EPtot      =   -776051.9257
 BOND   =      5948.8904  ANGLE   =     12771.2714  DIHED      =     11827.9269
 1-4 NB =      5362.1229  1-4 EEL =       -28.1259  VDWAALS    =     80427.9440
 EELEC  =   -894867.9697  EHBOND  =         0.0000  RESTRAINT  =      1709.5626
 EAMBER (non-restraint)  =   -777761.4884
 EKCMT  =     51597.4070  VIRIAL  =     48961.4821  VOLUME     =   1850485.9630
 CMAP   =       796.4516
                                                    Density    =         1.0410
 Ewald error estimate:   0.6460E-04
Current RMSD from reference:    0.754
Current target RMSD:            0.000
 ------------------------------------------------------------------------------


 NSTEP =      360   TIME(PS) =    2001.440  TEMP(K) =   310.75  PRESS =  -210.1
 Etot   =   -659783.3741  EKtot   =    117300.9355  EPtot      =   -777084.3096
 BOND   =      5963.3075  ANGLE   =     12741.5524  DIHED      =     11718.0738
 1-4 NB =      5353.5534  1-4 EEL =      -194.0326  VDWAALS    =     79913.1038
 EELEC  =   -895057.6871  EHBOND  =         0.0000  RESTRAINT  =      1667.8277
 EAMBER (non-restraint)  =   -778752.1374
 EKCMT  =     51441.9412  VIRIAL  =     59836.7656  VOLUME     =   1850253.1726
 CMAP   =       809.9915
                                                    Density    =         1.0411
 Ewald error estimate:   0.5085E-04
Current RMSD from reference:    0.744
Current target RMSD:            0.000
 ------------------------------------------------------------------------------


 NSTEP =      370   TIME(PS) =    2001.480  TEMP(K) =   310.34  PRESS =  -182.7
 Etot   =   -660171.8284  EKtot   =    117146.5482  EPtot      =   -777318.3765
 BOND   =      5923.0079  ANGLE   =     12668.9223  DIHED      =     11809.3928
 1-4 NB =      5362.1097  1-4 EEL =      -240.7980  VDWAALS    =     80179.4492
 EELEC  =   -895461.2492  EHBOND  =         0.0000  RESTRAINT  =      1617.8210
 EAMBER (non-restraint)  =   -778936.1975
 EKCMT  =     51336.2693  VIRIAL  =     58631.1789  VOLUME     =   1849774.9004
 CMAP   =       822.9678
                                                    Density    =         1.0414
 Ewald error estimate:   0.4279E-04
Current RMSD from reference:    0.733
Current target RMSD:            0.000
 ------------------------------------------------------------------------------


 NSTEP =      380   TIME(PS) =    2001.520  TEMP(K) =   310.22  PRESS =  -158.0
 Etot   =   -660747.6778  EKtot   =    117098.8511  EPtot      =   -777846.5289
 BOND   =      5906.1469  ANGLE   =     12632.2247  DIHED      =     11754.7331
 1-4 NB =      5430.6925  1-4 EEL =       -65.8794  VDWAALS    =     80204.6408
 EELEC  =   -896105.7328  EHBOND  =         0.0000  RESTRAINT  =      1569.3244
 EAMBER (non-restraint)  =   -779415.8533
 EKCMT  =     51194.2062  VIRIAL  =     57502.6017  VOLUME     =   1849440.6428
 CMAP   =       827.3209
                                                    Density    =         1.0416
 Ewald error estimate:   0.1062E-03
Current RMSD from reference:    0.722
Current target RMSD:            0.000
 ------------------------------------------------------------------------------


 NSTEP =      390   TIME(PS) =    2001.560  TEMP(K) =   309.62  PRESS =  -142.4
 Etot   =   -661199.4760  EKtot   =    116875.1373  EPtot      =   -778074.6133
 BOND   =      5939.0451  ANGLE   =     12816.7909  DIHED      =     11667.1043
 1-4 NB =      5357.0030  1-4 EEL =      -192.0466  VDWAALS    =     80393.8364
 EELEC  =   -896416.1594  EHBOND  =         0.0000  RESTRAINT  =      1524.6396
 EAMBER (non-restraint)  =   -779599.2529
 EKCMT  =     51116.4817  VIRIAL  =     56801.3595  VOLUME     =   1849160.6991
 CMAP   =       835.1735
                                                    Density    =         1.0418
 Ewald error estimate:   0.2601E-04
Current RMSD from reference:    0.712
Current target RMSD:            0.000
 ------------------------------------------------------------------------------


 NSTEP =      400   TIME(PS) =    2001.600  TEMP(K) =   309.63  PRESS =    -5.8
 Etot   =   -661693.0118  EKtot   =    116877.5431  EPtot      =   -778570.5549
 BOND   =      5893.4109  ANGLE   =     12650.3077  DIHED      =     11693.7377
 1-4 NB =      5367.9858  1-4 EEL =       -29.4015  VDWAALS    =     80192.4886
 EELEC  =   -896636.6626  EHBOND  =         0.0000  RESTRAINT  =      1475.8167
 EAMBER (non-restraint)  =   -780046.3717
 EKCMT  =     51026.1969  VIRIAL  =     51259.4836  VOLUME     =   1848960.6424
 CMAP   =       821.7617
                                                    Density    =         1.0419
 Ewald error estimate:   0.4720E-04
Current RMSD from reference:    0.700
Current target RMSD:            0.000
 ------------------------------------------------------------------------------


 NSTEP =      410   TIME(PS) =    2001.640  TEMP(K) =   308.81  PRESS =  -149.1
 Etot   =   -662237.4192  EKtot   =    116568.0157  EPtot      =   -778805.4349
 BOND   =      5718.8374  ANGLE   =     12736.7403  DIHED      =     11696.9344
 1-4 NB =      5393.2633  1-4 EEL =       -60.6139  VDWAALS    =     80113.3237
 EELEC  =   -896660.7800  EHBOND  =         0.0000  RESTRAINT  =      1436.4231
 EAMBER (non-restraint)  =   -780241.8580
 EKCMT  =     50743.2454  VIRIAL  =     56692.7501  VOLUME     =   1848607.3715
 CMAP   =       820.4368
                                                    Density    =         1.0421
 Ewald error estimate:   0.1214E-03
Current RMSD from reference:    0.691
Current target RMSD:            0.000
 ------------------------------------------------------------------------------


 NSTEP =      420   TIME(PS) =    2001.680  TEMP(K) =   308.41  PRESS =  -186.2
 Etot   =   -662713.3530  EKtot   =    116416.0465  EPtot      =   -779129.3995
 BOND   =      5970.0395  ANGLE   =     12676.5714  DIHED      =     11679.6229
 1-4 NB =      5354.9576  1-4 EEL =       -54.1883  VDWAALS    =     80650.0044
 EELEC  =   -897634.0556  EHBOND  =         0.0000  RESTRAINT  =      1410.7361
 EAMBER (non-restraint)  =   -780540.1356
 EKCMT  =     50909.0155  VIRIAL  =     58339.0878  VOLUME     =   1847806.9762
 CMAP   =       816.9126
                                                    Density    =         1.0425
 Ewald error estimate:   0.6368E-04
Current RMSD from reference:    0.685
Current target RMSD:            0.000
 ------------------------------------------------------------------------------


 NSTEP =      430   TIME(PS) =    2001.720  TEMP(K) =   308.13  PRESS =  -102.1
 Etot   =   -663227.0993  EKtot   =    116310.5495  EPtot      =   -779537.6489
 BOND   =      5931.1720  ANGLE   =     12580.1850  DIHED      =     11582.0890
 1-4 NB =      5382.6048  1-4 EEL =       134.6379  VDWAALS    =     80993.8831
 EELEC  =   -898334.3659  EHBOND  =         0.0000  RESTRAINT  =      1379.5014
 EAMBER (non-restraint)  =   -780917.1503
 EKCMT  =     50744.6748  VIRIAL  =     54816.2198  VOLUME     =   1847268.6817
 CMAP   =       812.6439
                                                    Density    =         1.0428
 Ewald error estimate:   0.1228E-03
Current RMSD from reference:    0.677
Current target RMSD:            0.000
 ------------------------------------------------------------------------------


 NSTEP =      440   TIME(PS) =    2001.760  TEMP(K) =   308.23  PRESS =  -154.4
 Etot   =   -663811.8089  EKtot   =    116350.2824  EPtot      =   -780162.0913
 BOND   =      5938.1802  ANGLE   =     12525.3026  DIHED      =     11622.5701
 1-4 NB =      5404.3563  1-4 EEL =      -211.2312  VDWAALS    =     81099.0880
 EELEC  =   -898723.4592  EHBOND  =         0.0000  RESTRAINT  =      1355.1671
 EAMBER (non-restraint)  =   -781517.2584
 EKCMT  =     51051.5049  VIRIAL  =     57207.2293  VOLUME     =   1846833.2903
 CMAP   =       827.9348
                                                    Density    =         1.0431
 Ewald error estimate:   0.1129E-03
Current RMSD from reference:    0.671
Current target RMSD:            0.000
 ------------------------------------------------------------------------------


 NSTEP =      450   TIME(PS) =    2001.800  TEMP(K) =   307.17  PRESS =    39.6
 Etot   =   -664213.2685  EKtot   =    115950.6943  EPtot      =   -780163.9628
 BOND   =      5750.7653  ANGLE   =     12625.0318  DIHED      =     11642.7969
 1-4 NB =      5345.5480  1-4 EEL =       -38.0248  VDWAALS    =     81501.7325
 EELEC  =   -899153.0704  EHBOND  =         0.0000  RESTRAINT  =      1341.1325
 EAMBER (non-restraint)  =   -781505.0953
 EKCMT  =     50837.2557  VIRIAL  =     49260.4953  VOLUME     =   1846331.1880
 CMAP   =       820.1254
                                                    Density    =         1.0434
 Ewald error estimate:   0.6487E-04
Current RMSD from reference:    0.667
Current target RMSD:            0.000
 ------------------------------------------------------------------------------


 NSTEP =      460   TIME(PS) =    2001.840  TEMP(K) =   307.13  PRESS =    36.4
 Etot   =   -664377.1745  EKtot   =    115935.1204  EPtot      =   -780312.2948
 BOND   =      5898.3449  ANGLE   =     12602.4749  DIHED      =     11604.9043
 1-4 NB =      5376.4882  1-4 EEL =        -2.5477  VDWAALS    =     81230.5658
 EELEC  =   -899174.7131  EHBOND  =         0.0000  RESTRAINT  =      1326.9398
 EAMBER (non-restraint)  =   -781639.2346
 EKCMT  =     50930.0586  VIRIAL  =     49480.0435  VOLUME     =   1846412.3498
 CMAP   =       825.2481
                                                    Density    =         1.0433
 Ewald error estimate:   0.7648E-05
Current RMSD from reference:    0.664
Current target RMSD:            0.000
 ------------------------------------------------------------------------------


 NSTEP =      470   TIME(PS) =    2001.880  TEMP(K) =   306.97  PRESS =   -48.0
 Etot   =   -664857.5451  EKtot   =    115872.5349  EPtot      =   -780730.0800
 BOND   =      5735.7891  ANGLE   =     12757.5222  DIHED      =     11612.5332
 1-4 NB =      5351.8405  1-4 EEL =       -98.9078  VDWAALS    =     81117.2952
 EELEC  =   -899359.8257  EHBOND  =         0.0000  RESTRAINT  =      1316.0543
 EAMBER (non-restraint)  =   -782046.1343
 EKCMT  =     50729.0703  VIRIAL  =     52644.6113  VOLUME     =   1846525.9631
 CMAP   =       837.6189
                                                    Density    =         1.0432
 Ewald error estimate:   0.4799E-04
Current RMSD from reference:    0.661
Current target RMSD:            0.000
 ------------------------------------------------------------------------------


 NSTEP =      480   TIME(PS) =    2001.920  TEMP(K) =   306.68  PRESS =    57.3
 Etot   =   -665383.2205  EKtot   =    115763.1145  EPtot      =   -781146.3350
 BOND   =      5864.2860  ANGLE   =     12470.4041  DIHED      =     11633.9686
 1-4 NB =      5324.5192  1-4 EEL =      -159.6393  VDWAALS    =     80452.7295
 EELEC  =   -898880.5251  EHBOND  =         0.0000  RESTRAINT  =      1309.8577
 EAMBER (non-restraint)  =   -782456.1927
 EKCMT  =     50626.3318  VIRIAL  =     48343.5127  VOLUME     =   1846469.7013
 CMAP   =       838.0644
                                                    Density    =         1.0433
 Ewald error estimate:   0.4002E-04
Current RMSD from reference:    0.660
Current target RMSD:            0.000
 ------------------------------------------------------------------------------


 NSTEP =      490   TIME(PS) =    2001.960  TEMP(K) =   305.25  PRESS =  -171.0
 Etot   =   -665790.5517  EKtot   =    115223.2416  EPtot      =   -781013.7933
 BOND   =      5831.0157  ANGLE   =     12439.0673  DIHED      =     11691.7116
 1-4 NB =      5406.8971  1-4 EEL =      -136.0003  VDWAALS    =     80109.1026
 EELEC  =   -898499.1953  EHBOND  =         0.0000  RESTRAINT  =      1308.9868
 EAMBER (non-restraint)  =   -782322.7801
 EKCMT  =     50428.3215  VIRIAL  =     57244.0762  VOLUME     =   1846451.4136
 CMAP   =       834.6214
                                                    Density    =         1.0433
 Ewald error estimate:   0.5250E-04
Current RMSD from reference:    0.659
Current target RMSD:            0.000
 ------------------------------------------------------------------------------


 NSTEP =      500   TIME(PS) =    2002.000  TEMP(K) =   305.58  PRESS =  -262.9
 Etot   =   -666227.1709  EKtot   =    115350.1951  EPtot      =   -781577.3660
 BOND   =      5953.8446  ANGLE   =     12619.5692  DIHED      =     11673.8865
 1-4 NB =      5385.2992  1-4 EEL =      -280.6556  VDWAALS    =     80370.8181
 EELEC  =   -899428.0411  EHBOND  =         0.0000  RESTRAINT  =      1307.6135
 EAMBER (non-restraint)  =   -782884.9795
 EKCMT  =     50604.4718  VIRIAL  =     61079.6754  VOLUME     =   1845535.5105
 CMAP   =       820.2996
                                                    Density    =         1.0438
 Ewald error estimate:   0.1249E-03
Current RMSD from reference:    0.659
Current target RMSD:            0.000
 ------------------------------------------------------------------------------


 NSTEP =      510   TIME(PS) =    2002.040  TEMP(K) =   306.09  PRESS =  -215.1
 Etot   =   -666652.1019  EKtot   =    115540.4178  EPtot      =   -782192.5197
 BOND   =      5901.9263  ANGLE   =     12596.7855  DIHED      =     11566.3774
 1-4 NB =      5339.4789  1-4 EEL =      -133.2313  VDWAALS    =     80968.6728
 EELEC  =   -900561.3848  EHBOND  =         0.0000  RESTRAINT  =      1320.9788
 EAMBER (non-restraint)  =   -783513.4986
 EKCMT  =     50526.9144  VIRIAL  =     59097.0323  VOLUME     =   1845110.2846
 CMAP   =       807.8767
                                                    Density    =         1.0440
 Ewald error estimate:   0.7695E-04
Current RMSD from reference:    0.662
Current target RMSD:            0.000
 ------------------------------------------------------------------------------


 NSTEP =      520   TIME(PS) =    2002.080  TEMP(K) =   305.14  PRESS =  -113.2
 Etot   =   -667267.8717  EKtot   =    115184.4331  EPtot      =   -782452.3048
 BOND   =      5854.6906  ANGLE   =     12630.4853  DIHED      =     11635.6851
 1-4 NB =      5328.3760  1-4 EEL =       -99.1480  VDWAALS    =     81373.4143
 EELEC  =   -901319.9096  EHBOND  =         0.0000  RESTRAINT  =      1342.3041
 EAMBER (non-restraint)  =   -783794.6088
 EKCMT  =     50397.9772  VIRIAL  =     54906.8140  VOLUME     =   1844767.6354
 CMAP   =       801.7974
                                                    Density    =         1.0442
 Ewald error estimate:   0.1606E-03
Current RMSD from reference:    0.668
Current target RMSD:            0.000
 ------------------------------------------------------------------------------


 NSTEP =      530   TIME(PS) =    2002.120  TEMP(K) =   305.00  PRESS =  -179.4
 Etot   =   -667427.6310  EKtot   =    115131.7919  EPtot      =   -782559.4229
 BOND   =      5821.3743  ANGLE   =     12571.2323  DIHED      =     11646.5885
 1-4 NB =      5338.6822  1-4 EEL =      -194.4656  VDWAALS    =     81077.8565
 EELEC  =   -900965.8834  EHBOND  =         0.0000  RESTRAINT  =      1346.9248
 EAMBER (non-restraint)  =   -783906.3477
 EKCMT  =     50368.5084  VIRIAL  =     57513.8272  VOLUME     =   1844278.8680
 CMAP   =       798.2675
                                                    Density    =         1.0445
 Ewald error estimate:   0.8104E-04
Current RMSD from reference:    0.669
Current target RMSD:            0.000
 ------------------------------------------------------------------------------


 NSTEP =      540   TIME(PS) =    2002.160  TEMP(K) =   304.89  PRESS =   160.1
 Etot   =   -667613.5105  EKtot   =    115087.4787  EPtot      =   -782700.9892
 BOND   =      5856.4999  ANGLE   =     12452.8677  DIHED      =     11541.4098
 1-4 NB =      5378.6567  1-4 EEL =       -61.5596  VDWAALS    =     81088.3145
 EELEC  =   -901100.8348  EHBOND  =         0.0000  RESTRAINT  =      1340.8071
 EAMBER (non-restraint)  =   -784041.7963
 EKCMT  =     50158.6901  VIRIAL  =     43785.0675  VOLUME     =   1843923.5224
 CMAP   =       802.8495
                                                    Density    =         1.0447
 Ewald error estimate:   0.7953E-04
Current RMSD from reference:    0.667
Current target RMSD:            0.000
 ------------------------------------------------------------------------------


 NSTEP =      550   TIME(PS) =    2002.200  TEMP(K) =   304.68  PRESS =    85.8
 Etot   =   -667787.8264  EKtot   =    115007.9155  EPtot      =   -782795.7418
 BOND   =      5914.9883  ANGLE   =     12546.0525  DIHED      =     11568.9599
 1-4 NB =      5351.5807  1-4 EEL =      -257.6283  VDWAALS    =     81164.9786
 EELEC  =   -901226.4327  EHBOND  =         0.0000  RESTRAINT  =      1327.7461
 EAMBER (non-restraint)  =   -784123.4880
 EKCMT  =     50255.4660  VIRIAL  =     46839.0573  VOLUME     =   1843785.3293
 CMAP   =       814.0131
                                                    Density    =         1.0448
 Ewald error estimate:   0.1059E-03
Current RMSD from reference:    0.664
Current target RMSD:            0.000
 ------------------------------------------------------------------------------


 NSTEP =      560   TIME(PS) =    2002.240  TEMP(K) =   305.87  PRESS =   -84.8
 Etot   =   -667888.3807  EKtot   =    115458.7543  EPtot      =   -783347.1350
 BOND   =      5840.6041  ANGLE   =     12480.8319  DIHED      =     11567.9035
 1-4 NB =      5319.9577  1-4 EEL =      -145.4093  VDWAALS    =     81702.3471
 EELEC  =   -902242.4229  EHBOND  =         0.0000  RESTRAINT  =      1315.1531
 EAMBER (non-restraint)  =   -784662.2880
 EKCMT  =     50386.2320  VIRIAL  =     53761.2452  VOLUME     =   1843583.9291
 CMAP   =       813.8999
                                                    Density    =         1.0449
 Ewald error estimate:   0.5205E-04
Current RMSD from reference:    0.661
Current target RMSD:            0.000
 ------------------------------------------------------------------------------


 NSTEP =      570   TIME(PS) =    2002.280  TEMP(K) =   303.92  PRESS =   -44.8
 Etot   =   -668271.5489  EKtot   =    114723.5698  EPtot      =   -782995.1187
 BOND   =      5850.6962  ANGLE   =     12532.6378  DIHED      =     11540.6819
 1-4 NB =      5381.7174  1-4 EEL =        -9.3343  VDWAALS    =     81398.1811
 EELEC  =   -901794.4394  EHBOND  =         0.0000  RESTRAINT  =      1302.6519
 EAMBER (non-restraint)  =   -784297.7706
 EKCMT  =     50369.0747  VIRIAL  =     52153.1666  VOLUME     =   1843645.0798
 CMAP   =       802.0888
                                                    Density    =         1.0449
 Ewald error estimate:   0.1110E-03
Current RMSD from reference:    0.658
Current target RMSD:            0.000
 ------------------------------------------------------------------------------


 NSTEP =      580   TIME(PS) =    2002.320  TEMP(K) =   304.52  PRESS =  -146.5
 Etot   =   -668631.4025  EKtot   =    114948.7597  EPtot      =   -783580.1622
 BOND   =      5852.8189  ANGLE   =     12436.9916  DIHED      =     11592.5075
 1-4 NB =      5342.5182  1-4 EEL =       -61.0005  VDWAALS    =     81345.2725
 EELEC  =   -902181.0265  EHBOND  =         0.0000  RESTRAINT  =      1298.2046
 EAMBER (non-restraint)  =   -784878.3668
 EKCMT  =     50167.9788  VIRIAL  =     56001.2336  VOLUME     =   1843533.3490
 CMAP   =       793.5514
                                                    Density    =         1.0449
 Ewald error estimate:   0.2486E-04
Current RMSD from reference:    0.657
Current target RMSD:            0.000
 ------------------------------------------------------------------------------


 NSTEP =      590   TIME(PS) =    2002.360  TEMP(K) =   304.52  PRESS =    10.6
 Etot   =   -668695.1495  EKtot   =    114949.6987  EPtot      =   -783644.8482
 BOND   =      5838.4629  ANGLE   =     12599.0307  DIHED      =     11648.3205
 1-4 NB =      5342.4032  1-4 EEL =      -112.1998  VDWAALS    =     81093.9834
 EELEC  =   -902147.6012  EHBOND  =         0.0000  RESTRAINT  =      1287.0578
 EAMBER (non-restraint)  =   -784931.9060
 EKCMT  =     50368.0276  VIRIAL  =     49944.3663  VOLUME     =   1843126.1782
 CMAP   =       805.6942
                                                    Density    =         1.0452
 Ewald error estimate:   0.9916E-04
Current RMSD from reference:    0.654
Current target RMSD:            0.000
 ------------------------------------------------------------------------------


 NSTEP =      600   TIME(PS) =    2002.400  TEMP(K) =   304.68  PRESS =   -98.4
 Etot   =   -668698.9152  EKtot   =    115009.9641  EPtot      =   -783708.8793
 BOND   =      5748.2087  ANGLE   =     12510.9118  DIHED      =     11599.5098
 1-4 NB =      5349.9256  1-4 EEL =       -63.4396  VDWAALS    =     81380.7818
 EELEC  =   -902311.3025  EHBOND  =         0.0000  RESTRAINT  =      1279.9737
 EAMBER (non-restraint)  =   -784988.8530
 EKCMT  =     50110.2903  VIRIAL  =     54025.9821  VOLUME     =   1842881.1138
 CMAP   =       796.5514
                                                    Density    =         1.0453
 Ewald error estimate:   0.1975E-04
Current RMSD from reference:    0.652
Current target RMSD:            0.000
 ------------------------------------------------------------------------------


 NSTEP =      610   TIME(PS) =    2002.440  TEMP(K) =   302.94  PRESS =   -18.8
 Etot   =   -668903.1657  EKtot   =    114353.5110  EPtot      =   -783256.6766
 BOND   =      5866.4140  ANGLE   =     12528.1498  DIHED      =     11625.2091
 1-4 NB =      5290.8781  1-4 EEL =       -68.5071  VDWAALS    =     81396.7538
 EELEC  =   -902001.4034  EHBOND  =         0.0000  RESTRAINT  =      1286.9176
 EAMBER (non-restraint)  =   -784543.5943
 EKCMT  =     49835.4966  VIRIAL  =     50583.0637  VOLUME     =   1842536.1678
 CMAP   =       818.9114
                                                    Density    =         1.0455
 Ewald error estimate:   0.6631E-04
Current RMSD from reference:    0.654
Current target RMSD:            0.000
 ------------------------------------------------------------------------------


 NSTEP =      620   TIME(PS) =    2002.480  TEMP(K) =   303.32  PRESS =   -36.9
 Etot   =   -669214.5882  EKtot   =    114494.8705  EPtot      =   -783709.4587
 BOND   =      5825.2722  ANGLE   =     12480.8429  DIHED      =     11565.6865
 1-4 NB =      5315.3539  1-4 EEL =       -95.3317  VDWAALS    =     81081.3046
 EELEC  =   -902008.7087  EHBOND  =         0.0000  RESTRAINT  =      1295.8584
 EAMBER (non-restraint)  =   -785005.3171
 EKCMT  =     49815.8285  VIRIAL  =     51284.0950  VOLUME     =   1842740.8972
 CMAP   =       830.2631
                                                    Density    =         1.0454
 Ewald error estimate:   0.4285E-04
Current RMSD from reference:    0.656
Current target RMSD:            0.000
 ------------------------------------------------------------------------------


 NSTEP =      630   TIME(PS) =    2002.520  TEMP(K) =   302.81  PRESS =   -75.5
 Etot   =   -669249.3621  EKtot   =    114304.1640  EPtot      =   -783553.5261
 BOND   =      5840.6771  ANGLE   =     12475.7561  DIHED      =     11607.3693
 1-4 NB =      5381.3693  1-4 EEL =      -114.4874  VDWAALS    =     81437.0207
 EELEC  =   -902298.1730  EHBOND  =         0.0000  RESTRAINT  =      1299.2337
 EAMBER (non-restraint)  =   -784852.7598
 EKCMT  =     49899.9185  VIRIAL  =     52901.6624  VOLUME     =   1842436.7069
 CMAP   =       817.7083
                                                    Density    =         1.0456
 Ewald error estimate:   0.1627E-04
Current RMSD from reference:    0.657
Current target RMSD:            0.000
 ------------------------------------------------------------------------------


 NSTEP =      640   TIME(PS) =    2002.560  TEMP(K) =   303.66  PRESS =  -124.8
 Etot   =   -669469.4906  EKtot   =    114624.6676  EPtot      =   -784094.1583
 BOND   =      5693.9274  ANGLE   =     12422.9516  DIHED      =     11600.6848
 1-4 NB =      5330.3920  1-4 EEL =       -37.6695  VDWAALS    =     81967.4383
 EELEC  =   -903183.7385  EHBOND  =         0.0000  RESTRAINT  =      1294.7147
 EAMBER (non-restraint)  =   -785388.8730
 EKCMT  =     50007.3055  VIRIAL  =     54970.4042  VOLUME     =   1842045.9761
 CMAP   =       817.1409
                                                    Density    =         1.0458
 Ewald error estimate:   0.2259E-04
Current RMSD from reference:    0.656
Current target RMSD:            0.000
 ------------------------------------------------------------------------------


 NSTEP =      650   TIME(PS) =    2002.600  TEMP(K) =   303.81  PRESS =   -48.8
 Etot   =   -669810.7080  EKtot   =    114679.7077  EPtot      =   -784490.4158
 BOND   =      5879.8034  ANGLE   =     12367.5644  DIHED      =     11540.2939
 1-4 NB =      5354.3451  1-4 EEL =      -188.4460  VDWAALS    =     81532.9129
 EELEC  =   -903080.2635  EHBOND  =         0.0000  RESTRAINT  =      1299.1396
 EAMBER (non-restraint)  =   -785789.5554
 EKCMT  =     50011.5566  VIRIAL  =     51950.3444  VOLUME     =   1841601.3985
 CMAP   =       804.2344
                                                    Density    =         1.0460
 Ewald error estimate:   0.4366E-04
Current RMSD from reference:    0.657
Current target RMSD:            0.000
 ------------------------------------------------------------------------------


 NSTEP =      660   TIME(PS) =    2002.640  TEMP(K) =   302.95  PRESS =  -159.1
 Etot   =   -669809.4528  EKtot   =    114356.3761  EPtot      =   -784165.8289
 BOND   =      5829.2079  ANGLE   =     12417.2247  DIHED      =     11537.7669
 1-4 NB =      5384.7468  1-4 EEL =       -83.0038  VDWAALS    =     81915.3400
 EELEC  =   -903273.9649  EHBOND  =         0.0000  RESTRAINT  =      1303.0376
 EAMBER (non-restraint)  =   -785468.8666
 EKCMT  =     49920.5916  VIRIAL  =     56245.7840  VOLUME     =   1841158.7210
 CMAP   =       803.8159
                                                    Density    =         1.0463
 Ewald error estimate:   0.3470E-04
Current RMSD from reference:    0.658
Current target RMSD:            0.000
 ------------------------------------------------------------------------------


 NSTEP =      670   TIME(PS) =    2002.680  TEMP(K) =   303.86  PRESS =   187.1
 Etot   =   -670012.8716  EKtot   =    114699.2397  EPtot      =   -784712.1113
 BOND   =      5938.7519  ANGLE   =     12465.5576  DIHED      =     11478.5790
 1-4 NB =      5330.0979  1-4 EEL =      -245.1471  VDWAALS    =     82074.3183
 EELEC  =   -903864.6099  EHBOND  =         0.0000  RESTRAINT  =      1305.2247
 EAMBER (non-restraint)  =   -786017.3361
 EKCMT  =     50024.9669  VIRIAL  =     42586.4822  VOLUME     =   1841039.5492
 CMAP   =       805.1163
                                                    Density    =         1.0463
 Ewald error estimate:   0.1616E-04
Current RMSD from reference:    0.658
Current target RMSD:            0.000
 ------------------------------------------------------------------------------


 NSTEP =      680   TIME(PS) =    2002.720  TEMP(K) =   302.33  PRESS =     0.9
 Etot   =   -670249.7898  EKtot   =    114122.0899  EPtot      =   -784371.8797
 BOND   =      5796.2013  ANGLE   =     12454.9590  DIHED      =     11498.4910
 1-4 NB =      5339.2055  1-4 EEL =      -138.0669  VDWAALS    =     81950.6358
 EELEC  =   -903382.1317  EHBOND  =         0.0000  RESTRAINT  =      1298.4234
 EAMBER (non-restraint)  =   -785670.3032
 EKCMT  =     49723.3755  VIRIAL  =     49687.8741  VOLUME     =   1841472.0303
 CMAP   =       810.4028
                                                    Density    =         1.0461
 Ewald error estimate:   0.5598E-04
Current RMSD from reference:    0.657
Current target RMSD:            0.000
 ------------------------------------------------------------------------------


 NSTEP =      690   TIME(PS) =    2002.760  TEMP(K) =   303.08  PRESS =  -103.6
 Etot   =   -670480.1204  EKtot   =    114403.5523  EPtot      =   -784883.6727
 BOND   =      5869.8850  ANGLE   =     12367.0007  DIHED      =     11593.8111
 1-4 NB =      5313.1082  1-4 EEL =      -171.9161  VDWAALS    =     82100.8507
 EELEC  =   -904054.1106  EHBOND  =         0.0000  RESTRAINT  =      1297.2150
 EAMBER (non-restraint)  =   -786180.8877
 EKCMT  =     49987.3780  VIRIAL  =     54105.0222  VOLUME     =   1841291.6465
 CMAP   =       800.4833
                                                    Density    =         1.0462
 Ewald error estimate:   0.1518E-03
Current RMSD from reference:    0.656
Current target RMSD:            0.000
 ------------------------------------------------------------------------------


 NSTEP =      700   TIME(PS) =    2002.800  TEMP(K) =   302.42  PRESS =     6.5
 Etot   =   -670545.1150  EKtot   =    114157.2244  EPtot      =   -784702.3395
 BOND   =      5822.8771  ANGLE   =     12440.5256  DIHED      =     11552.8462
 1-4 NB =      5343.2219  1-4 EEL =      -119.4784  VDWAALS    =     82530.4271
 EELEC  =   -904359.9570  EHBOND  =         0.0000  RESTRAINT  =      1286.0324
 EAMBER (non-restraint)  =   -785988.3718
 EKCMT  =     49728.6736  VIRIAL  =     49472.1952  VOLUME     =   1841372.2334
 CMAP   =       801.1657
                                                    Density    =         1.0462
 Ewald error estimate:   0.9843E-04
Current RMSD from reference:    0.654
Current target RMSD:            0.000
 ------------------------------------------------------------------------------


 NSTEP =      710   TIME(PS) =    2002.840  TEMP(K) =   302.79  PRESS =   -21.4
 Etot   =   -670517.4827  EKtot   =    114297.0743  EPtot      =   -784814.5570
 BOND   =      5810.3228  ANGLE   =     12411.4084  DIHED      =     11557.4046
 1-4 NB =      5335.4577  1-4 EEL =         4.1047  VDWAALS    =     82240.7447
 EELEC  =   -904238.3014  EHBOND  =         0.0000  RESTRAINT  =      1270.4602
 EAMBER (non-restraint)  =   -786085.0172
 EKCMT  =     49886.2005  VIRIAL  =     50736.0211  VOLUME     =   1841411.9267
 CMAP   =       793.8414
                                                    Density    =         1.0461
 Ewald error estimate:   0.7372E-04
Current RMSD from reference:    0.650
Current target RMSD:            0.000
 ------------------------------------------------------------------------------


 NSTEP =      720   TIME(PS) =    2002.880  TEMP(K) =   303.09  PRESS =   -17.2
 Etot   =   -671069.4534  EKtot   =    114408.2551  EPtot      =   -785477.7085
 BOND   =      5805.4797  ANGLE   =     12405.4942  DIHED      =     11510.4323
 1-4 NB =      5302.3311  1-4 EEL =       -31.7754  VDWAALS    =     81706.7034
 EELEC  =   -904219.5889  EHBOND  =         0.0000  RESTRAINT  =      1257.3619
 EAMBER (non-restraint)  =   -786735.0704
 EKCMT  =     49992.3400  VIRIAL  =     50675.8183  VOLUME     =   1841179.2162
 CMAP   =       785.8533
                                                    Density    =         1.0463
 Ewald error estimate:   0.6368E-04
Current RMSD from reference:    0.646
Current target RMSD:            0.000
 ------------------------------------------------------------------------------


 NSTEP =      730   TIME(PS) =    2002.920  TEMP(K) =   301.80  PRESS =  -113.5
 Etot   =   -671320.3530  EKtot   =    113923.3198  EPtot      =   -785243.6728
 BOND   =      5815.1216  ANGLE   =     12472.3771  DIHED      =     11470.6587
 1-4 NB =      5347.3518  1-4 EEL =      -264.6032  VDWAALS    =     81773.9447
 EELEC  =   -903913.6545  EHBOND  =         0.0000  RESTRAINT  =      1255.2176
 EAMBER (non-restraint)  =   -786498.8904
 EKCMT  =     49879.9654  VIRIAL  =     54391.4455  VOLUME     =   1840999.1688
 CMAP   =       799.9135
                                                    Density    =         1.0464
 Ewald error estimate:   0.1020E-03
Current RMSD from reference:    0.646
Current target RMSD:            0.000
 ------------------------------------------------------------------------------


 NSTEP =      740   TIME(PS) =    2002.960  TEMP(K) =   302.19  PRESS =   -11.6
 Etot   =   -671561.4376  EKtot   =    114068.2645  EPtot      =   -785629.7021
 BOND   =      5731.4119  ANGLE   =     12440.9677  DIHED      =     11496.9425
 1-4 NB =      5369.9527  1-4 EEL =       -80.3441  VDWAALS    =     81903.3227
 EELEC  =   -904545.5668  EHBOND  =         0.0000  RESTRAINT  =      1249.9924
 EAMBER (non-restraint)  =   -786879.6945
 EKCMT  =     50041.0775  VIRIAL  =     50503.4246  VOLUME     =   1840731.2960
 CMAP   =       803.6187
                                                    Density    =         1.0465
 Ewald error estimate:   0.5375E-04
Current RMSD from reference:    0.644
Current target RMSD:            0.000
 ------------------------------------------------------------------------------


 NSTEP =      750   TIME(PS) =    2003.000  TEMP(K) =   302.52  PRESS =  -128.5
 Etot   =   -671564.7176  EKtot   =    114193.9843  EPtot      =   -785758.7018
 BOND   =      5863.6927  ANGLE   =     12432.5235  DIHED      =     11487.8775
 1-4 NB =      5298.9390  1-4 EEL =      -105.4392  VDWAALS    =     81934.5303
 EELEC  =   -904724.4003  EHBOND  =         0.0000  RESTRAINT  =      1248.3589
 EAMBER (non-restraint)  =   -787007.0608
 EKCMT  =     49963.9353  VIRIAL  =     55068.4221  VOLUME     =   1840361.4747
 CMAP   =       805.2158
                                                    Density    =         1.0467
 Ewald error estimate:   0.4894E-04
Current RMSD from reference:    0.644
Current target RMSD:            0.000
 ------------------------------------------------------------------------------


 NSTEP =      760   TIME(PS) =    2003.040  TEMP(K) =   301.47  PRESS =   -39.8
 Etot   =   -671651.9409  EKtot   =    113796.7357  EPtot      =   -785448.6767
 BOND   =      5826.7817  ANGLE   =     12400.1152  DIHED      =     11479.1524
 1-4 NB =      5318.8953  1-4 EEL =        14.4014  VDWAALS    =     81989.1267
 EELEC  =   -904520.4352  EHBOND  =         0.0000  RESTRAINT  =      1246.6233
 EAMBER (non-restraint)  =   -786695.3000
 EKCMT  =     49717.4621  VIRIAL  =     51298.1234  VOLUME     =   1840103.0977
 CMAP   =       796.6624
                                                    Density    =         1.0469
 Ewald error estimate:   0.3266E-04
Current RMSD from reference:    0.643
Current target RMSD:            0.000
 ------------------------------------------------------------------------------


 NSTEP =      770   TIME(PS) =    2003.080  TEMP(K) =   302.17  PRESS =    15.4
 Etot   =   -671867.8695  EKtot   =    114061.9746  EPtot      =   -785929.8441
 BOND   =      5866.2279  ANGLE   =     12283.7700  DIHED      =     11537.8130
 1-4 NB =      5338.0865  1-4 EEL =       -20.9847  VDWAALS    =     81685.2769
 EELEC  =   -904649.7094  EHBOND  =         0.0000  RESTRAINT  =      1241.5426
 EAMBER (non-restraint)  =   -787171.3867
 EKCMT  =     49984.9392  VIRIAL  =     49372.4632  VOLUME     =   1840141.0548
 CMAP   =       788.1331
                                                    Density    =         1.0469
 Ewald error estimate:   0.2452E-05
Current RMSD from reference:    0.642
Current target RMSD:            0.000
 ------------------------------------------------------------------------------


 NSTEP =      780   TIME(PS) =    2003.120  TEMP(K) =   302.60  PRESS =  -224.9
 Etot   =   -672093.9830  EKtot   =    114223.9566  EPtot      =   -786317.9395
 BOND   =      5700.8624  ANGLE   =     12476.5215  DIHED      =     11505.5128
 1-4 NB =      5388.6971  1-4 EEL =        56.6481  VDWAALS    =     81356.5018
 EELEC  =   -904840.1753  EHBOND  =         0.0000  RESTRAINT  =      1252.8359
 EAMBER (non-restraint)  =   -787570.7754
 EKCMT  =     50036.7177  VIRIAL  =     58970.5756  VOLUME     =   1839942.3946
 CMAP   =       784.6561
                                                    Density    =         1.0470
 Ewald error estimate:   0.1272E-04
Current RMSD from reference:    0.645
Current target RMSD:            0.000
 ------------------------------------------------------------------------------


 NSTEP =      790   TIME(PS) =    2003.160  TEMP(K) =   301.40  PRESS =    25.6
 Etot   =   -672033.7006  EKtot   =    113772.2032  EPtot      =   -785805.9038
 BOND   =      5948.0683  ANGLE   =     12595.0791  DIHED      =     11526.8974
 1-4 NB =      5309.3091  1-4 EEL =      -232.9817  VDWAALS    =     81934.8265
 EELEC  =   -904940.2426  EHBOND  =         0.0000  RESTRAINT  =      1263.4389
 EAMBER (non-restraint)  =   -787069.3427
 EKCMT  =     49985.6420  VIRIAL  =     48966.9222  VOLUME     =   1839687.7045
 CMAP   =       789.7013
                                                    Density    =         1.0471
 Ewald error estimate:   0.8158E-04
Current RMSD from reference:    0.648
Current target RMSD:            0.000
 ------------------------------------------------------------------------------


 NSTEP =      800   TIME(PS) =    2003.200  TEMP(K) =   301.08  PRESS =    97.7
 Etot   =   -672284.7369  EKtot   =    113652.1104  EPtot      =   -785936.8473
 BOND   =      5871.6146  ANGLE   =     12346.9450  DIHED      =     11501.2259
 1-4 NB =      5371.4156  1-4 EEL =      -113.5745  VDWAALS    =     82503.9403
 EELEC  =   -905499.6225  EHBOND  =         0.0000  RESTRAINT  =      1278.4825
 EAMBER (non-restraint)  =   -787215.3298
 EKCMT  =     49857.0630  VIRIAL  =     45974.5555  VOLUME     =   1839598.9609
 CMAP   =       802.7257
                                                    Density    =         1.0472
 Ewald error estimate:   0.2580E-04
Current RMSD from reference:    0.652
Current target RMSD:            0.000
 ------------------------------------------------------------------------------


 NSTEP =      810   TIME(PS) =    2003.240  TEMP(K) =   302.03  PRESS =    96.8
 Etot   =   -672842.1126  EKtot   =    114008.2646  EPtot      =   -786850.3772
 BOND   =      5782.6118  ANGLE   =     12336.7893  DIHED      =     11572.8856
 1-4 NB =      5304.6621  1-4 EEL =       -29.1147  VDWAALS    =     82754.8548
 EELEC  =   -906654.0638  EHBOND  =         0.0000  RESTRAINT  =      1281.8737
 EAMBER (non-restraint)  =   -788132.2509
 EKCMT  =     50283.4207  VIRIAL  =     46437.2916  VOLUME     =   1839777.8913
 CMAP   =       799.1239
                                                    Density    =         1.0471
 Ewald error estimate:   0.2621E-04
Current RMSD from reference:    0.653
Current target RMSD:            0.000
 ------------------------------------------------------------------------------


 NSTEP =      820   TIME(PS) =    2003.280  TEMP(K) =   300.71  PRESS =    25.9
 Etot   =   -673007.8737  EKtot   =    113510.0295  EPtot      =   -786517.9032
 BOND   =      5834.8539  ANGLE   =     12406.7442  DIHED      =     11516.0296
 1-4 NB =      5308.8218  1-4 EEL =       -57.6283  VDWAALS    =     82800.4367
 EELEC  =   -906405.5327  EHBOND  =         0.0000  RESTRAINT  =      1280.5498
 EAMBER (non-restraint)  =   -787798.4530
 EKCMT  =     49855.3023  VIRIAL  =     48824.4413  VOLUME     =   1839909.5948
 CMAP   =       797.8218
                                                    Density    =         1.0470
 Ewald error estimate:   0.8196E-04
Current RMSD from reference:    0.652
Current target RMSD:            0.000
 ------------------------------------------------------------------------------


 NSTEP =      830   TIME(PS) =    2003.320  TEMP(K) =   300.78  PRESS =  -205.5
 Etot   =   -673131.2559  EKtot   =    113538.5298  EPtot      =   -786669.7857
 BOND   =      5798.7665  ANGLE   =     12385.5173  DIHED      =     11497.3337
 1-4 NB =      5333.6012  1-4 EEL =      -155.4209  VDWAALS    =     82590.6216
 EELEC  =   -906203.2806  EHBOND  =         0.0000  RESTRAINT  =      1279.2056
 EAMBER (non-restraint)  =   -787948.9913
 EKCMT  =     50080.6763  VIRIAL  =     58242.1085  VOLUME     =   1839311.4038
 CMAP   =       803.8699
                                                    Density    =         1.0473
 Ewald error estimate:   0.4928E-04
Current RMSD from reference:    0.652
Current target RMSD:            0.000
 ------------------------------------------------------------------------------


 NSTEP =      840   TIME(PS) =    2003.360  TEMP(K) =   300.02  PRESS =   156.7
 Etot   =   -673386.4881  EKtot   =    113250.4533  EPtot      =   -786636.9414
 BOND   =      5757.6820  ANGLE   =     12438.5657  DIHED      =     11519.8821
 1-4 NB =      5392.3439  1-4 EEL =      -154.9034  VDWAALS    =     82953.3086
 EELEC  =   -906623.8798  EHBOND  =         0.0000  RESTRAINT  =      1271.1110
 EAMBER (non-restraint)  =   -787908.0524
 EKCMT  =     49633.1087  VIRIAL  =     43409.6715  VOLUME     =   1839386.7512
 CMAP   =       808.9486
                                                    Density    =         1.0473
 Ewald error estimate:   0.5110E-04
Current RMSD from reference:    0.650
Current target RMSD:            0.000
 ------------------------------------------------------------------------------


 NSTEP =      850   TIME(PS) =    2003.400  TEMP(K) =   300.64  PRESS =   -23.1
 Etot   =   -673463.2309  EKtot   =    113485.1935  EPtot      =   -786948.4243
 BOND   =      5836.8717  ANGLE   =     12280.4598  DIHED      =     11573.5001
 1-4 NB =      5325.7504  1-4 EEL =        65.6237  VDWAALS    =     83404.9481
 EELEC  =   -907490.1946  EHBOND  =         0.0000  RESTRAINT  =      1258.4498
 EAMBER (non-restraint)  =   -788206.8741
 EKCMT  =     49526.4690  VIRIAL  =     50441.9866  VOLUME     =   1839384.5925
 CMAP   =       796.1668
                                                    Density    =         1.0473
 Ewald error estimate:   0.1918E-04
Current RMSD from reference:    0.647
Current target RMSD:            0.000
 ------------------------------------------------------------------------------


 NSTEP =      860   TIME(PS) =    2003.440  TEMP(K) =   301.01  PRESS =  -104.5
 Etot   =   -673545.4770  EKtot   =    113625.0045  EPtot      =   -787170.4814
 BOND   =      5874.7700  ANGLE   =     12421.3284  DIHED      =     11576.4276
 1-4 NB =      5356.3545  1-4 EEL =        -9.5080  VDWAALS    =     83259.0488
 EELEC  =   -907702.0867  EHBOND  =         0.0000  RESTRAINT  =      1254.5671
 EAMBER (non-restraint)  =   -788425.0485
 EKCMT  =     49832.8383  VIRIAL  =     53980.5278  VOLUME     =   1839159.7469
 CMAP   =       798.6168
                                                    Density    =         1.0474
 Ewald error estimate:   0.7581E-04
Current RMSD from reference:    0.646
Current target RMSD:            0.000
 ------------------------------------------------------------------------------


 NSTEP =      870   TIME(PS) =    2003.480  TEMP(K) =   300.91  PRESS =   148.8
 Etot   =   -673821.8507  EKtot   =    113586.6042  EPtot      =   -787408.4549
 BOND   =      5634.9207  ANGLE   =     12198.1288  DIHED      =     11619.0659
 1-4 NB =      5340.8965  1-4 EEL =        11.9437  VDWAALS    =     83608.7701
 EELEC  =   -907865.9560  EHBOND  =         0.0000  RESTRAINT  =      1247.0553
 EAMBER (non-restraint)  =   -788655.5102
 EKCMT  =     49717.7610  VIRIAL  =     43809.5137  VOLUME     =   1839280.9044
 CMAP   =       796.7201
                                                    Density    =         1.0474
 Ewald error estimate:   0.5657E-04
Current RMSD from reference:    0.644
Current target RMSD:            0.000
 ------------------------------------------------------------------------------


 NSTEP =      880   TIME(PS) =    2003.520  TEMP(K) =   300.45  PRESS =   187.7
 Etot   =   -673751.3821  EKtot   =    113414.1708  EPtot      =   -787165.5529
 BOND   =      5708.4627  ANGLE   =     12278.8504  DIHED      =     11552.8946
 1-4 NB =      5323.5204  1-4 EEL =       -72.1222  VDWAALS    =     83541.0966
 EELEC  =   -907526.4848  EHBOND  =         0.0000  RESTRAINT  =      1237.1651
 EAMBER (non-restraint)  =   -788402.7180
 EKCMT  =     49488.5588  VIRIAL  =     42031.6655  VOLUME     =   1839981.8960
 CMAP   =       791.0643
                                                    Density    =         1.0470
 Ewald error estimate:   0.2181E-04
Current RMSD from reference:    0.641
Current target RMSD:            0.000
 ------------------------------------------------------------------------------


 NSTEP =      890   TIME(PS) =    2003.560  TEMP(K) =   300.56  PRESS =    29.7
 Etot   =   -673951.6516  EKtot   =    113453.7322  EPtot      =   -787405.3838
 BOND   =      5751.7991  ANGLE   =     12443.6482  DIHED      =     11515.0307
 1-4 NB =      5320.6730  1-4 EEL =      -147.7982  VDWAALS    =     83232.1922
 EELEC  =   -907539.8671  EHBOND  =         0.0000  RESTRAINT  =      1229.6257
 EAMBER (non-restraint)  =   -788635.0095
 EKCMT  =     49648.4985  VIRIAL  =     48469.1492  VOLUME     =   1840263.3952
 CMAP   =       789.3128
                                                    Density    =         1.0468
 Ewald error estimate:   0.6325E-04
Current RMSD from reference:    0.639
Current target RMSD:            0.000
 ------------------------------------------------------------------------------


 NSTEP =      900   TIME(PS) =    2003.600  TEMP(K) =   301.52  PRESS =   -97.5
 Etot   =   -674062.6112  EKtot   =    113816.8725  EPtot      =   -787879.4837
 BOND   =      5664.9673  ANGLE   =     12382.5023  DIHED      =     11571.7702
 1-4 NB =      5288.1920  1-4 EEL =      -130.0385  VDWAALS    =     82752.2400
 EELEC  =   -907422.3430  EHBOND  =         0.0000  RESTRAINT  =      1229.7259
 EAMBER (non-restraint)  =   -789109.2095
 EKCMT  =     49947.4790  VIRIAL  =     53820.6936  VOLUME     =   1840266.5941
 CMAP   =       783.5002
                                                    Density    =         1.0468
 Ewald error estimate:   0.3115E-04
Current RMSD from reference:    0.639
Current target RMSD:            0.000
 ------------------------------------------------------------------------------


 NSTEP =      910   TIME(PS) =    2003.640  TEMP(K) =   300.78  PRESS =     2.2
 Etot   =   -674032.7762  EKtot   =    113535.8626  EPtot      =   -787568.6388
 BOND   =      5728.3920  ANGLE   =     12628.4925  DIHED      =     11513.6326
 1-4 NB =      5272.3870  1-4 EEL =      -207.7080  VDWAALS    =     82926.5427
 EELEC  =   -907458.1657  EHBOND  =         0.0000  RESTRAINT  =      1233.5465
 EAMBER (non-restraint)  =   -788802.1853
 EKCMT  =     49782.8537  VIRIAL  =     49693.7087  VOLUME     =   1840074.8857
 CMAP   =       794.2415
                                                    Density    =         1.0469
 Ewald error estimate:   0.2124E-04
Current RMSD from reference:    0.640
Current target RMSD:            0.000
 ------------------------------------------------------------------------------


 NSTEP =      920   TIME(PS) =    2003.680  TEMP(K) =   300.16  PRESS =  -108.4
 Etot   =   -674250.9548  EKtot   =    113303.5570  EPtot      =   -787554.5118
 BOND   =      5721.7923  ANGLE   =     12282.9161  DIHED      =     11543.5053
 1-4 NB =      5396.0589  1-4 EEL =        55.3329  VDWAALS    =     83039.1014
 EELEC  =   -907610.7433  EHBOND  =         0.0000  RESTRAINT  =      1240.0898
 EAMBER (non-restraint)  =   -788794.6016
 EKCMT  =     49602.3916  VIRIAL  =     53907.5292  VOLUME     =   1840254.9571
 CMAP   =       777.4348
                                                    Density    =         1.0468
 Ewald error estimate:   0.1347E-03
Current RMSD from reference:    0.642
Current target RMSD:            0.000
 ------------------------------------------------------------------------------


 NSTEP =      930   TIME(PS) =    2003.720  TEMP(K) =   299.11  PRESS =    15.2
 Etot   =   -674431.5598  EKtot   =    112906.8010  EPtot      =   -787338.3608
 BOND   =      5763.5190  ANGLE   =     12488.9654  DIHED      =     11564.6533
 1-4 NB =      5405.3025  1-4 EEL =       -58.4412  VDWAALS    =     82723.9932
 EELEC  =   -907262.2936  EHBOND  =         0.0000  RESTRAINT  =      1247.2808
 EAMBER (non-restraint)  =   -788585.6417
 EKCMT  =     49456.3484  VIRIAL  =     48851.5056  VOLUME     =   1840006.9489
 CMAP   =       788.6597
                                                    Density    =         1.0469
 Ewald error estimate:   0.1648E-03
Current RMSD from reference:    0.644
Current target RMSD:            0.000
 ------------------------------------------------------------------------------


 NSTEP =      940   TIME(PS) =    2003.760  TEMP(K) =   300.36  PRESS =  -154.9
 Etot   =   -674596.1472  EKtot   =    113378.4033  EPtot      =   -787974.5505
 BOND   =      5660.9670  ANGLE   =     12267.1577  DIHED      =     11538.3427
 1-4 NB =      5358.8236  1-4 EEL =       -53.3937  VDWAALS    =     82526.4624
 EELEC  =   -907321.6044  EHBOND  =         0.0000  RESTRAINT  =      1254.9709
 EAMBER (non-restraint)  =   -789229.5214
 EKCMT  =     49293.4834  VIRIAL  =     55447.6921  VOLUME     =   1839904.4582
 CMAP   =       793.7233
                                                    Density    =         1.0470
 Ewald error estimate:   0.8399E-04
Current RMSD from reference:    0.646
Current target RMSD:            0.000
 ------------------------------------------------------------------------------


 NSTEP =      950   TIME(PS) =    2003.800  TEMP(K) =   299.04  PRESS =    65.7
 Etot   =   -674662.2228  EKtot   =    112880.7410  EPtot      =   -787542.9638
 BOND   =      5812.1785  ANGLE   =     12294.3223  DIHED      =     11547.5617
 1-4 NB =      5301.6136  1-4 EEL =        16.8791  VDWAALS    =     83061.8099
 EELEC  =   -907641.5497  EHBOND  =         0.0000  RESTRAINT  =      1265.8166
 EAMBER (non-restraint)  =   -788808.7804
 EKCMT  =     49122.5437  VIRIAL  =     46512.9227  VOLUME     =   1839558.3521
 CMAP   =       798.4042
                                                    Density    =         1.0472
 Ewald error estimate:   0.1135E-03
Current RMSD from reference:    0.648
Current target RMSD:            0.000
 ------------------------------------------------------------------------------


 NSTEP =      960   TIME(PS) =    2003.840  TEMP(K) =   300.23  PRESS =  -166.3
 Etot   =   -674603.2781  EKtot   =    113328.5297  EPtot      =   -787931.8078
 BOND   =      5751.3610  ANGLE   =     12274.8225  DIHED      =     11495.9634
 1-4 NB =      5285.0064  1-4 EEL =       -80.7578  VDWAALS    =     82751.4563
 EELEC  =   -907476.9795  EHBOND  =         0.0000  RESTRAINT  =      1264.5577
 EAMBER (non-restraint)  =   -789196.3655
 EKCMT  =     49495.8712  VIRIAL  =     56099.5651  VOLUME     =   1839385.3428
 CMAP   =       802.7622
                                                    Density    =         1.0473
 Ewald error estimate:   0.9446E-04
Current RMSD from reference:    0.648
Current target RMSD:            0.000
 ------------------------------------------------------------------------------


 NSTEP =      970   TIME(PS) =    2003.880  TEMP(K) =   300.02  PRESS =   -93.4
 Etot   =   -674874.0342  EKtot   =    113252.1925  EPtot      =   -788126.2267
 BOND   =      5563.1633  ANGLE   =     12373.7107  DIHED      =     11549.1761
 1-4 NB =      5342.1320  1-4 EEL =        65.8105  VDWAALS    =     82910.4659
 EELEC  =   -907984.8703  EHBOND  =         0.0000  RESTRAINT  =      1253.2462
 EAMBER (non-restraint)  =   -789379.4729
 EKCMT  =     49499.8103  VIRIAL  =     53207.2901  VOLUME     =   1838959.1044
 CMAP   =       800.9388
                                                    Density    =         1.0475
 Ewald error estimate:   0.6453E-04
Current RMSD from reference:    0.645
Current target RMSD:            0.000
 ------------------------------------------------------------------------------


 NSTEP =      980   TIME(PS) =    2003.920  TEMP(K) =   300.13  PRESS =    26.8
 Etot   =   -674762.7237  EKtot   =    113293.3580  EPtot      =   -788056.0816
 BOND   =      5742.4752  ANGLE   =     12341.4594  DIHED      =     11503.3669
 1-4 NB =      5335.9206  1-4 EEL =       -27.2407  VDWAALS    =     82844.3790
 EELEC  =   -907833.1626  EHBOND  =         0.0000  RESTRAINT  =      1237.1893
 EAMBER (non-restraint)  =   -789293.2709
 EKCMT  =     49518.8241  VIRIAL  =     48455.1137  VOLUME     =   1838696.8854
 CMAP   =       799.5313
                                                    Density    =         1.0477
 Ewald error estimate:   0.7333E-04
Current RMSD from reference:    0.641
Current target RMSD:            0.000
 ------------------------------------------------------------------------------


 NSTEP =      990   TIME(PS) =    2003.960  TEMP(K) =   299.89  PRESS =   -52.7
 Etot   =   -674969.1898  EKtot   =    113201.0327  EPtot      =   -788170.2226
 BOND   =      5725.0192  ANGLE   =     12271.4482  DIHED      =     11514.9674
 1-4 NB =      5370.4801  1-4 EEL =        56.3017  VDWAALS    =     83097.4310
 EELEC  =   -908238.6182  EHBOND  =         0.0000  RESTRAINT  =      1223.1511
 EAMBER (non-restraint)  =   -789393.3737
 EKCMT  =     49428.8675  VIRIAL  =     51522.2709  VOLUME     =   1838425.9918
 CMAP   =       809.5970
                                                    Density    =         1.0478
 Ewald error estimate:   0.1144E-04
Current RMSD from reference:    0.637
Current target RMSD:            0.000
 ------------------------------------------------------------------------------


 NSTEP =     1000   TIME(PS) =    2004.000  TEMP(K) =   298.97  PRESS =    93.7
 Etot   =   -675143.8135  EKtot   =    112854.9772  EPtot      =   -787998.7907
 BOND   =      5715.8220  ANGLE   =     12410.1113  DIHED      =     11454.4492
 1-4 NB =      5330.1125  1-4 EEL =      -112.8722  VDWAALS    =     82813.7493
 EELEC  =   -907633.5924  EHBOND  =         0.0000  RESTRAINT  =      1211.5184
 EAMBER (non-restraint)  =   -789210.3092
 EKCMT  =     49295.9919  VIRIAL  =     45576.6907  VOLUME     =   1838380.7960
 CMAP   =       811.9112
                                                    Density    =         1.0479
 Ewald error estimate:   0.4977E-04
Current RMSD from reference:    0.634
Current target RMSD:            0.000
 ------------------------------------------------------------------------------


      A V E R A G E S   O V E R    1000 S T E P S


 NSTEP =     1000   TIME(PS) =    2004.000  TEMP(K) =   320.11  PRESS =    28.4
 Etot   =   -653094.6419  EKtot   =    120833.4619  EPtot      =   -773928.1038
 BOND   =      5878.3780  ANGLE   =     12766.8321  DIHED      =     11708.4731
 1-4 NB =      5410.3561  1-4 EEL =       -95.9726  VDWAALS    =     82354.2445
 EELEC  =   -900568.6718  EHBOND  =         0.0000  RESTRAINT  =      7811.7176
 EAMBER (non-restraint)  =   -781739.8215
 EKCMT  =     52406.2474  VIRIAL  =     51283.0121  VOLUME     =   1840935.9172
 CMAP   =       806.5392
                                                    Density    =         1.0464
 Ewald error estimate:   0.5560E-04
Current RMSD from reference:    0.634
Current target RMSD:            0.000
 ------------------------------------------------------------------------------


      R M S  F L U C T U A T I O N S


 NSTEP =     1000   TIME(PS) =    2004.000  TEMP(K) =    32.86  PRESS =   376.9
 Etot   =     30449.1207  EKtot   =     12404.5183  EPtot      =     21799.7631
 BOND   =       121.7650  ANGLE   =       499.2920  DIHED      =       263.7709
 1-4 NB =       120.1199  1-4 EEL =       101.5748  VDWAALS    =      2943.6947
 EELEC  =      6899.2490  EHBOND  =         0.0000  RESTRAINT  =     22014.8384
 EAMBER (non-restraint)  =      -215.0754
 EKCMT  =      4380.7073  VIRIAL  =     12623.8773  VOLUME     =      8925.1503
 CMAP   =        14.7965
                                                    Density    =         0.0051
 Ewald error estimate:   0.3956E-04
Current RMSD from reference:    0.634
Current target RMSD:            0.000
 ------------------------------------------------------------------------------


--------------------------------------------------------------------------------
   5.  TIMINGS
--------------------------------------------------------------------------------

|                Build the list           616.16 (99.80% of List )
|                Other                      1.24 ( 0.20% of List )
|             List time                617.40 (19.35% of Nonbo)
|                   Short_ene time          2324.84 (99.45% of Direc)
|                   Other                     12.97 ( 0.55% of Direc)
|                Direct Ewald time       2337.81 (90.88% of Ewald)
|                Adjust Ewald time         15.84 ( 0.62% of Ewald)
|                Self Ewald time            0.66 ( 0.03% of Ewald)
|                   Fill Bspline coeffs       10.46 ( 5.08% of Recip)
|                   Fill charge grid          39.47 (19.16% of Recip)
|                   Scalar sum                28.00 (13.59% of Recip)
|                   Grad sum                  70.58 (34.26% of Recip)
|                   FFT time                  56.62 (27.48% of Recip)
|                   Other                      0.89 ( 0.43% of Recip)
|                Recip Ewald time         206.03 ( 8.01% of Ewald)
|                Force Adjust               0.47 ( 0.02% of Ewald)
|                Virial junk                1.09 ( 0.04% of Ewald)
|                Other                     10.42 ( 0.41% of Ewald)
|             Ewald time              2572.42 (80.64% of Nonbo)
|             Other                      0.36 ( 0.01% of Nonbo)
|          Nonbond force           3190.18 (99.07% of Force)
|          Bond/Angle/Dihedral       19.94 ( 0.62% of Force)
|          Other                      9.95 ( 0.31% of Force)
|       Force time              3220.07 (96.56% of Runmd)
|       Shake time                 8.84 ( 0.27% of Runmd)
|       Verlet update time       102.46 ( 3.07% of Runmd)
|       Ekcmr time                 1.11 ( 0.03% of Runmd)
|       Other                      2.35 ( 0.07% of Runmd)
|    Runmd Time              3334.83 (99.82% of Total)
|    Other                      5.86 ( 0.18% of Total)
| Total time              3340.72 (100.0% of ALL  )

| Number of list builds   :        242

| Highest rstack allocated:   10443547
| Highest istack allocated:     237495

| Final Performance Info:
| -----------------------------------------------------
| Average timings for all steps:
|     Elapsed(s) =    3334.84 Per Step(ms) =    3334.84
|         ns/day =       0.10   seconds/ns =  833709.52
| -----------------------------------------------------

|           Job began  at 18:41:23.746  on 11/16/2022
|           Setup done at 18:41:29.633  on 11/16/2022
|           Run   done at 19:37:04.463  on 11/16/2022
|     wallclock() was called   46597 times

|3D-RISM memory allocation summary
|Type          Maximum        Current   
|Integer       0.00000 GB     0.00000 GB
|Real          0.00000 GB     0.00000 GB
|Logical       0.00000 GB     0.00000 GB
|Character     0.00000 GB     0.00000 GB
|---------------------------------------
|Total         0.00000 GB     0.00000 GB
