
          -------------------------------------------------------
          Amber 22 SANDER                              2022
          -------------------------------------------------------

| Run on 11/17/2022 at 16:56:53

|   Executable path: sander
| Working directory: /lus/grand/projects/wereszczynski/melanie/virus_alpha/testing7
|          Hostname: Unknown
  [-O]verwriting output

File Assignments:
|  MDIN: prod.in                                                               
| MDOUT: virus_alpha_targetedmd.prod.01.out                                     
|INPCRD: virus_alpha.relax.7.rst7                                               
|  PARM: hmr_testing2.prmtop                                                   
|RESTRT: virus_alpha_targetedmd.prod.01.rst7                                    
|  REFC: targeted_virus_alpha.rst7                                              
| MDVEL: mdvel                                                                 
| MDFRC: mdfrc                                                                 
|  MDEN: mden                                                                  
| MDCRD: virus_alpha_targetedmd.prod.01.nc                                      
|MDINFO: mdinfo                                                                
|  MTMD: mtmd                                                                  
|INPDIP: inpdip                                                                
|RSTDIP: rstdip                                                                
|INPTRA: inptraj                                                               


 Here is the input file:

NPT heating with restraints                                                    
 &cntrl                                                                        
  imin  = 0,    ntx = 5,      irest = 1,            !Don't do minimization, read coordinates and velocities from restarts file
  nstlim=1000, dt = 0.004,                       !run for 1000 steps, 4 fs timestep, 1ns
  temp0 = 300,                                      !temperature               
  ntpr = 10,  ntwr = 25,  ntwx = 25,          !frequency for outputs of energy, restarts, and trajectory
  ntf = 2,	ntc = 2,                            !SHAKE                          
  cut = 10.0,                                       !cutoff                    
  ntb = 2, ntp = 1, tautp = 1.0, taup = 1.0,        !Constant pressure         
  barostat = 1,                                     !Berendsen barostat, may change to 2 for MC
  ntt = 3,      gamma_ln = 2,                       !Langevin dynamics         
  iwrap = 1,    ioutfm = 1,                         !wrap coordinates and output binary trajectory
  itgtmd = 1, 					    ! Targeted MD                                           
  tgtrmsd = 0, 					    ! Value of target RMSD                                 
  tgtfitmask = ':1-294 & !@H=', 			    ! Atoms used for rms superposition calculation between structure and reference structure
  tgtrmsmask = ':1-294 & !@H=',			    ! Atoms used for rms diff calculation    
  tgtmdfrc = 1.0, 				    ! Force constant	                                    
/                                                                              

--------------------------------------------------------------------------------
   1.  RESOURCE   USE: 
--------------------------------------------------------------------------------

| Flags:                                                                        
 getting box info from netcdf restart file
| NetCDF restart box info found
|Largest sphere to fit in unit cell has radius =    51.372
| New format PARM file being parsed.
| Version =    1.000 Date = 11/11/22 Time = 16:55:13
 NATOM  =  239190 NTYPES =      21 NBONH =  172382 MBONA  =   67069
 NTHETH =   76568 MTHETA =   18567 NPHIH =   43939 MPHIA  =   46104
 NHPARM =       0 NPARM  =       0 NNB   =  500352 NRES   =   55873
 NBONA  =   67069 NTHETA =   18567 NPHIA =   46104 NUMBND =     108
 NUMANG =     251 NPTRA  =     228 NATYP =      49 NPHB   =       0
 IFBOX  =       1 NMXRS  =      33 IFCAP =       0 NEXTRA =   54241
 NCOPY  =       0

| CMAP information read from topology file: 

|     Memory Use     Allocated
|     Real            17707653
|     Hollerith         773445
|     Integer         10990500
|     Max Pairs      165328128
|     nblistReal       2870280
|     nblist Int       8704692
|       Total           886533 kbytes

| Note: 1-4 EEL scale factors are being read from the topology file.

| Note: 1-4 VDW scale factors are being read from the topology file.
| Duplicated    0 dihedrals
| Duplicated    0 dihedrals
|CMAP: Reticulating splines.

     BOX TYPE: RECTILINEAR

--------------------------------------------------------------------------------
   2.  CONTROL  DATA  FOR  THE  RUN
--------------------------------------------------------------------------------

default_name                                                                    

General flags:
     imin    =       0, nmropt  =       0

Nature and format of input:
     ntx     =       5, irest   =       1, ntrx    =       1

Nature and format of output:
     ntxo    =       2, ntpr    =      10, ntrx    =       1, ntwr    =      25
     iwrap   =       1, ntwx    =      25, ntwv    =       0, ntwe    =       0
     ioutfm  =       1, ntwprt  =       0, idecomp =       0, rbornstat=      0

Potential function:
     ntf     =       2, ntb     =       2, igb     =       0, nsnb    =      25
     ipol    =       0, gbsa    =       0, iesp    =       0
     dielc   =   1.00000, cut     =  10.00000, intdiel =   1.00000

Frozen or restrained atoms:
     ibelly  =       0, ntr     =       0

Molecular dynamics:
     nstlim  =      1000, nscm    =      1000, nrespa  =         1
     t       =   0.00000, dt      =   0.00400, vlimit  =  20.00000

Langevin dynamics temperature regulation:
     ig      =   71277
     temp0   = 300.00000, tempi   =   0.00000, gamma_ln=   2.00000

Pressure regulation:
     ntp     =       1
     pres0   =   1.00000, comp    =  44.60000, taup    =   1.00000

SHAKE:
     ntc     =       2, jfastw  =       0
     tol     =   0.00001

Extra-points options:
     frameon =       1, chngmask=       1

Targeted molecular dynamics:
     tgtrmsd =   0.00000, tgtmdfrc=   1.00000

Ewald parameters:
     verbose =       0, ew_type =       0, nbflag  =       1, use_pme =       1
     vdwmeth =       1, eedmeth =       1, netfrc  =       1
     Box X =  138.865   Box Y =  129.183   Box Z =  102.745
     Alpha =   90.000   Beta  =   90.000   Gamma =   90.000
     NFFT1 =  144       NFFT2 =  135       NFFT3 =  108
     Cutoff=   10.000   Tol   =0.100E-04
     Ewald Coefficient =  0.27511
     Interpolation order =    4
|  INFO: Old style inpcrd file read


    LOADING THE TARGETED MD ATOMS AS GROUPS


   5.  REFERENCE ATOM COORDINATES

  TITL
     Mask ":1-294 & !@H=" matches  6021 atoms
     Mask ":1-294 & !@H=" matches  6021 atoms
|      EXTRA_PTS, trim_bonds: num bonds BEFORE trim =172382     0
|      EXTRA_PTS, trim_bonds: num bonds AFTER  trim =172382     0
|      EXTRA_PTS, trim_bonds: num bonds BEFORE trim = 67069     0
|      EXTRA_PTS, trim_bonds: num bonds AFTER  trim = 12828     0
|      EXTRA_PTS, trim_theta: num angle BEFORE trim = 76568     0
|      EXTRA_PTS, trim_theta: num angle AFTER  trim = 76568     0
|      EXTRA_PTS, trim_theta: num angle BEFORE trim = 18567     0
|      EXTRA_PTS, trim_theta: num angle AFTER  trim = 18567     0
|      EXTRA_PTS, trim_phi:  num diheds BEFORE trim = 43939     0
|      EXTRA_PTS, trim_phi:  num diheds AFTER  trim = 43939     0
|      EXTRA_PTS, trim_phi:  num diheds BEFORE trim = 46104     0
|      EXTRA_PTS, trim_phi:  num diheds AFTER  trim = 46104     0

--------------------------------------------------------------------------------
   3.  ATOMIC COORDINATES AND VELOCITIES
--------------------------------------------------------------------------------

default_name                                                                    
 begin time read from input coords =  2000.000 ps

 Number of triangulated 3-point waters found:    54241

     Sum of charges from parm topology file =   0.00029874
     Forcing neutrality...

--------------------------------------------------------------------------------
   4.  RESULTS
--------------------------------------------------------------------------------

|  # of SOLUTE  degrees of freedom (RNDFP):  545188.
|  # of SOLVENT degrees of freedom (RNDFS):       0.
|  NDFMIN =  545188.     NUM_NOSHAKE =      0     CORRECTED RNDFP =  545188.
|  TOTAL # of degrees of freedom (RNDF) =  545188.
 ---------------------------------------------------
 APPROXIMATING switch and d/dx switch using CUBIC SPLINE INTERPOLATION
 using   5000.0 points per unit in tabled values
 TESTING RELATIVE ERROR over r ranging from 0.0 to cutoff
| CHECK switch(x): max rel err =   0.2738E-14   at   2.422500
| CHECK d/dx switch(x): max rel err =   0.8314E-11   at   2.736960
 ---------------------------------------------------
| Local SIZE OF NONBOND LIST =  111919143
| TOTAL SIZE OF NONBOND LIST =  111919143

 NSTEP =       10   TIME(PS) =    2000.040  TEMP(K) =   313.33  PRESS =  -857.4
 Etot   =   -540273.8232  EKtot   =    119069.9642  EPtot      =   -659343.7873
 BOND   =      5711.9093  ANGLE   =     12549.7954  DIHED      =     11295.4117
 1-4 NB =      5330.8653  1-4 EEL =      7393.5000  VDWAALS    =     84341.3878
 EELEC  =   -921572.2296  EHBOND  =         0.0000  RESTRAINT  =    134856.5436
 EAMBER (non-restraint)  =   -794200.3309
 EKCMT  =     50122.7953  VIRIAL  =     84227.9464  VOLUME     =   1842204.4503
 CMAP   =       749.0293
                                                    Density    =         1.0525
 Ewald error estimate:   0.3664E-04
Current RMSD from reference:    6.693
Current target RMSD:            0.000
 ------------------------------------------------------------------------------


 NSTEP =       20   TIME(PS) =    2000.080  TEMP(K) =   342.61  PRESS = -1140.7
 Etot   =   -542202.2904  EKtot   =    130196.3710  EPtot      =   -672398.6614
 BOND   =      5698.2036  ANGLE   =     12596.6174  DIHED      =     11316.3283
 1-4 NB =      5506.4098  1-4 EEL =      7535.0734  VDWAALS    =     86783.9518
 EELEC  =   -922946.5369  EHBOND  =         0.0000  RESTRAINT  =    120362.6575
 EAMBER (non-restraint)  =   -792761.3189
 EKCMT  =     51041.3945  VIRIAL  =     96325.9388  VOLUME     =   1838648.1712
 CMAP   =       748.6338
                                                    Density    =         1.0545
 Ewald error estimate:   0.1762E-04
Current RMSD from reference:    6.323
Current target RMSD:            0.000
 ------------------------------------------------------------------------------


 NSTEP =       30   TIME(PS) =    2000.120  TEMP(K) =   375.66  PRESS = -1456.2
 Etot   =   -546082.1493  EKtot   =    142757.7414  EPtot      =   -688839.8906
 BOND   =      5903.8814  ANGLE   =     12714.6085  DIHED      =     11477.5627
 1-4 NB =      5641.4912  1-4 EEL =      7401.8276  VDWAALS    =     89342.6123
 EELEC  =   -923132.2992  EHBOND  =         0.0000  RESTRAINT  =    101056.5202
 EAMBER (non-restraint)  =   -789896.4108
 EKCMT  =     53232.4931  VIRIAL  =    110908.6602  VOLUME     =   1834412.0902
 CMAP   =       753.9046
                                                    Density    =         1.0570
 Ewald error estimate:   0.3306E-06
Current RMSD from reference:    5.794
Current target RMSD:            0.000
 ------------------------------------------------------------------------------


 NSTEP =       40   TIME(PS) =    2000.160  TEMP(K) =   405.96  PRESS = -1177.1
 Etot   =   -551660.8576  EKtot   =    154270.9934  EPtot      =   -705931.8510
 BOND   =      5867.8620  ANGLE   =     13123.6849  DIHED      =     11688.2117
 1-4 NB =      5686.3965  1-4 EEL =      7303.9385  VDWAALS    =     91123.0122
 EELEC  =   -921867.9021  EHBOND  =         0.0000  RESTRAINT  =     80382.4756
 EAMBER (non-restraint)  =   -786314.3266
 EKCMT  =     57223.6222  VIRIAL  =    103727.7004  VOLUME     =   1829780.8598
 CMAP   =       760.4697
                                                    Density    =         1.0597
 Ewald error estimate:   0.3701E-05
Current RMSD from reference:    5.167
Current target RMSD:            0.000
 ------------------------------------------------------------------------------


 NSTEP =       50   TIME(PS) =    2000.200  TEMP(K) =   428.38  PRESS =  -902.4
 Etot   =   -559079.7131  EKtot   =    162792.4604  EPtot      =   -721872.1735
 BOND   =      5942.3219  ANGLE   =     13309.7153  DIHED      =     11857.9062
 1-4 NB =      5762.1826  1-4 EEL =      7429.5655  VDWAALS    =     92062.1668
 EELEC  =   -919541.8208  EHBOND  =         0.0000  RESTRAINT  =     60546.6659
 EAMBER (non-restraint)  =   -782418.8394
 EKCMT  =     60611.5575  VIRIAL  =     96213.7368  VOLUME     =   1827182.6762
 CMAP   =       759.1231
                                                    Density    =         1.0612
 Ewald error estimate:   0.1143E-03
Current RMSD from reference:    4.485
Current target RMSD:            0.000
 ------------------------------------------------------------------------------


 NSTEP =       60   TIME(PS) =    2000.240  TEMP(K) =   442.65  PRESS =   -82.1
 Etot   =   -567305.5447  EKtot   =    168215.5845  EPtot      =   -735521.1292
 BOND   =      5952.2429  ANGLE   =     13520.4565  DIHED      =     12068.8958
 1-4 NB =      5813.1250  1-4 EEL =      7280.7970  VDWAALS    =     92127.7001
 EELEC  =   -916200.7153  EHBOND  =         0.0000  RESTRAINT  =     43153.7004
 EAMBER (non-restraint)  =   -778674.8296
 EKCMT  =     64065.9893  VIRIAL  =     67302.9786  VOLUME     =   1825580.6457
 CMAP   =       762.6685
                                                    Density    =         1.0621
 Ewald error estimate:   0.5703E-04
Current RMSD from reference:    3.786
Current target RMSD:            0.000
 ------------------------------------------------------------------------------


 NSTEP =       70   TIME(PS) =    2000.280  TEMP(K) =   448.56  PRESS =  -132.3
 Etot   =   -575695.9801  EKtot   =    170461.4056  EPtot      =   -746157.3857
 BOND   =      6020.4336  ANGLE   =     13654.4066  DIHED      =     12259.0233
 1-4 NB =      5759.0740  1-4 EEL =      7184.9196  VDWAALS    =     92721.4266
 EELEC  =   -913586.3751  EHBOND  =         0.0000  RESTRAINT  =     29045.6399
 EAMBER (non-restraint)  =   -775203.0256
 EKCMT  =     66635.9139  VIRIAL  =     71849.0011  VOLUME     =   1825274.1598
 CMAP   =       784.0656
                                                    Density    =         1.0623
 Ewald error estimate:   0.1288E-04
Current RMSD from reference:    3.106
Current target RMSD:            0.000
 ------------------------------------------------------------------------------


 NSTEP =       80   TIME(PS) =    2000.320  TEMP(K) =   444.73  PRESS =   948.3
 Etot   =   -584681.2386  EKtot   =    169005.9508  EPtot      =   -753687.1895
 BOND   =      5962.3791  ANGLE   =     14074.8442  DIHED      =     12323.6242
 1-4 NB =      5757.9039  1-4 EEL =      7236.7855  VDWAALS    =     92639.6275
 EELEC  =   -910970.9570  EHBOND  =         0.0000  RESTRAINT  =     18497.9717
 EAMBER (non-restraint)  =   -772185.1612
 EKCMT  =     68100.7132  VIRIAL  =     30705.7615  VOLUME     =   1826407.3661
 CMAP   =       790.6314
                                                    Density    =         1.0616
 Ewald error estimate:   0.5222E-05
Current RMSD from reference:    2.479
Current target RMSD:            0.000
 ------------------------------------------------------------------------------


 NSTEP =       90   TIME(PS) =    2000.360  TEMP(K) =   435.29  PRESS =   956.9
 Etot   =   -592905.3208  EKtot   =    165415.3669  EPtot      =   -758320.6877
 BOND   =      6013.5420  ANGLE   =     14116.3320  DIHED      =     12390.8764
 1-4 NB =      5796.4707  1-4 EEL =      7467.0658  VDWAALS    =     91676.6738
 EELEC  =   -907732.6329  EHBOND  =         0.0000  RESTRAINT  =     11165.0823
 EAMBER (non-restraint)  =   -769485.7700
 EKCMT  =     68405.5267  VIRIAL  =     30607.3196  VOLUME     =   1829438.9732
 CMAP   =       785.9021
                                                    Density    =         1.0599
 Ewald error estimate:   0.5016E-04
Current RMSD from reference:    1.926
Current target RMSD:            0.000
 ------------------------------------------------------------------------------


 NSTEP =      100   TIME(PS) =    2000.400  TEMP(K) =   422.37  PRESS =   972.7
 Etot   =   -600750.3468  EKtot   =    160508.3305  EPtot      =   -761258.6773
 BOND   =      6171.0832  ANGLE   =     14111.1346  DIHED      =     12463.5347
 1-4 NB =      5782.6717  1-4 EEL =      7224.4364  VDWAALS    =     90417.5617
 EELEC  =   -904923.6439  EHBOND  =         0.0000  RESTRAINT  =      6682.9125
 EAMBER (non-restraint)  =   -767941.5898
 EKCMT  =     68383.1093  VIRIAL  =     29891.7820  VOLUME     =   1832853.1076
 CMAP   =       811.6318
                                                    Density    =         1.0579
 Ewald error estimate:   0.2474E-04
Current RMSD from reference:    1.490
Current target RMSD:            0.000
 ------------------------------------------------------------------------------


 NSTEP =      110   TIME(PS) =    2000.440  TEMP(K) =   406.99  PRESS =  1258.7
 Etot   =   -607859.1888  EKtot   =    154664.1709  EPtot      =   -762523.3596
 BOND   =      6176.3935  ANGLE   =     14121.2140  DIHED      =     12459.6568
 1-4 NB =      5782.5530  1-4 EEL =      7355.0858  VDWAALS    =     89667.0253
 EELEC  =   -903334.7577  EHBOND  =         0.0000  RESTRAINT  =      4453.4513
 EAMBER (non-restraint)  =   -766976.8110
 EKCMT  =     67667.9427  VIRIAL  =     17763.5381  VOLUME     =   1836244.0494
 CMAP   =       796.0183
                                                    Density    =         1.0559
 Ewald error estimate:   0.5631E-04
Current RMSD from reference:    1.216
Current target RMSD:            0.000
 ------------------------------------------------------------------------------


 NSTEP =      120   TIME(PS) =    2000.480  TEMP(K) =   392.20  PRESS =  1523.6
 Etot   =   -613605.9928  EKtot   =    149041.5864  EPtot      =   -762647.5791
 BOND   =      6228.1323  ANGLE   =     14278.4920  DIHED      =     12393.2092
 1-4 NB =      5697.0868  1-4 EEL =      7363.3852  VDWAALS    =     88183.5172
 EELEC  =   -901329.3248  EHBOND  =         0.0000  RESTRAINT  =      3745.4933
 EAMBER (non-restraint)  =   -766393.0725
 EKCMT  =     66593.6584  VIRIAL  =      6049.4274  VOLUME     =   1840413.7051
 CMAP   =       792.4296
                                                    Density    =         1.0535
 Ewald error estimate:   0.8093E-04
Current RMSD from reference:    1.115
Current target RMSD:            0.000
 ------------------------------------------------------------------------------


 NSTEP =      130   TIME(PS) =    2000.520  TEMP(K) =   376.95  PRESS =  1276.6
 Etot   =   -618706.3086  EKtot   =    143248.7196  EPtot      =   -761955.0282
 BOND   =      6079.7750  ANGLE   =     14307.4506  DIHED      =     12450.3305
 1-4 NB =      5724.5222  1-4 EEL =      7261.1471  VDWAALS    =     86597.7552
 EELEC  =   -899129.9015  EHBOND  =         0.0000  RESTRAINT  =      3956.3212
 EAMBER (non-restraint)  =   -765911.3494
 EKCMT  =     64925.1491  VIRIAL  =     14082.8434  VOLUME     =   1844600.2149
 CMAP   =       797.5715
                                                    Density    =         1.0511
 Ewald error estimate:   0.1009E-04
Current RMSD from reference:    1.146
Current target RMSD:            0.000
 ------------------------------------------------------------------------------


 NSTEP =      140   TIME(PS) =    2000.560  TEMP(K) =   364.84  PRESS =  1021.1
 Etot   =   -623109.7761  EKtot   =    138646.3422  EPtot      =   -761756.1183
 BOND   =      6070.2028  ANGLE   =     14194.0918  DIHED      =     12410.9399
 1-4 NB =      5719.1261  1-4 EEL =      7285.6536  VDWAALS    =     85081.5905
 EELEC  =   -897857.2823  EHBOND  =         0.0000  RESTRAINT  =      4556.3033
 EAMBER (non-restraint)  =   -766312.4215
 EKCMT  =     63284.2592  VIRIAL  =     22528.5802  VOLUME     =   1848642.6331
 CMAP   =       783.2560
                                                    Density    =         1.0488
 Ewald error estimate:   0.4327E-04
Current RMSD from reference:    1.230
Current target RMSD:            0.000
 ------------------------------------------------------------------------------


 NSTEP =      150   TIME(PS) =    2000.600  TEMP(K) =   356.87  PRESS =  1044.7
 Etot   =   -626708.1177  EKtot   =    135616.9928  EPtot      =   -762325.1105
 BOND   =      6090.2347  ANGLE   =     14012.2925  DIHED      =     12382.4215
 1-4 NB =      5672.0360  1-4 EEL =      7450.5201  VDWAALS    =     84615.9176
 EELEC  =   -898500.9275  EHBOND  =         0.0000  RESTRAINT  =      5167.3034
 EAMBER (non-restraint)  =   -767492.4139
 EKCMT  =     61999.7121  VIRIAL  =     20231.3211  VOLUME     =   1851647.7719
 CMAP   =       785.0912
                                                    Density    =         1.0471
 Ewald error estimate:   0.5689E-04
Current RMSD from reference:    1.310
Current target RMSD:            0.000
 ------------------------------------------------------------------------------


 NSTEP =      160   TIME(PS) =    2000.640  TEMP(K) =   349.01  PRESS =  1031.3
 Etot   =   -629907.3591  EKtot   =    132630.4584  EPtot      =   -762537.8175
 BOND   =      6063.2837  ANGLE   =     13997.2255  DIHED      =     12345.2742
 1-4 NB =      5642.6386  1-4 EEL =      7356.1515  VDWAALS    =     83348.0632
 EELEC  =   -897654.6842  EHBOND  =         0.0000  RESTRAINT  =      5575.6001
 EAMBER (non-restraint)  =   -768113.4176
 EKCMT  =     60574.3670  VIRIAL  =     19262.4289  VOLUME     =   1855250.4495
 CMAP   =       788.6299
                                                    Density    =         1.0451
 Ewald error estimate:   0.1822E-04
Current RMSD from reference:    1.361
Current target RMSD:            0.000
 ------------------------------------------------------------------------------


 NSTEP =      170   TIME(PS) =    2000.680  TEMP(K) =   342.66  PRESS =   614.6
 Etot   =   -632477.3276  EKtot   =    130217.2102  EPtot      =   -762694.5378
 BOND   =      6112.9450  ANGLE   =     13905.7702  DIHED      =     12392.8402
 1-4 NB =      5615.4762  1-4 EEL =      7198.3116  VDWAALS    =     82418.9657
 EELEC  =   -896849.7758  EHBOND  =         0.0000  RESTRAINT  =      5724.5277
 EAMBER (non-restraint)  =   -768419.0655
 EKCMT  =     58919.2663  VIRIAL  =     34263.6424  VOLUME     =   1858003.5674
 CMAP   =       786.4014
                                                    Density    =         1.0436
 Ewald error estimate:   0.2424E-04
Current RMSD from reference:    1.379
Current target RMSD:            0.000
 ------------------------------------------------------------------------------


 NSTEP =      180   TIME(PS) =    2000.720  TEMP(K) =   338.26  PRESS =   714.7
 Etot   =   -635098.6654  EKtot   =    128542.9245  EPtot      =   -763641.5899
 BOND   =      5922.9537  ANGLE   =     13844.9394  DIHED      =     12354.1156
 1-4 NB =      5621.8358  1-4 EEL =      7328.3281  VDWAALS    =     81325.0072
 EELEC  =   -896430.3407  EHBOND  =         0.0000  RESTRAINT  =      5585.4479
 EAMBER (non-restraint)  =   -769227.0378
 EKCMT  =     57794.3098  VIRIAL  =     29087.6640  VOLUME     =   1860376.6702
 CMAP   =       806.1232
                                                    Density    =         1.0422
 Ewald error estimate:   0.2169E-04
Current RMSD from reference:    1.362
Current target RMSD:            0.000
 ------------------------------------------------------------------------------


 NSTEP =      190   TIME(PS) =    2000.760  TEMP(K) =   333.80  PRESS =   592.0
 Etot   =   -637365.5397  EKtot   =    126849.9028  EPtot      =   -764215.4425
 BOND   =      5956.1163  ANGLE   =     13695.2496  DIHED      =     12292.1158
 1-4 NB =      5603.7716  1-4 EEL =      7406.3162  VDWAALS    =     80947.7018
 EELEC  =   -896125.9239  EHBOND  =         0.0000  RESTRAINT  =      5210.8865
 EAMBER (non-restraint)  =   -769426.3290
 EKCMT  =     56429.6175  VIRIAL  =     32622.0603  VOLUME     =   1862625.2038
 CMAP   =       798.3236
                                                    Density    =         1.0410
 Ewald error estimate:   0.1686E-03
Current RMSD from reference:    1.316
Current target RMSD:            0.000
 ------------------------------------------------------------------------------


 NSTEP =      200   TIME(PS) =    2000.800  TEMP(K) =   332.52  PRESS =   421.1
 Etot   =   -639535.4354  EKtot   =    126362.6630  EPtot      =   -765898.0984
 BOND   =      5998.6847  ANGLE   =     13627.2931  DIHED      =     12222.3320
 1-4 NB =      5608.5619  1-4 EEL =      7442.7550  VDWAALS    =     80177.5658
 EELEC  =   -896428.8703  EHBOND  =         0.0000  RESTRAINT  =      4661.8778
 EAMBER (non-restraint)  =   -770559.9762
 EKCMT  =     55942.5950  VIRIAL  =     38989.1525  VOLUME     =   1864488.7639
 CMAP   =       791.7016
                                                    Density    =         1.0399
 Ewald error estimate:   0.1523E-03
Current RMSD from reference:    1.244
Current target RMSD:            0.000
 ------------------------------------------------------------------------------


 NSTEP =      210   TIME(PS) =    2000.840  TEMP(K) =   331.06  PRESS =   553.5
 Etot   =   -641555.6726  EKtot   =    125808.7118  EPtot      =   -767364.3844
 BOND   =      5891.8850  ANGLE   =     13642.8954  DIHED      =     12157.5628
 1-4 NB =      5540.6589  1-4 EEL =      7261.6651  VDWAALS    =     79943.7325
 EELEC  =   -896629.0267  EHBOND  =         0.0000  RESTRAINT  =      4026.1278
 EAMBER (non-restraint)  =   -771390.5122
 EKCMT  =     55297.6096  VIRIAL  =     32994.9384  VOLUME     =   1866091.7896
 CMAP   =       800.1148
                                                    Density    =         1.0390
 Ewald error estimate:   0.6659E-04
Current RMSD from reference:    1.156
Current target RMSD:            0.000
 ------------------------------------------------------------------------------


 NSTEP =      220   TIME(PS) =    2000.880  TEMP(K) =   328.99  PRESS =   325.6
 Etot   =   -643392.6142  EKtot   =    125022.7573  EPtot      =   -768415.3714
 BOND   =      5887.8617  ANGLE   =     13382.3620  DIHED      =     12199.5921
 1-4 NB =      5568.7631  1-4 EEL =      7280.7462  VDWAALS    =     79728.5333
 EELEC  =   -896633.4624  EHBOND  =         0.0000  RESTRAINT  =      3374.5284
 EAMBER (non-restraint)  =   -771789.8999
 EKCMT  =     54771.2961  VIRIAL  =     41645.3512  VOLUME     =   1867280.5381
 CMAP   =       795.7041
                                                    Density    =         1.0384
 Ewald error estimate:   0.2480E-05
Current RMSD from reference:    1.059
Current target RMSD:            0.000
 ------------------------------------------------------------------------------


 NSTEP =      230   TIME(PS) =    2000.920  TEMP(K) =   327.89  PRESS =   158.3
 Etot   =   -645157.8993  EKtot   =    124602.7266  EPtot      =   -769760.6259
 BOND   =      5717.9616  ANGLE   =     13562.3060  DIHED      =     12191.2760
 1-4 NB =      5544.3920  1-4 EEL =      7474.6659  VDWAALS    =     79286.1106
 EELEC  =   -897125.5623  EHBOND  =         0.0000  RESTRAINT  =      2789.4864
 EAMBER (non-restraint)  =   -772550.1123
 EKCMT  =     54514.9632  VIRIAL  =     48129.2249  VOLUME     =   1867834.5017
 CMAP   =       798.7377
                                                    Density    =         1.0381
 Ewald error estimate:   0.7761E-04
Current RMSD from reference:    0.963
Current target RMSD:            0.000
 ------------------------------------------------------------------------------


 NSTEP =      240   TIME(PS) =    2000.960  TEMP(K) =   326.85  PRESS =    86.7
 Etot   =   -646598.1251  EKtot   =    124206.7254  EPtot      =   -770804.8505
 BOND   =      5810.0844  ANGLE   =     13255.2104  DIHED      =     12130.5333
 1-4 NB =      5515.7517  1-4 EEL =      7497.0821  VDWAALS    =     79427.0982
 EELEC  =   -897539.2316  EHBOND  =         0.0000  RESTRAINT  =      2311.4693
 EAMBER (non-restraint)  =   -773116.3198
 EKCMT  =     54252.0082  VIRIAL  =     50753.2830  VOLUME     =   1868454.0788
 CMAP   =       787.1518
                                                    Density    =         1.0377
 Ewald error estimate:   0.1784E-03
Current RMSD from reference:    0.876
Current target RMSD:            0.000
 ------------------------------------------------------------------------------


 NSTEP =      250   TIME(PS) =    2001.000  TEMP(K) =   324.95  PRESS =   136.6
 Etot   =   -648395.6821  EKtot   =    123484.6945  EPtot      =   -771880.3765
 BOND   =      5717.1201  ANGLE   =     13125.7163  DIHED      =     12223.4828
 1-4 NB =      5473.6775  1-4 EEL =      7355.8074  VDWAALS    =     79160.0985
 EELEC  =   -897687.3266  EHBOND  =         0.0000  RESTRAINT  =      1960.6944
 EAMBER (non-restraint)  =   -773841.0710
 EKCMT  =     54021.0723  VIRIAL  =     48509.4660  VOLUME     =   1868762.5083
 CMAP   =       790.3529
                                                    Density    =         1.0376
 Ewald error estimate:   0.8120E-04
Current RMSD from reference:    0.807
Current target RMSD:            0.000
 ------------------------------------------------------------------------------


 NSTEP =      260   TIME(PS) =    2001.040  TEMP(K) =   323.22  PRESS =    13.4
 Etot   =   -649797.1820  EKtot   =    122827.3649  EPtot      =   -772624.5470
 BOND   =      5876.9390  ANGLE   =     13116.3004  DIHED      =     12073.9377
 1-4 NB =      5503.3250  1-4 EEL =      7536.7507  VDWAALS    =     79814.2692
 EELEC  =   -899046.7050  EHBOND  =         0.0000  RESTRAINT  =      1708.7034
 EAMBER (non-restraint)  =   -774333.2504
 EKCMT  =     53881.5853  VIRIAL  =     53340.1291  VOLUME     =   1869039.0179
 CMAP   =       791.9325
                                                    Density    =         1.0374
 Ewald error estimate:   0.1645E-04
Current RMSD from reference:    0.753
Current target RMSD:            0.000
 ------------------------------------------------------------------------------


 NSTEP =      270   TIME(PS) =    2001.080  TEMP(K) =   320.44  PRESS =   -49.2
 Etot   =   -650970.4530  EKtot   =    121773.1375  EPtot      =   -772743.5905
 BOND   =      5875.8582  ANGLE   =     13313.4849  DIHED      =     12109.2236
 1-4 NB =      5485.8904  1-4 EEL =      7327.4984  VDWAALS    =     79655.1345
 EELEC  =   -898855.0530  EHBOND  =         0.0000  RESTRAINT  =      1554.9963
 EAMBER (non-restraint)  =   -774298.5868
 EKCMT  =     53540.4651  VIRIAL  =     55524.0879  VOLUME     =   1868971.3862
 CMAP   =       789.3762
                                                    Density    =         1.0374
 Ewald error estimate:   0.5886E-04
Current RMSD from reference:    0.719
Current target RMSD:            0.000
 ------------------------------------------------------------------------------


 NSTEP =      280   TIME(PS) =    2001.120  TEMP(K) =   319.91  PRESS =   -67.7
 Etot   =   -652085.1756  EKtot   =    121569.4399  EPtot      =   -773654.6155
 BOND   =      5792.2341  ANGLE   =     13038.1490  DIHED      =     12049.0079
 1-4 NB =      5477.4982  1-4 EEL =      7413.8881  VDWAALS    =     79579.6500
 EELEC  =   -899279.6897  EHBOND  =         0.0000  RESTRAINT  =      1484.8853
 EAMBER (non-restraint)  =   -775139.5009
 EKCMT  =     53356.5490  VIRIAL  =     56089.6415  VOLUME     =   1868829.0616
 CMAP   =       789.7615
                                                    Density    =         1.0375
 Ewald error estimate:   0.2568E-05
Current RMSD from reference:    0.702
Current target RMSD:            0.000
 ------------------------------------------------------------------------------


 NSTEP =      290   TIME(PS) =    2001.160  TEMP(K) =   317.66  PRESS =   -29.4
 Etot   =   -653250.6518  EKtot   =    120715.9813  EPtot      =   -773966.6331
 BOND   =      5860.7662  ANGLE   =     12980.1033  DIHED      =     12030.5641
 1-4 NB =      5462.5295  1-4 EEL =      7422.8707  VDWAALS    =     80061.7750
 EELEC  =   -900050.5683  EHBOND  =         0.0000  RESTRAINT  =      1465.6893
 EAMBER (non-restraint)  =   -775432.3225
 EKCMT  =     52913.1965  VIRIAL  =     54100.7032  VOLUME     =   1868621.0397
 CMAP   =       799.6371
                                                    Density    =         1.0376
 Ewald error estimate:   0.2890E-04
Current RMSD from reference:    0.698
Current target RMSD:            0.000
 ------------------------------------------------------------------------------


 NSTEP =      300   TIME(PS) =    2001.200  TEMP(K) =   317.45  PRESS =  -131.7
 Etot   =   -654157.6203  EKtot   =    120634.8214  EPtot      =   -774792.4417
 BOND   =      5721.6888  ANGLE   =     12867.0898  DIHED      =     12096.5136
 1-4 NB =      5429.9346  1-4 EEL =      7338.2708  VDWAALS    =     80255.4743
 EELEC  =   -900757.8655  EHBOND  =         0.0000  RESTRAINT  =      1457.0879
 EAMBER (non-restraint)  =   -776249.5296
 EKCMT  =     53006.8904  VIRIAL  =     58320.9311  VOLUME     =   1868340.4544
 CMAP   =       799.3640
                                                    Density    =         1.0378
 Ewald error estimate:   0.2331E-04
Current RMSD from reference:    0.696
Current target RMSD:            0.000
 ------------------------------------------------------------------------------


 NSTEP =      310   TIME(PS) =    2001.240  TEMP(K) =   316.87  PRESS =   -42.4
 Etot   =   -655357.9773  EKtot   =    120417.2705  EPtot      =   -775775.2478
 BOND   =      5892.5148  ANGLE   =     12786.8107  DIHED      =     12014.7963
 1-4 NB =      5428.2654  1-4 EEL =      7285.6006  VDWAALS    =     80477.0791
 EELEC  =   -901890.4830  EHBOND  =         0.0000  RESTRAINT  =      1450.4365
 EAMBER (non-restraint)  =   -777225.6843
 EKCMT  =     52969.2339  VIRIAL  =     54680.6231  VOLUME     =   1868154.0629
 CMAP   =       779.7318
                                                    Density    =         1.0379
 Ewald error estimate:   0.8124E-04
Current RMSD from reference:    0.694
Current target RMSD:            0.000
 ------------------------------------------------------------------------------


 NSTEP =      320   TIME(PS) =    2001.280  TEMP(K) =   315.56  PRESS =   -91.7
 Etot   =   -656266.3763  EKtot   =    119919.2358  EPtot      =   -776185.6122
 BOND   =      5827.2570  ANGLE   =     12857.0667  DIHED      =     11935.9332
 1-4 NB =      5480.2424  1-4 EEL =      7471.4758  VDWAALS    =     80513.3543
 EELEC  =   -902484.3900  EHBOND  =         0.0000  RESTRAINT  =      1443.8008
 EAMBER (non-restraint)  =   -777629.4129
 EKCMT  =     52875.1550  VIRIAL  =     56571.3184  VOLUME     =   1867824.4738
 CMAP   =       769.6478
                                                    Density    =         1.0381
 Ewald error estimate:   0.7818E-04
Current RMSD from reference:    0.693
Current target RMSD:            0.000
 ------------------------------------------------------------------------------


 NSTEP =      330   TIME(PS) =    2001.320  TEMP(K) =   314.54  PRESS =  -137.3
 Etot   =   -657141.5369  EKtot   =    119530.6468  EPtot      =   -776672.1837
 BOND   =      5804.1252  ANGLE   =     12939.4358  DIHED      =     11883.5478
 1-4 NB =      5454.6679  1-4 EEL =      7370.9612  VDWAALS    =     80434.6007
 EELEC  =   -902770.0452  EHBOND  =         0.0000  RESTRAINT  =      1427.2576
 EAMBER (non-restraint)  =   -778099.4412
 EKCMT  =     52608.5917  VIRIAL  =     58143.6699  VOLUME     =   1867310.2358
 CMAP   =       783.2655
                                                    Density    =         1.0384
 Ewald error estimate:   0.1695E-03
Current RMSD from reference:    0.689
Current target RMSD:            0.000
 ------------------------------------------------------------------------------


 NSTEP =      340   TIME(PS) =    2001.360  TEMP(K) =   312.78  PRESS =  -132.2
 Etot   =   -657986.2069  EKtot   =    118861.9016  EPtot      =   -776848.1085
 BOND   =      5758.2380  ANGLE   =     12647.6992  DIHED      =     11949.6114
 1-4 NB =      5484.8451  1-4 EEL =      7419.9049  VDWAALS    =     80855.8169
 EELEC  =   -903151.1856  EHBOND  =         0.0000  RESTRAINT  =      1394.1099
 EAMBER (non-restraint)  =   -778242.2184
 EKCMT  =     52028.5190  VIRIAL  =     57357.7269  VOLUME     =   1866874.0572
 CMAP   =       792.8516
                                                    Density    =         1.0386
 Ewald error estimate:   0.7695E-04
Current RMSD from reference:    0.681
Current target RMSD:            0.000
 ------------------------------------------------------------------------------


 NSTEP =      350   TIME(PS) =    2001.400  TEMP(K) =   311.87  PRESS =   -13.1
 Etot   =   -658527.9465  EKtot   =    118514.5212  EPtot      =   -777042.4677
 BOND   =      5857.4202  ANGLE   =     12849.6230  DIHED      =     11938.8040
 1-4 NB =      5403.3520  1-4 EEL =      7339.5338  VDWAALS    =     81190.7032
 EELEC  =   -903750.5726  EHBOND  =         0.0000  RESTRAINT  =      1349.1269
 EAMBER (non-restraint)  =   -778391.5946
 EKCMT  =     52015.4367  VIRIAL  =     52542.9344  VOLUME     =   1866407.1882
 CMAP   =       779.5418
                                                    Density    =         1.0389
 Ewald error estimate:   0.1241E-03
Current RMSD from reference:    0.669
Current target RMSD:            0.000
 ------------------------------------------------------------------------------


 NSTEP =      360   TIME(PS) =    2001.440  TEMP(K) =   312.69  PRESS =   -24.1
 Etot   =   -659206.1125  EKtot   =    118827.1805  EPtot      =   -778033.2930
 BOND   =      5731.5015  ANGLE   =     12947.9987  DIHED      =     11902.5988
 1-4 NB =      5396.6782  1-4 EEL =      7433.0120  VDWAALS    =     81934.4266
 EELEC  =   -905454.3468  EHBOND  =         0.0000  RESTRAINT  =      1299.6233
 EAMBER (non-restraint)  =   -779332.9163
 EKCMT  =     52151.1995  VIRIAL  =     53123.8585  VOLUME     =   1866322.2083
 CMAP   =       775.2147
                                                    Density    =         1.0389
 Ewald error estimate:   0.5095E-04
Current RMSD from reference:    0.657
Current target RMSD:            0.000
 ------------------------------------------------------------------------------


 NSTEP =      370   TIME(PS) =    2001.480  TEMP(K) =   313.70  PRESS =  -170.6
 Etot   =   -659872.1372  EKtot   =    119211.8195  EPtot      =   -779083.9567
 BOND   =      5828.0610  ANGLE   =     12682.3127  DIHED      =     11873.0211
 1-4 NB =      5433.6403  1-4 EEL =      7431.2714  VDWAALS    =     81762.9246
 EELEC  =   -906098.7759  EHBOND  =         0.0000  RESTRAINT  =      1237.1045
 EAMBER (non-restraint)  =   -780321.0612
 EKCMT  =     52300.1669  VIRIAL  =     59171.6606  VOLUME     =   1865882.1857
 CMAP   =       766.4836
                                                    Density    =         1.0392
 Ewald error estimate:   0.1306E-04
Current RMSD from reference:    0.641
Current target RMSD:            0.000
 ------------------------------------------------------------------------------


 NSTEP =      380   TIME(PS) =    2001.520  TEMP(K) =   312.00  PRESS =   -91.9
 Etot   =   -660538.3968  EKtot   =    118566.3538  EPtot      =   -779104.7506
 BOND   =      5764.0130  ANGLE   =     12761.1857  DIHED      =     11926.2328
 1-4 NB =      5428.6863  1-4 EEL =      7344.7476  VDWAALS    =     81702.4475
 EELEC  =   -905975.5119  EHBOND  =         0.0000  RESTRAINT  =      1175.4463
 EAMBER (non-restraint)  =   -780280.1969
 EKCMT  =     51818.0836  VIRIAL  =     55519.7738  VOLUME     =   1865421.8738
 CMAP   =       768.0021
                                                    Density    =         1.0394
 Ewald error estimate:   0.4663E-04
Current RMSD from reference:    0.625
Current target RMSD:            0.000
 ------------------------------------------------------------------------------


 NSTEP =      390   TIME(PS) =    2001.560  TEMP(K) =   310.33  PRESS =  -202.1
 Etot   =   -661246.3027  EKtot   =    117930.4584  EPtot      =   -779176.7611
 BOND   =      5680.6423  ANGLE   =     12796.8016  DIHED      =     11973.3219
 1-4 NB =      5426.2884  1-4 EEL =      7121.6466  VDWAALS    =     81486.0181
 EELEC  =   -905537.5140  EHBOND  =         0.0000  RESTRAINT  =      1116.6100
 EAMBER (non-restraint)  =   -780293.3711
 EKCMT  =     51628.0889  VIRIAL  =     59764.5126  VOLUME     =   1864752.0027
 CMAP   =       759.4240
                                                    Density    =         1.0398
 Ewald error estimate:   0.1088E-04
Current RMSD from reference:    0.609
Current target RMSD:            0.000
 ------------------------------------------------------------------------------


 NSTEP =      400   TIME(PS) =    2001.600  TEMP(K) =   311.40  PRESS =   -45.6
 Etot   =   -661765.6700  EKtot   =    118335.4854  EPtot      =   -780101.1553
 BOND   =      5796.9695  ANGLE   =     12527.3894  DIHED      =     11928.7307
 1-4 NB =      5410.6962  1-4 EEL =      7320.7318  VDWAALS    =     81358.3947
 EELEC  =   -906266.4866  EHBOND  =         0.0000  RESTRAINT  =      1074.9335
 EAMBER (non-restraint)  =   -781176.0889
 EKCMT  =     51737.8490  VIRIAL  =     53573.4894  VOLUME     =   1864401.7210
 CMAP   =       747.4854
                                                    Density    =         1.0400
 Ewald error estimate:   0.2854E-04
Current RMSD from reference:    0.598
Current target RMSD:            0.000
 ------------------------------------------------------------------------------


 NSTEP =      410   TIME(PS) =    2001.640  TEMP(K) =   309.46  PRESS =    -0.5
 Etot   =   -662496.6037  EKtot   =    117599.9428  EPtot      =   -780096.5465
 BOND   =      5799.7280  ANGLE   =     12470.8098  DIHED      =     11929.8520
 1-4 NB =      5437.4284  1-4 EEL =      7399.0204  VDWAALS    =     82081.7171
 EELEC  =   -906997.2741  EHBOND  =         0.0000  RESTRAINT  =      1039.2541
 EAMBER (non-restraint)  =   -781135.8006
 EKCMT  =     51508.6643  VIRIAL  =     51530.3593  VOLUME     =   1864266.7911
 CMAP   =       742.9177
                                                    Density    =         1.0401
 Ewald error estimate:   0.1407E-04
Current RMSD from reference:    0.588
Current target RMSD:            0.000
 ------------------------------------------------------------------------------


 NSTEP =      420   TIME(PS) =    2001.680  TEMP(K) =   309.48  PRESS =  -185.5
 Etot   =   -663055.7573  EKtot   =    117606.7113  EPtot      =   -780662.4686
 BOND   =      5750.5832  ANGLE   =     12687.1974  DIHED      =     11906.1861
 1-4 NB =      5343.3377  1-4 EEL =      7163.6227  VDWAALS    =     82091.9043
 EELEC  =   -907378.2603  EHBOND  =         0.0000  RESTRAINT  =      1004.9207
 EAMBER (non-restraint)  =   -781667.3893
 EKCMT  =     51664.9666  VIRIAL  =     59130.9245  VOLUME     =   1863995.7357
 CMAP   =       768.0397
                                                    Density    =         1.0402
 Ewald error estimate:   0.2923E-04
Current RMSD from reference:    0.578
Current target RMSD:            0.000
 ------------------------------------------------------------------------------


 NSTEP =      430   TIME(PS) =    2001.720  TEMP(K) =   310.18  PRESS =    19.3
 Etot   =   -663647.8839  EKtot   =    117874.3601  EPtot      =   -781522.2440
 BOND   =      5666.9846  ANGLE   =     12501.3017  DIHED      =     11759.0066
 1-4 NB =      5389.8076  1-4 EEL =      7336.7146  VDWAALS    =     82105.5097
 EELEC  =   -908040.0822  EHBOND  =         0.0000  RESTRAINT  =       977.7423
 EAMBER (non-restraint)  =   -782499.9863
 EKCMT  =     51535.8939  VIRIAL  =     50759.7691  VOLUME     =   1863581.5672
 CMAP   =       780.7710
                                                    Density    =         1.0404
 Ewald error estimate:   0.1871E-04
Current RMSD from reference:    0.570
Current target RMSD:            0.000
 ------------------------------------------------------------------------------


 NSTEP =      440   TIME(PS) =    2001.760  TEMP(K) =   309.06  PRESS =  -201.9
 Etot   =   -664101.8879  EKtot   =    117445.8659  EPtot      =   -781547.7539
 BOND   =      5766.1172  ANGLE   =     12599.3775  DIHED      =     11779.0826
 1-4 NB =      5420.5787  1-4 EEL =      7214.2554  VDWAALS    =     82145.8978
 EELEC  =   -908209.1052  EHBOND  =         0.0000  RESTRAINT  =       969.3372
 EAMBER (non-restraint)  =   -782517.0911
 EKCMT  =     51622.9152  VIRIAL  =     59745.1129  VOLUME     =   1862958.3459
 CMAP   =       766.7049
                                                    Density    =         1.0408
 Ewald error estimate:   0.2346E-04
Current RMSD from reference:    0.567
Current target RMSD:            0.000
 ------------------------------------------------------------------------------


 NSTEP =      450   TIME(PS) =    2001.800  TEMP(K) =   308.70  PRESS =  -116.2
 Etot   =   -664790.8843  EKtot   =    117309.7133  EPtot      =   -782100.5977
 BOND   =      5715.0696  ANGLE   =     12532.0142  DIHED      =     11794.3105
 1-4 NB =      5411.9755  1-4 EEL =      7470.2637  VDWAALS    =     82184.9289
 EELEC  =   -908930.4146  EHBOND  =         0.0000  RESTRAINT  =       960.2394
 EAMBER (non-restraint)  =   -783060.8371
 EKCMT  =     51568.8067  VIRIAL  =     56242.6117  VOLUME     =   1862333.4858
 CMAP   =       761.0151
                                                    Density    =         1.0411
 Ewald error estimate:   0.5516E-04
Current RMSD from reference:    0.565
Current target RMSD:            0.000
 ------------------------------------------------------------------------------


 NSTEP =      460   TIME(PS) =    2001.840  TEMP(K) =   307.76  PRESS =   -53.2
 Etot   =   -665014.3248  EKtot   =    116952.1136  EPtot      =   -781966.4383
 BOND   =      5683.0382  ANGLE   =     12611.8656  DIHED      =     11730.3915
 1-4 NB =      5359.8225  1-4 EEL =      7289.5803  VDWAALS    =     81997.0908
 EELEC  =   -908358.5692  EHBOND  =         0.0000  RESTRAINT  =       949.5732
 EAMBER (non-restraint)  =   -782916.0116
 EKCMT  =     51367.7449  VIRIAL  =     53507.0339  VOLUME     =   1862186.7946
 CMAP   =       770.7688
                                                    Density    =         1.0412
 Ewald error estimate:   0.1555E-04
Current RMSD from reference:    0.562
Current target RMSD:            0.000
 ------------------------------------------------------------------------------


 NSTEP =      470   TIME(PS) =    2001.880  TEMP(K) =   307.26  PRESS =   -96.6
 Etot   =   -665589.3038  EKtot   =    116765.0440  EPtot      =   -782354.3477
 BOND   =      5756.4644  ANGLE   =     12607.3887  DIHED      =     11768.5838
 1-4 NB =      5392.0193  1-4 EEL =      7365.7539  VDWAALS    =     81619.2554
 EELEC  =   -908573.9620  EHBOND  =         0.0000  RESTRAINT  =       944.2223
 EAMBER (non-restraint)  =   -783298.5701
 EKCMT  =     51260.0581  VIRIAL  =     55142.7580  VOLUME     =   1862135.9498
 CMAP   =       765.9263
                                                    Density    =         1.0412
 Ewald error estimate:   0.3110E-04
Current RMSD from reference:    0.560
Current target RMSD:            0.000
 ------------------------------------------------------------------------------


 NSTEP =      480   TIME(PS) =    2001.920  TEMP(K) =   306.79  PRESS =   -74.6
 Etot   =   -665824.8268  EKtot   =    116586.1104  EPtot      =   -782410.9372
 BOND   =      5721.7921  ANGLE   =     12584.0427  DIHED      =     11757.0980
 1-4 NB =      5398.4826  1-4 EEL =      7349.5412  VDWAALS    =     81496.3022
 EELEC  =   -908423.4631  EHBOND  =         0.0000  RESTRAINT  =       938.5584
 EAMBER (non-restraint)  =   -783349.4955
 EKCMT  =     50975.2631  VIRIAL  =     53973.4169  VOLUME     =   1861884.4444
 CMAP   =       766.7088
                                                    Density    =         1.0414
 Ewald error estimate:   0.2667E-04
Current RMSD from reference:    0.558
Current target RMSD:            0.000
 ------------------------------------------------------------------------------


 NSTEP =      490   TIME(PS) =    2001.960  TEMP(K) =   306.55  PRESS =  -243.5
 Etot   =   -666525.9323  EKtot   =    116494.6174  EPtot      =   -783020.5497
 BOND   =      5772.9103  ANGLE   =     12465.7524  DIHED      =     11807.7183
 1-4 NB =      5414.8179  1-4 EEL =      7347.3563  VDWAALS    =     81134.3747
 EELEC  =   -908668.7654  EHBOND  =         0.0000  RESTRAINT  =       928.6692
 EAMBER (non-restraint)  =   -783949.2189
 EKCMT  =     51016.9275  VIRIAL  =     60802.8308  VOLUME     =   1861154.3934
 CMAP   =       776.6166
                                                    Density    =         1.0418
 Ewald error estimate:   0.3398E-04
Current RMSD from reference:    0.555
Current target RMSD:            0.000
 ------------------------------------------------------------------------------


 NSTEP =      500   TIME(PS) =    2002.000  TEMP(K) =   306.74  PRESS =  -154.8
 Etot   =   -666911.0761  EKtot   =    116567.8612  EPtot      =   -783478.9373
 BOND   =      5758.1844  ANGLE   =     12532.7828  DIHED      =     11769.2235
 1-4 NB =      5382.7099  1-4 EEL =      7447.9560  VDWAALS    =     81786.0672
 EELEC  =   -909844.9751  EHBOND  =         0.0000  RESTRAINT  =       912.2013
 EAMBER (non-restraint)  =   -784391.1386
 EKCMT  =     51171.9355  VIRIAL  =     57389.3534  VOLUME     =   1860678.1278
 CMAP   =       776.9126
                                                    Density    =         1.0421
 Ewald error estimate:   0.8602E-04
Current RMSD from reference:    0.550
Current target RMSD:            0.000
 ------------------------------------------------------------------------------


 NSTEP =      510   TIME(PS) =    2002.040  TEMP(K) =   306.33  PRESS =   -96.2
 Etot   =   -667157.5062  EKtot   =    116411.7931  EPtot      =   -783569.2994
 BOND   =      5768.0132  ANGLE   =     12612.7595  DIHED      =     11738.7484
 1-4 NB =      5362.4714  1-4 EEL =      7246.5520  VDWAALS    =     82388.6408
 EELEC  =   -910333.5989  EHBOND  =         0.0000  RESTRAINT  =       890.2208
 EAMBER (non-restraint)  =   -784459.5202
 EKCMT  =     51044.0609  VIRIAL  =     54907.7828  VOLUME     =   1860386.9786
 CMAP   =       756.8933
                                                    Density    =         1.0422
 Ewald error estimate:   0.2254E-04
Current RMSD from reference:    0.544
Current target RMSD:            0.000
 ------------------------------------------------------------------------------


 NSTEP =      520   TIME(PS) =    2002.080  TEMP(K) =   305.40  PRESS =  -175.6
 Etot   =   -667627.7720  EKtot   =    116056.2503  EPtot      =   -783684.0222
 BOND   =      5682.1319  ANGLE   =     12581.9060  DIHED      =     11828.1813
 1-4 NB =      5434.7410  1-4 EEL =      7235.1353  VDWAALS    =     82728.1155
 EELEC  =   -910786.6378  EHBOND  =         0.0000  RESTRAINT  =       883.1034
 EAMBER (non-restraint)  =   -784567.1257
 EKCMT  =     50817.2025  VIRIAL  =     57868.1385  VOLUME     =   1859937.3992
 CMAP   =       729.3011
                                                    Density    =         1.0425
 Ewald error estimate:   0.8568E-04
Current RMSD from reference:    0.542
Current target RMSD:            0.000
 ------------------------------------------------------------------------------


 NSTEP =      530   TIME(PS) =    2002.120  TEMP(K) =   304.33  PRESS =   116.5
 Etot   =   -668047.0333  EKtot   =    115648.2909  EPtot      =   -783695.3242
 BOND   =      5704.1225  ANGLE   =     12560.6462  DIHED      =     11767.0057
 1-4 NB =      5415.1512  1-4 EEL =      7388.8835  VDWAALS    =     82521.1085
 EELEC  =   -910682.9775  EHBOND  =         0.0000  RESTRAINT  =       880.8900
 EAMBER (non-restraint)  =   -784576.2142
 EKCMT  =     50703.2783  VIRIAL  =     46025.8138  VOLUME     =   1859866.9726
 CMAP   =       749.8457
                                                    Density    =         1.0425
 Ewald error estimate:   0.8659E-04
Current RMSD from reference:    0.541
Current target RMSD:            0.000
 ------------------------------------------------------------------------------


 NSTEP =      540   TIME(PS) =    2002.160  TEMP(K) =   304.88  PRESS =  -119.2
 Etot   =   -668243.3709  EKtot   =    115857.7935  EPtot      =   -784101.1644
 BOND   =      5652.2077  ANGLE   =     12553.2936  DIHED      =     11768.5611
 1-4 NB =      5404.4291  1-4 EEL =      7239.6377  VDWAALS    =     81858.7842
 EELEC  =   -910198.4944  EHBOND  =         0.0000  RESTRAINT  =       866.8704
 EAMBER (non-restraint)  =   -784968.0348
 EKCMT  =     50643.4109  VIRIAL  =     55430.7472  VOLUME     =   1859636.4176
 CMAP   =       753.5464
                                                    Density    =         1.0426
 Ewald error estimate:   0.1096E-03
Current RMSD from reference:    0.537
Current target RMSD:            0.000
 ------------------------------------------------------------------------------


 NSTEP =      550   TIME(PS) =    2002.200  TEMP(K) =   305.12  PRESS =   -58.7
 Etot   =   -668502.0059  EKtot   =    115951.9974  EPtot      =   -784454.0033
 BOND   =      5783.6909  ANGLE   =     12462.0252  DIHED      =     11774.5983
 1-4 NB =      5391.5823  1-4 EEL =      7364.0213  VDWAALS    =     81989.1066
 EELEC  =   -910856.4569  EHBOND  =         0.0000  RESTRAINT  =       858.3639
 EAMBER (non-restraint)  =   -785312.3672
 EKCMT  =     50579.2700  VIRIAL  =     52937.4176  VOLUME     =   1859319.5459
 CMAP   =       779.0651
                                                    Density    =         1.0428
 Ewald error estimate:   0.8295E-04
Current RMSD from reference:    0.534
Current target RMSD:            0.000
 ------------------------------------------------------------------------------


 NSTEP =      560   TIME(PS) =    2002.240  TEMP(K) =   303.66  PRESS =   -90.8
 Etot   =   -668868.2056  EKtot   =    115396.1878  EPtot      =   -784264.3934
 BOND   =      5864.8016  ANGLE   =     12473.2477  DIHED      =     11631.0032
 1-4 NB =      5416.6429  1-4 EEL =      7431.0637  VDWAALS    =     81798.6414
 EELEC  =   -910515.7781  EHBOND  =         0.0000  RESTRAINT  =       856.1573
 EAMBER (non-restraint)  =   -785120.5507
 EKCMT  =     50657.3115  VIRIAL  =     54303.5966  VOLUME     =   1859132.1382
 CMAP   =       779.8268
                                                    Density    =         1.0429
 Ewald error estimate:   0.7389E-04
Current RMSD from reference:    0.533
Current target RMSD:            0.000
 ------------------------------------------------------------------------------


 NSTEP =      570   TIME(PS) =    2002.280  TEMP(K) =   303.62  PRESS =  -183.7
 Etot   =   -669217.5778  EKtot   =    115378.5632  EPtot      =   -784596.1410
 BOND   =      5800.1747  ANGLE   =     12525.3875  DIHED      =     11705.9407
 1-4 NB =      5360.4873  1-4 EEL =      7397.6644  VDWAALS    =     81682.8803
 EELEC  =   -910704.5529  EHBOND  =         0.0000  RESTRAINT  =       849.2156
 EAMBER (non-restraint)  =   -785445.3566
 EKCMT  =     50624.6397  VIRIAL  =     57996.8553  VOLUME     =   1858569.8468
 CMAP   =       786.6614
                                                    Density    =         1.0432
 Ewald error estimate:   0.1154E-03
Current RMSD from reference:    0.531
Current target RMSD:            0.000
 ------------------------------------------------------------------------------


 NSTEP =      580   TIME(PS) =    2002.320  TEMP(K) =   303.30  PRESS =    62.5
 Etot   =   -669398.4277  EKtot   =    115260.4531  EPtot      =   -784658.8808
 BOND   =      5646.2873  ANGLE   =     12532.2370  DIHED      =     11693.6214
 1-4 NB =      5373.7145  1-4 EEL =      7264.1908  VDWAALS    =     81694.3215
 EELEC  =   -910487.6416  EHBOND  =         0.0000  RESTRAINT  =       840.5039
 EAMBER (non-restraint)  =   -785499.3847
 EKCMT  =     50601.7079  VIRIAL  =     48094.0810  VOLUME     =   1858260.3931
 CMAP   =       783.8844
                                                    Density    =         1.0434
 Ewald error estimate:   0.2690E-04
Current RMSD from reference:    0.528
Current target RMSD:            0.000
 ------------------------------------------------------------------------------


 NSTEP =      590   TIME(PS) =    2002.360  TEMP(K) =   304.63  PRESS =  -217.5
 Etot   =   -669798.5427  EKtot   =    115765.5993  EPtot      =   -785564.1421
 BOND   =      5713.5877  ANGLE   =     12447.7822  DIHED      =     11738.2618
 1-4 NB =      5363.8463  1-4 EEL =      7655.3440  VDWAALS    =     81054.2403
 EELEC  =   -911151.8254  EHBOND  =         0.0000  RESTRAINT  =       827.8272
 EAMBER (non-restraint)  =   -786391.9692
 EKCMT  =     50682.4071  VIRIAL  =     59409.7550  VOLUME     =   1858042.6272
 CMAP   =       786.7939
                                                    Density    =         1.0435
 Ewald error estimate:   0.5087E-04
Current RMSD from reference:    0.524
Current target RMSD:            0.000
 ------------------------------------------------------------------------------


 NSTEP =      600   TIME(PS) =    2002.400  TEMP(K) =   302.41  PRESS =     4.0
 Etot   =   -670163.7332  EKtot   =    114922.2410  EPtot      =   -785085.9743
 BOND   =      5796.2611  ANGLE   =     12661.4599  DIHED      =     11718.5808
 1-4 NB =      5400.2007  1-4 EEL =      7373.9303  VDWAALS    =     81558.0445
 EELEC  =   -911192.5034  EHBOND  =         0.0000  RESTRAINT  =       819.4771
 EAMBER (non-restraint)  =   -785905.4514
 EKCMT  =     50438.2491  VIRIAL  =     50276.6166  VOLUME     =   1857583.1175
 CMAP   =       778.5748
                                                    Density    =         1.0438
 Ewald error estimate:   0.1277E-03
Current RMSD from reference:    0.522
Current target RMSD:            0.000
 ------------------------------------------------------------------------------


 NSTEP =      610   TIME(PS) =    2002.440  TEMP(K) =   304.70  PRESS =   -15.4
 Etot   =   -670497.9081  EKtot   =    115792.6353  EPtot      =   -786290.5435
 BOND   =      5709.4122  ANGLE   =     12334.7105  DIHED      =     11725.1810
 1-4 NB =      5343.2564  1-4 EEL =      7429.2323  VDWAALS    =     82029.9358
 EELEC  =   -912450.1614  EHBOND  =         0.0000  RESTRAINT  =       813.4365
 EAMBER (non-restraint)  =   -787103.9799
 EKCMT  =     50808.5790  VIRIAL  =     51428.2204  VOLUME     =   1857604.9295
 CMAP   =       774.4533
                                                    Density    =         1.0438
 Ewald error estimate:   0.9235E-04
Current RMSD from reference:    0.520
Current target RMSD:            0.000
 ------------------------------------------------------------------------------


 NSTEP =      620   TIME(PS) =    2002.480  TEMP(K) =   304.67  PRESS =  -172.3
 Etot   =   -670848.4672  EKtot   =    115780.8116  EPtot      =   -786629.2789
 BOND   =      5635.2609  ANGLE   =     12340.3510  DIHED      =     11695.2051
 1-4 NB =      5417.2704  1-4 EEL =      7385.9380  VDWAALS    =     82385.4212
 EELEC  =   -913068.8313  EHBOND  =         0.0000  RESTRAINT  =       816.6295
 EAMBER (non-restraint)  =   -787445.9084
 EKCMT  =     50556.6690  VIRIAL  =     57467.5722  VOLUME     =   1857314.9803
 CMAP   =       763.4762
                                                    Density    =         1.0439
 Ewald error estimate:   0.3596E-04
Current RMSD from reference:    0.521
Current target RMSD:            0.000
 ------------------------------------------------------------------------------


 NSTEP =      630   TIME(PS) =    2002.520  TEMP(K) =   303.51  PRESS =  -156.7
 Etot   =   -671067.0410  EKtot   =    115338.3833  EPtot      =   -786405.4244
 BOND   =      5730.6285  ANGLE   =     12394.1675  DIHED      =     11696.5917
 1-4 NB =      5366.8173  1-4 EEL =      7484.0704  VDWAALS    =     82196.3754
 EELEC  =   -912869.8249  EHBOND  =         0.0000  RESTRAINT  =       824.7342
 EAMBER (non-restraint)  =   -787230.1586
 EKCMT  =     50607.9250  VIRIAL  =     56889.7694  VOLUME     =   1856936.4248
 CMAP   =       771.0154
                                                    Density    =         1.0442
 Ewald error estimate:   0.5901E-04
Current RMSD from reference:    0.523
Current target RMSD:            0.000
 ------------------------------------------------------------------------------


 NSTEP =      640   TIME(PS) =    2002.560  TEMP(K) =   302.25  PRESS =  -132.4
 Etot   =   -671104.8542  EKtot   =    114858.2440  EPtot      =   -785963.0982
 BOND   =      5770.2559  ANGLE   =     12430.7854  DIHED      =     11685.0989
 1-4 NB =      5421.8691  1-4 EEL =      7467.3525  VDWAALS    =     82135.7850
 EELEC  =   -912468.8129  EHBOND  =         0.0000  RESTRAINT  =       830.7935
 EAMBER (non-restraint)  =   -786793.8917
 EKCMT  =     50452.9526  VIRIAL  =     55761.8465  VOLUME     =   1856453.1136
 CMAP   =       763.7743
                                                    Density    =         1.0444
 Ewald error estimate:   0.6454E-04
Current RMSD from reference:    0.525
Current target RMSD:            0.000
 ------------------------------------------------------------------------------


 NSTEP =      650   TIME(PS) =    2002.600  TEMP(K) =   303.17  PRESS =  -250.0
 Etot   =   -671269.0614  EKtot   =    115209.5154  EPtot      =   -786478.5769
 BOND   =      5702.9046  ANGLE   =     12429.6144  DIHED      =     11677.5005
 1-4 NB =      5392.2420  1-4 EEL =      7335.8250  VDWAALS    =     82086.7380
 EELEC  =   -912709.9923  EHBOND  =         0.0000  RESTRAINT  =       834.9894
 EAMBER (non-restraint)  =   -787313.5663
 EKCMT  =     50547.7567  VIRIAL  =     60566.1607  VOLUME     =   1855960.7005
 CMAP   =       771.6017
                                                    Density    =         1.0447
 Ewald error estimate:   0.7404E-04
Current RMSD from reference:    0.527
Current target RMSD:            0.000
 ------------------------------------------------------------------------------


 NSTEP =      660   TIME(PS) =    2002.640  TEMP(K) =   303.41  PRESS =  -144.8
 Etot   =   -671411.1702  EKtot   =    115298.6926  EPtot      =   -786709.8628
 BOND   =      5735.5897  ANGLE   =     12520.2152  DIHED      =     11699.4872
 1-4 NB =      5371.4353  1-4 EEL =      7450.0090  VDWAALS    =     82440.7228
 EELEC  =   -913535.3565  EHBOND  =         0.0000  RESTRAINT  =       832.6050
 EAMBER (non-restraint)  =   -787542.4678
 EKCMT  =     50327.7296  VIRIAL  =     56126.3671  VOLUME     =   1854885.7224
 CMAP   =       775.4295
                                                    Density    =         1.0453
 Ewald error estimate:   0.2583E-04
Current RMSD from reference:    0.526
Current target RMSD:            0.000
 ------------------------------------------------------------------------------


 NSTEP =      670   TIME(PS) =    2002.680  TEMP(K) =   304.15  PRESS =   -43.2
 Etot   =   -671542.0790  EKtot   =    115579.8723  EPtot      =   -787121.9513
 BOND   =      5741.9203  ANGLE   =     12483.2637  DIHED      =     11769.9811
 1-4 NB =      5447.2490  1-4 EEL =      7192.9907  VDWAALS    =     82087.8162
 EELEC  =   -913442.1359  EHBOND  =         0.0000  RESTRAINT  =       820.1077
 EAMBER (non-restraint)  =   -787942.0590
 EKCMT  =     50670.7950  VIRIAL  =     52402.3005  VOLUME     =   1854571.7437
 CMAP   =       776.8559
                                                    Density    =         1.0455
 Ewald error estimate:   0.1009E-03
Current RMSD from reference:    0.522
Current target RMSD:            0.000
 ------------------------------------------------------------------------------


 NSTEP =      680   TIME(PS) =    2002.720  TEMP(K) =   302.83  PRESS =   -58.9
 Etot   =   -671614.9638  EKtot   =    115080.8960  EPtot      =   -786695.8597
 BOND   =      5682.3325  ANGLE   =     12484.9382  DIHED      =     11658.1022
 1-4 NB =      5414.7747  1-4 EEL =      7405.6616  VDWAALS    =     82893.7371
 EELEC  =   -913821.3184  EHBOND  =         0.0000  RESTRAINT  =       805.9996
 EAMBER (non-restraint)  =   -787501.8593
 EKCMT  =     50241.8945  VIRIAL  =     52602.2606  VOLUME     =   1854602.4511
 CMAP   =       779.9126
                                                    Density    =         1.0455
 Ewald error estimate:   0.1922E-04
Current RMSD from reference:    0.517
Current target RMSD:            0.000
 ------------------------------------------------------------------------------


 NSTEP =      690   TIME(PS) =    2002.760  TEMP(K) =   303.70  PRESS =  -184.0
 Etot   =   -671763.0073  EKtot   =    115409.4172  EPtot      =   -787172.4245
 BOND   =      5770.0605  ANGLE   =     12525.6197  DIHED      =     11665.7138
 1-4 NB =      5359.2124  1-4 EEL =      7341.5136  VDWAALS    =     82114.0275
 EELEC  =   -913532.1649  EHBOND  =         0.0000  RESTRAINT  =       803.0700
 EAMBER (non-restraint)  =   -787975.4945
 EKCMT  =     50766.5012  VIRIAL  =     58131.2273  VOLUME     =   1854291.7803
 CMAP   =       780.5228
                                                    Density    =         1.0456
 Ewald error estimate:   0.1250E-03
Current RMSD from reference:    0.516
Current target RMSD:            0.000
 ------------------------------------------------------------------------------


 NSTEP =      700   TIME(PS) =    2002.800  TEMP(K) =   303.36  PRESS =   101.9
 Etot   =   -672060.6163  EKtot   =    115283.0408  EPtot      =   -787343.6571
 BOND   =      5725.9901  ANGLE   =     12539.4930  DIHED      =     11643.3440
 1-4 NB =      5332.1677  1-4 EEL =      7380.5635  VDWAALS    =     82302.0555
 EELEC  =   -913838.4543  EHBOND  =         0.0000  RESTRAINT  =       807.2917
 EAMBER (non-restraint)  =   -788150.9488
 EKCMT  =     50553.2360  VIRIAL  =     46474.2233  VOLUME     =   1854039.2357
 CMAP   =       763.8917
                                                    Density    =         1.0458
 Ewald error estimate:   0.3813E-04
Current RMSD from reference:    0.518
Current target RMSD:            0.000
 ------------------------------------------------------------------------------


 NSTEP =      710   TIME(PS) =    2002.840  TEMP(K) =   303.93  PRESS =   -43.0
 Etot   =   -672358.8950  EKtot   =    115498.5264  EPtot      =   -787857.4214
 BOND   =      5674.5265  ANGLE   =     12314.2228  DIHED      =     11679.4994
 1-4 NB =      5382.4385  1-4 EEL =      7517.5568  VDWAALS    =     83016.5506
 EELEC  =   -915012.2664  EHBOND  =         0.0000  RESTRAINT  =       809.2358
 EAMBER (non-restraint)  =   -788666.6572
 EKCMT  =     50584.6503  VIRIAL  =     52307.3602  VOLUME     =   1854093.1297
 CMAP   =       760.8146
                                                    Density    =         1.0458
 Ewald error estimate:   0.1142E-03
Current RMSD from reference:    0.518
Current target RMSD:            0.000
 ------------------------------------------------------------------------------


 NSTEP =      720   TIME(PS) =    2002.880  TEMP(K) =   302.84  PRESS =   -99.2
 Etot   =   -672567.5980  EKtot   =    115083.0024  EPtot      =   -787650.6004
 BOND   =      5743.8921  ANGLE   =     12309.4365  DIHED      =     11616.3133
 1-4 NB =      5412.3513  1-4 EEL =      7341.8097  VDWAALS    =     82998.1489
 EELEC  =   -914664.6311  EHBOND  =         0.0000  RESTRAINT  =       808.4161
 EAMBER (non-restraint)  =   -788459.0165
 EKCMT  =     50312.8204  VIRIAL  =     54282.5733  VOLUME     =   1853769.0590
 CMAP   =       783.6629
                                                    Density    =         1.0459
 Ewald error estimate:   0.6632E-04
Current RMSD from reference:    0.518
Current target RMSD:            0.000
 ------------------------------------------------------------------------------


 NSTEP =      730   TIME(PS) =    2002.920  TEMP(K) =   302.87  PRESS =    20.9
 Etot   =   -672662.2782  EKtot   =    115096.2670  EPtot      =   -787758.5452
 BOND   =      5789.1867  ANGLE   =     12411.6912  DIHED      =     11627.7048
 1-4 NB =      5362.8429  1-4 EEL =      7229.4756  VDWAALS    =     82725.8595
 EELEC  =   -914496.8484  EHBOND  =         0.0000  RESTRAINT  =       800.9138
 EAMBER (non-restraint)  =   -788559.4590
 EKCMT  =     50163.9950  VIRIAL  =     49328.5682  VOLUME     =   1853633.8350
 CMAP   =       790.6287
                                                    Density    =         1.0460
 Ewald error estimate:   0.1071E-03
Current RMSD from reference:    0.516
Current target RMSD:            0.000
 ------------------------------------------------------------------------------


 NSTEP =      740   TIME(PS) =    2002.960  TEMP(K) =   302.19  PRESS =   -43.3
 Etot   =   -672851.3834  EKtot   =    114836.9895  EPtot      =   -787688.3730
 BOND   =      5736.5010  ANGLE   =     12404.8381  DIHED      =     11620.5091
 1-4 NB =      5349.3102  1-4 EEL =      7361.1505  VDWAALS    =     82921.8075
 EELEC  =   -914656.4500  EHBOND  =         0.0000  RESTRAINT  =       792.3957
 EAMBER (non-restraint)  =   -788480.7687
 EKCMT  =     50187.3697  VIRIAL  =     51920.1114  VOLUME     =   1853767.7125
 CMAP   =       781.5648
                                                    Density    =         1.0459
 Ewald error estimate:   0.8797E-04
Current RMSD from reference:    0.513
Current target RMSD:            0.000
 ------------------------------------------------------------------------------


 NSTEP =      750   TIME(PS) =    2003.000  TEMP(K) =   302.32  PRESS =   -40.6
 Etot   =   -673008.8660  EKtot   =    114888.1541  EPtot      =   -787897.0200
 BOND   =      5722.1318  ANGLE   =     12603.9090  DIHED      =     11649.2707
 1-4 NB =      5375.2832  1-4 EEL =      7157.9729  VDWAALS    =     83164.4507
 EELEC  =   -915137.9736  EHBOND  =         0.0000  RESTRAINT  =       791.8837
 EAMBER (non-restraint)  =   -788688.9038
 EKCMT  =     50414.6269  VIRIAL  =     52037.5394  VOLUME     =   1853406.4743
 CMAP   =       776.0515
                                                    Density    =         1.0461
 Ewald error estimate:   0.9866E-04
Current RMSD from reference:    0.513
Current target RMSD:            0.000
 ------------------------------------------------------------------------------


 NSTEP =      760   TIME(PS) =    2003.040  TEMP(K) =   302.19  PRESS =  -163.5
 Etot   =   -673157.8610  EKtot   =    114836.1549  EPtot      =   -787994.0159
 BOND   =      5697.4385  ANGLE   =     12519.7889  DIHED      =     11691.4344
 1-4 NB =      5356.5473  1-4 EEL =      7309.4442  VDWAALS    =     82799.3179
 EELEC  =   -914939.0245  EHBOND  =         0.0000  RESTRAINT  =       801.4515
 EAMBER (non-restraint)  =   -788795.4674
 EKCMT  =     50339.9628  VIRIAL  =     56880.5577  VOLUME     =   1852862.3746
 CMAP   =       769.5858
                                                    Density    =         1.0465
 Ewald error estimate:   0.6150E-04
Current RMSD from reference:    0.516
Current target RMSD:            0.000
 ------------------------------------------------------------------------------


 NSTEP =      770   TIME(PS) =    2003.080  TEMP(K) =   302.56  PRESS =   -48.1
 Etot   =   -673232.7932  EKtot   =    114978.5207  EPtot      =   -788211.3138
 BOND   =      5785.7064  ANGLE   =     12472.0668  DIHED      =     11742.2265
 1-4 NB =      5401.3920  1-4 EEL =      7397.0649  VDWAALS    =     82741.4483
 EELEC  =   -915325.0566  EHBOND  =         0.0000  RESTRAINT  =       813.0298
 EAMBER (non-restraint)  =   -789024.3436
 EKCMT  =     50279.0565  VIRIAL  =     52201.6561  VOLUME     =   1852686.4462
 CMAP   =       760.8081
                                                    Density    =         1.0466
 Ewald error estimate:   0.1112E-03
Current RMSD from reference:    0.520
Current target RMSD:            0.000
 ------------------------------------------------------------------------------


 NSTEP =      780   TIME(PS) =    2003.120  TEMP(K) =   302.64  PRESS =    17.0
 Etot   =   -673370.8791  EKtot   =    115008.1817  EPtot      =   -788379.0608
 BOND   =      5714.3871  ANGLE   =     12518.5035  DIHED      =     11716.1539
 1-4 NB =      5367.9635  1-4 EEL =      7370.3085  VDWAALS    =     82882.3366
 EELEC  =   -915525.5950  EHBOND  =         0.0000  RESTRAINT  =       817.5083
 EAMBER (non-restraint)  =   -789196.5691
 EKCMT  =     50542.3871  VIRIAL  =     49860.9950  VOLUME     =   1852540.1933
 CMAP   =       759.3727
                                                    Density    =         1.0466
 Ewald error estimate:   0.4817E-04
Current RMSD from reference:    0.521
Current target RMSD:            0.000
 ------------------------------------------------------------------------------


 NSTEP =      790   TIME(PS) =    2003.160  TEMP(K) =   302.33  PRESS =    38.8
 Etot   =   -673571.0938  EKtot   =    114889.2366  EPtot      =   -788460.3304
 BOND   =      5702.6773  ANGLE   =     12584.2399  DIHED      =     11732.1554
 1-4 NB =      5401.5789  1-4 EEL =      7279.4801  VDWAALS    =     83204.5497
 EELEC  =   -915943.2877  EHBOND  =         0.0000  RESTRAINT  =       815.0220
 EAMBER (non-restraint)  =   -789275.3524
 EKCMT  =     50060.0646  VIRIAL  =     48508.4289  VOLUME     =   1852522.8311
 CMAP   =       763.2540
                                                    Density    =         1.0466
 Ewald error estimate:   0.1583E-04
Current RMSD from reference:    0.520
Current target RMSD:            0.000
 ------------------------------------------------------------------------------


 NSTEP =      800   TIME(PS) =    2003.200  TEMP(K) =   303.01  PRESS =  -110.5
 Etot   =   -673585.7786  EKtot   =    115147.7088  EPtot      =   -788733.4873
 BOND   =      5781.6276  ANGLE   =     12470.1156  DIHED      =     11685.7622
 1-4 NB =      5348.7241  1-4 EEL =      7378.4199  VDWAALS    =     82554.2604
 EELEC  =   -915539.4507  EHBOND  =         0.0000  RESTRAINT  =       806.7775
 EAMBER (non-restraint)  =   -789540.2649
 EKCMT  =     50374.8835  VIRIAL  =     54795.5719  VOLUME     =   1852372.9067
 CMAP   =       780.2759
                                                    Density    =         1.0467
 Ewald error estimate:   0.1858E-04
Current RMSD from reference:    0.518
Current target RMSD:            0.000
 ------------------------------------------------------------------------------


 NSTEP =      810   TIME(PS) =    2003.240  TEMP(K) =   301.17  PRESS =   -84.5
 Etot   =   -673555.1183  EKtot   =    114448.6514  EPtot      =   -788003.7697
 BOND   =      5765.0647  ANGLE   =     12634.3840  DIHED      =     11655.1185
 1-4 NB =      5394.5360  1-4 EEL =      7391.3843  VDWAALS    =     82736.2686
 EELEC  =   -915161.6560  EHBOND  =         0.0000  RESTRAINT  =       800.8455
 EAMBER (non-restraint)  =   -788804.6152
 EKCMT  =     50059.0808  VIRIAL  =     53438.4276  VOLUME     =   1852058.7790
 CMAP   =       780.2847
                                                    Density    =         1.0469
 Ewald error estimate:   0.1041E-03
Current RMSD from reference:    0.516
Current target RMSD:            0.000
 ------------------------------------------------------------------------------


 NSTEP =      820   TIME(PS) =    2003.280  TEMP(K) =   302.04  PRESS =    17.2
 Etot   =   -673456.9742  EKtot   =    114778.1460  EPtot      =   -788235.1202
 BOND   =      5875.4479  ANGLE   =     12465.5977  DIHED      =     11624.0615
 1-4 NB =      5311.1959  1-4 EEL =      7412.2711  VDWAALS    =     82401.3312
 EELEC  =   -914881.4398  EHBOND  =         0.0000  RESTRAINT  =       793.1514
 EAMBER (non-restraint)  =   -789028.2715
 EKCMT  =     50200.2892  VIRIAL  =     49512.8754  VOLUME     =   1851862.7181
 CMAP   =       763.2631
                                                    Density    =         1.0470
 Ewald error estimate:   0.1161E-03
Current RMSD from reference:    0.513
Current target RMSD:            0.000
 ------------------------------------------------------------------------------


 NSTEP =      830   TIME(PS) =    2003.320  TEMP(K) =   301.60  PRESS =     4.5
 Etot   =   -673619.7447  EKtot   =    114611.3129  EPtot      =   -788231.0576
 BOND   =      5734.0938  ANGLE   =     12565.7649  DIHED      =     11640.5373
 1-4 NB =      5391.0597  1-4 EEL =      7209.9853  VDWAALS    =     82523.9088
 EELEC  =   -914848.8827  EHBOND  =         0.0000  RESTRAINT  =       782.9059
 EAMBER (non-restraint)  =   -789013.9635
 EKCMT  =     50230.9821  VIRIAL  =     50052.9443  VOLUME     =   1851769.5474
 CMAP   =       769.5695
                                                    Density    =         1.0471
 Ewald error estimate:   0.1371E-03
Current RMSD from reference:    0.510
Current target RMSD:            0.000
 ------------------------------------------------------------------------------


 NSTEP =      840   TIME(PS) =    2003.360  TEMP(K) =   302.96  PRESS =  -106.1
 Etot   =   -673637.2982  EKtot   =    115130.7449  EPtot      =   -788768.0431
 BOND   =      5624.9566  ANGLE   =     12420.1980  DIHED      =     11721.7305
 1-4 NB =      5412.9553  1-4 EEL =      7454.3814  VDWAALS    =     83294.2297
 EELEC  =   -916252.5159  EHBOND  =         0.0000  RESTRAINT  =       776.3917
 EAMBER (non-restraint)  =   -789544.4347
 EKCMT  =     50312.5834  VIRIAL  =     54553.4605  VOLUME     =   1851580.0108
 CMAP   =       779.6295
                                                    Density    =         1.0472
 Ewald error estimate:   0.8829E-05
Current RMSD from reference:    0.508
Current target RMSD:            0.000
 ------------------------------------------------------------------------------


 NSTEP =      850   TIME(PS) =    2003.400  TEMP(K) =   302.19  PRESS =   -79.2
 Etot   =   -673547.8381  EKtot   =    114837.8447  EPtot      =   -788385.6829
 BOND   =      5920.5158  ANGLE   =     12545.5893  DIHED      =     11671.2051
 1-4 NB =      5390.6582  1-4 EEL =      7175.5946  VDWAALS    =     83390.5850
 EELEC  =   -916047.6010  EHBOND  =         0.0000  RESTRAINT  =       776.9814
 EAMBER (non-restraint)  =   -789162.6643
 EKCMT  =     50360.7895  VIRIAL  =     53525.1205  VOLUME     =   1851252.4063
 CMAP   =       790.7886
                                                    Density    =         1.0474
 Ewald error estimate:   0.6860E-05
Current RMSD from reference:    0.508
Current target RMSD:            0.000
 ------------------------------------------------------------------------------


 NSTEP =      860   TIME(PS) =    2003.440  TEMP(K) =   302.11  PRESS =   -66.1
 Etot   =   -673885.3166  EKtot   =    114805.0656  EPtot      =   -788690.3822
 BOND   =      5757.8090  ANGLE   =     12460.6240  DIHED      =     11672.9442
 1-4 NB =      5376.5792  1-4 EEL =      7387.5682  VDWAALS    =     83595.3322
 EELEC  =   -916502.1404  EHBOND  =         0.0000  RESTRAINT  =       780.8149
 EAMBER (non-restraint)  =   -789471.1972
 EKCMT  =     50119.0937  VIRIAL  =     52760.2376  VOLUME     =   1851008.7730
 CMAP   =       780.0864
                                                    Density    =         1.0475
 Ewald error estimate:   0.1115E-04
Current RMSD from reference:    0.509
Current target RMSD:            0.000
 ------------------------------------------------------------------------------


 NSTEP =      870   TIME(PS) =    2003.480  TEMP(K) =   301.84  PRESS =   176.1
 Etot   =   -674069.1395  EKtot   =    114704.9997  EPtot      =   -788774.1392
 BOND   =      5751.3753  ANGLE   =     12440.4806  DIHED      =     11669.7502
 1-4 NB =      5449.1913  1-4 EEL =      7492.1272  VDWAALS    =     83719.2347
 EELEC  =   -916860.0218  EHBOND  =         0.0000  RESTRAINT  =       784.3724
 EAMBER (non-restraint)  =   -789558.5115
 EKCMT  =     50100.0546  VIRIAL  =     43059.8140  VOLUME     =   1851120.7233
 CMAP   =       779.3509
                                                    Density    =         1.0474
 Ewald error estimate:   0.7818E-05
Current RMSD from reference:    0.510
Current target RMSD:            0.000
 ------------------------------------------------------------------------------


 NSTEP =      880   TIME(PS) =    2003.520  TEMP(K) =   300.67  PRESS =   -13.1
 Etot   =   -674143.8985  EKtot   =    114259.1901  EPtot      =   -788403.0886
 BOND   =      5940.5143  ANGLE   =     12457.9876  DIHED      =     11690.4250
 1-4 NB =      5398.9628  1-4 EEL =      7206.2714  VDWAALS    =     83437.6981
 EELEC  =   -916088.5036  EHBOND  =         0.0000  RESTRAINT  =       789.6682
 EAMBER (non-restraint)  =   -789192.7568
 EKCMT  =     49877.6596  VIRIAL  =     50402.5320  VOLUME     =   1851601.0922
 CMAP   =       763.8876
                                                    Density    =         1.0472
 Ewald error estimate:   0.1324E-04
Current RMSD from reference:    0.512
Current target RMSD:            0.000
 ------------------------------------------------------------------------------


 NSTEP =      890   TIME(PS) =    2003.560  TEMP(K) =   302.23  PRESS =   123.1
 Etot   =   -674421.0732  EKtot   =    114853.3403  EPtot      =   -789274.4134
 BOND   =      5874.0553  ANGLE   =     12418.0732  DIHED      =     11621.5279
 1-4 NB =      5404.1657  1-4 EEL =      7310.1540  VDWAALS    =     83186.8570
 EELEC  =   -916659.6543  EHBOND  =         0.0000  RESTRAINT  =       797.9833
 EAMBER (non-restraint)  =   -790072.3967
 EKCMT  =     50257.7628  VIRIAL  =     45337.0045  VOLUME     =   1851392.1226
 CMAP   =       772.4245
                                                    Density    =         1.0473
 Ewald error estimate:   0.1121E-03
Current RMSD from reference:    0.515
Current target RMSD:            0.000
 ------------------------------------------------------------------------------


 NSTEP =      900   TIME(PS) =    2003.600  TEMP(K) =   301.97  PRESS =   -30.5
 Etot   =   -674364.9213  EKtot   =    114751.8006  EPtot      =   -789116.7219
 BOND   =      5778.4992  ANGLE   =     12483.7948  DIHED      =     11621.9623
 1-4 NB =      5407.6103  1-4 EEL =      7406.6654  VDWAALS    =     82609.7452
 EELEC  =   -916009.8203  EHBOND  =         0.0000  RESTRAINT  =       803.2469
 EAMBER (non-restraint)  =   -789919.9687
 EKCMT  =     50140.0570  VIRIAL  =     51358.8667  VOLUME     =   1851574.6639
 CMAP   =       781.5744
                                                    Density    =         1.0472
 Ewald error estimate:   0.7312E-04
Current RMSD from reference:    0.517
Current target RMSD:            0.000
 ------------------------------------------------------------------------------


 NSTEP =      910   TIME(PS) =    2003.640  TEMP(K) =   301.87  PRESS =   -82.1
 Etot   =   -674252.6050  EKtot   =    114714.0335  EPtot      =   -788966.6385
 BOND   =      5778.1436  ANGLE   =     12528.2555  DIHED      =     11638.5510
 1-4 NB =      5415.1154  1-4 EEL =      7441.2060  VDWAALS    =     82980.2701
 EELEC  =   -916323.9133  EHBOND  =         0.0000  RESTRAINT  =       803.7535
 EAMBER (non-restraint)  =   -789770.3920
 EKCMT  =     50085.3005  VIRIAL  =     53365.6917  VOLUME     =   1851257.9729
 CMAP   =       771.9798
                                                    Density    =         1.0474
 Ewald error estimate:   0.9034E-04
Current RMSD from reference:    0.517
Current target RMSD:            0.000
 ------------------------------------------------------------------------------


 NSTEP =      920   TIME(PS) =    2003.680  TEMP(K) =   301.23  PRESS =    23.8
 Etot   =   -674441.5984  EKtot   =    114470.9249  EPtot      =   -788912.5233
 BOND   =      5777.7580  ANGLE   =     12448.1465  DIHED      =     11678.6907
 1-4 NB =      5437.4196  1-4 EEL =      7340.4568  VDWAALS    =     83673.1900
 EELEC  =   -916829.0635  EHBOND  =         0.0000  RESTRAINT  =       801.1190
 EAMBER (non-restraint)  =   -789713.6423
 EKCMT  =     49973.7484  VIRIAL  =     49024.1822  VOLUME     =   1851251.6900
 CMAP   =       759.7597
                                                    Density    =         1.0474
 Ewald error estimate:   0.3897E-04
Current RMSD from reference:    0.516
Current target RMSD:            0.000
 ------------------------------------------------------------------------------


 NSTEP =      930   TIME(PS) =    2003.720  TEMP(K) =   302.16  PRESS =    49.7
 Etot   =   -674410.3250  EKtot   =    114825.4575  EPtot      =   -789235.7825
 BOND   =      5916.3634  ANGLE   =     12431.6544  DIHED      =     11658.3381
 1-4 NB =      5335.8162  1-4 EEL =      7419.0334  VDWAALS    =     83375.5832
 EELEC  =   -916937.5947  EHBOND  =         0.0000  RESTRAINT  =       798.2806
 EAMBER (non-restraint)  =   -790034.0631
 EKCMT  =     50344.5750  VIRIAL  =     48357.4997  VOLUME     =   1851498.0978
 CMAP   =       766.7430
                                                    Density    =         1.0472
 Ewald error estimate:   0.1084E-03
Current RMSD from reference:    0.515
Current target RMSD:            0.000
 ------------------------------------------------------------------------------


 NSTEP =      940   TIME(PS) =    2003.760  TEMP(K) =   301.68  PRESS =    83.9
 Etot   =   -674350.9237  EKtot   =    114642.2325  EPtot      =   -788993.1561
 BOND   =      5842.7079  ANGLE   =     12515.3273  DIHED      =     11696.2872
 1-4 NB =      5390.8891  1-4 EEL =      7293.6036  VDWAALS    =     84109.9425
 EELEC  =   -917407.8613  EHBOND  =         0.0000  RESTRAINT  =       796.7664
 EAMBER (non-restraint)  =   -789789.9225
 EKCMT  =     50090.0362  VIRIAL  =     46736.0651  VOLUME     =   1851624.1309
 CMAP   =       769.1811
                                                    Density    =         1.0472
 Ewald error estimate:   0.5504E-04
Current RMSD from reference:    0.514
Current target RMSD:            0.000
 ------------------------------------------------------------------------------


 NSTEP =      950   TIME(PS) =    2003.800  TEMP(K) =   301.42  PRESS =   128.6
 Etot   =   -674570.9761  EKtot   =    114545.3509  EPtot      =   -789116.3270
 BOND   =      5866.9669  ANGLE   =     12489.0859  DIHED      =     11684.3053
 1-4 NB =      5392.9836  1-4 EEL =      7240.5471  VDWAALS    =     83680.9544
 EELEC  =   -917030.7960  EHBOND  =         0.0000  RESTRAINT  =       789.6354
 EAMBER (non-restraint)  =   -789905.9624
 EKCMT  =     50239.8196  VIRIAL  =     45098.4900  VOLUME     =   1851819.4588
 CMAP   =       769.9905
                                                    Density    =         1.0470
 Ewald error estimate:   0.1022E-04
Current RMSD from reference:    0.512
Current target RMSD:            0.000
 ------------------------------------------------------------------------------


 NSTEP =      960   TIME(PS) =    2003.840  TEMP(K) =   300.99  PRESS =  -168.8
 Etot   =   -674661.7954  EKtot   =    114379.8773  EPtot      =   -789041.6727
 BOND   =      5748.4473  ANGLE   =     12494.8995  DIHED      =     11699.1014
 1-4 NB =      5326.5251  1-4 EEL =      7236.9773  VDWAALS    =     82935.0876
 EELEC  =   -916031.4732  EHBOND  =         0.0000  RESTRAINT  =       780.2980
 EAMBER (non-restraint)  =   -789821.9707
 EKCMT  =     50187.2850  VIRIAL  =     56936.7946  VOLUME     =   1851968.2683
 CMAP   =       768.4643
                                                    Density    =         1.0470
 Ewald error estimate:   0.2858E-04
Current RMSD from reference:    0.509
Current target RMSD:            0.000
 ------------------------------------------------------------------------------


 NSTEP =      970   TIME(PS) =    2003.880  TEMP(K) =   301.44  PRESS =   -80.9
 Etot   =   -674808.8016  EKtot   =    114551.7989  EPtot      =   -789360.6005
 BOND   =      5707.2872  ANGLE   =     12528.8461  DIHED      =     11632.7124
 1-4 NB =      5402.2571  1-4 EEL =      7247.6748  VDWAALS    =     83303.2853
 EELEC  =   -916711.9954  EHBOND  =         0.0000  RESTRAINT  =       767.6123
 EAMBER (non-restraint)  =   -790128.2129
 EKCMT  =     50051.9444  VIRIAL  =     53286.3487  VOLUME     =   1851578.9863
 CMAP   =       761.7196
                                                    Density    =         1.0472
 Ewald error estimate:   0.1866E-05
Current RMSD from reference:    0.505
Current target RMSD:            0.000
 ------------------------------------------------------------------------------


 NSTEP =      980   TIME(PS) =    2003.920  TEMP(K) =   301.42  PRESS =    58.8
 Etot   =   -675117.1144  EKtot   =    114545.1902  EPtot      =   -789662.3046
 BOND   =      5818.2688  ANGLE   =     12476.8740  DIHED      =     11599.7490
 1-4 NB =      5381.9140  1-4 EEL =      7341.6558  VDWAALS    =     83092.0977
 EELEC  =   -916897.1489  EHBOND  =         0.0000  RESTRAINT  =       766.1691
 EAMBER (non-restraint)  =   -790428.4737
 EKCMT  =     50083.7089  VIRIAL  =     47734.8975  VOLUME     =   1851375.4095
 CMAP   =       758.1160
                                                    Density    =         1.0473
 Ewald error estimate:   0.5095E-04
Current RMSD from reference:    0.504
Current target RMSD:            0.000
 ------------------------------------------------------------------------------


 NSTEP =      990   TIME(PS) =    2003.960  TEMP(K) =   301.12  PRESS =    -4.5
 Etot   =   -675044.9170  EKtot   =    114430.1987  EPtot      =   -789475.1157
 BOND   =      5837.2780  ANGLE   =     12458.4629  DIHED      =     11632.5357
 1-4 NB =      5399.8556  1-4 EEL =      7332.4094  VDWAALS    =     82835.7617
 EELEC  =   -916513.6400  EHBOND  =         0.0000  RESTRAINT  =       774.0517
 EAMBER (non-restraint)  =   -790249.1674
 EKCMT  =     50257.4241  VIRIAL  =     50438.1067  VOLUME     =   1851428.4868
 CMAP   =       768.1693
                                                    Density    =         1.0473
 Ewald error estimate:   0.5657E-04
Current RMSD from reference:    0.507
Current target RMSD:            0.000
 ------------------------------------------------------------------------------


 NSTEP =     1000   TIME(PS) =    2004.000  TEMP(K) =   302.24  PRESS =  -170.0
 Etot   =   -675170.4204  EKtot   =    114855.3716  EPtot      =   -790025.7920
 BOND   =      5863.7783  ANGLE   =     12335.6669  DIHED      =     11589.2766
 1-4 NB =      5348.7152  1-4 EEL =      7408.9111  VDWAALS    =     82730.7736
 EELEC  =   -916852.1429  EHBOND  =         0.0000  RESTRAINT  =       779.1044
 EAMBER (non-restraint)  =   -790804.8963
 EKCMT  =     50365.1491  VIRIAL  =     57161.5852  VOLUME     =   1851204.3851
 CMAP   =       770.1249
                                                    Density    =         1.0474
 Ewald error estimate:   0.2430E-04
Current RMSD from reference:    0.509
Current target RMSD:            0.000
 ------------------------------------------------------------------------------


      A V E R A G E S   O V E R    1000 S T E P S


 NSTEP =     1000   TIME(PS) =    2004.000  TEMP(K) =   322.41  PRESS =    25.3
 Etot   =   -652017.9531  EKtot   =    122518.9432  EPtot      =   -774536.8963
 BOND   =      5822.4702  ANGLE   =     12831.2262  DIHED      =     11856.6081
 1-4 NB =      5459.3420  1-4 EEL =      7355.4058  VDWAALS    =     83084.1218
 EELEC  =   -909745.6910  EHBOND  =         0.0000  RESTRAINT  =      8025.1203
 EAMBER (non-restraint)  =   -782562.0167
 EKCMT  =     53147.5988  VIRIAL  =     52137.8394  VOLUME     =   1855104.9053
 CMAP   =       774.5003
                                                    Density    =         1.0452
 Ewald error estimate:   0.5720E-04
Current RMSD from reference:    0.509
Current target RMSD:            0.000
 ------------------------------------------------------------------------------


      R M S  F L U C T U A T I O N S


 NSTEP =     1000   TIME(PS) =    2004.000  TEMP(K) =    36.27  PRESS =   442.5
 Etot   =     33814.4179  EKtot   =     13781.4658  EPtot      =     24238.2306
 BOND   =       124.1644  ANGLE   =       535.9762  DIHED      =       269.6015
 1-4 NB =       127.5099  1-4 EEL =        93.0932  VDWAALS    =      2990.4318
 EELEC  =      7207.5905  EHBOND  =         0.0000  RESTRAINT  =     24293.9385
 EAMBER (non-restraint)  =       -55.7079
 EKCMT  =      4857.1498  VIRIAL  =     15003.0208  VOLUME     =     10511.3432
 CMAP   =        14.3796
                                                    Density    =         0.0060
 Ewald error estimate:   0.4275E-04
Current RMSD from reference:    0.509
Current target RMSD:            0.000
 ------------------------------------------------------------------------------


--------------------------------------------------------------------------------
   5.  TIMINGS
--------------------------------------------------------------------------------

|                Build the list           605.05 (99.87% of List )
|                Other                      0.80 ( 0.13% of List )
|             List time                605.86 (20.28% of Nonbo)
|                   Short_ene time          2146.72 (99.45% of Direc)
|                   Other                     11.94 ( 0.55% of Direc)
|                Direct Ewald time       2158.66 (90.65% of Ewald)
|                Adjust Ewald time         15.17 ( 0.64% of Ewald)
|                   Fill Bspline coeffs        9.49 ( 4.79% of Recip)
|                   Fill charge grid          37.55 (18.97% of Recip)
|                   Scalar sum                29.22 (14.76% of Recip)
|                   Grad sum                  68.31 (34.50% of Recip)
|                   FFT time                  53.42 (26.98% of Recip)
|                Recip Ewald time         197.99 ( 8.31% of Ewald)
|                Force Adjust               0.29 ( 0.01% of Ewald)
|                Virial junk                0.73 ( 0.03% of Ewald)
|                Other                      8.58 ( 0.36% of Ewald)
|             Ewald time              2381.43 (79.72% of Nonbo)
|          Nonbond force           2987.28 (99.40% of Force)
|          Bond/Angle/Dihedral       16.40 ( 0.55% of Force)
|          Other                      1.77 ( 0.06% of Force)
|       Force time              3005.45 (96.87% of Runmd)
|       Shake time                 7.57 ( 0.24% of Runmd)
|       Verlet update time        88.00 ( 2.84% of Runmd)
|       Ekcmr time                 0.82 ( 0.03% of Runmd)
|       Other                      0.78 ( 0.03% of Runmd)
|    Runmd Time              3102.63 (100.0% of Total)
|    Other                      1.66 ( 0.05% of Total)
| Total time              3104.31 (100.0% of ALL  )

| Number of list builds   :        247

| Highest rstack allocated:   10810492
| Highest istack allocated:     239190

| Final Performance Info:
| -----------------------------------------------------
| Average timings for all steps:
|     Elapsed(s) =    3102.63 Per Step(ms) =    3102.63
|         ns/day =       0.11   seconds/ns =  775658.24
| -----------------------------------------------------

|           Job began  at 16:56:53.468  on 11/17/2022
|           Setup done at 16:56:55.149  on 11/17/2022
|           Run   done at 17:48:37.781  on 11/17/2022
|     wallclock() was called   46607 times

|3D-RISM memory allocation summary
|Type          Maximum        Current   
|Integer       0.00000 GB     0.00000 GB
|Real          0.00000 GB     0.00000 GB
|Logical       0.00000 GB     0.00000 GB
|Character     0.00000 GB     0.00000 GB
|---------------------------------------
|Total         0.00000 GB     0.00000 GB
